#
# A fatal error has been detected by the Java Runtime Environment:
#
#  SIGSEGV (0xb) at pc=0x00007f6cd1528487, pid=45665, tid=45689
#
# JRE version: Java(TM) SE Runtime Environment (9.0+11) (build 9.0.1+11)
# Java VM: Java HotSpot(TM) 64-Bit Server VM (9.0.1+11, mixed mode, tiered, compressed oops, g1 gc, linux-amd64)
# Problematic frame:
# V  [libjvm.so+0x7a6487]  GenerateOopMap::mark_bbheaders_and_count_gc_points()+0x487
#
# Core dump will be written. Default location: Core dumps may be processed with "/usr/share/apport/apport %p %s %c %d %P" (or dumping to /home/lsclike/IdeaProjects/Algorithm/core.45665)
#
# If you would like to submit a bug report, please visit:
#   http://bugreport.java.com/bugreport/crash.jsp
#

---------------  S U M M A R Y ------------

Command Line: -agentlib:jdwp=transport=dt_socket,address=127.0.0.1:38523,suspend=y,server=n -Dfile.encoding=UTF-8 com.Al.questions.chapter1.Inprefixtopostfix

Host: Intel(R) Core(TM) i5-7200U CPU @ 2.50GHz, 4 cores, 7G, Ubuntu 16.04.3 LTS
Time: Sat Jan 27 12:07:28 2018 AEDT elapsed time: 312 seconds (0d 0h 5m 12s)

---------------  T H R E A D  ---------------

Current thread (0x00007f6ccc133800):  VMThread "VM Thread" [stack: 0x00007f6c843c9000,0x00007f6c844c9000] [id=45689]

Stack: [0x00007f6c843c9000,0x00007f6c844c9000],  sp=0x00007f6c844c76b0,  free space=1017k
Native frames: (J=compiled Java code, A=aot compiled Java code, j=interpreted, Vv=VM code, C=native code)
V  [libjvm.so+0x7a6487]  GenerateOopMap::mark_bbheaders_and_count_gc_points()+0x487
V  [libjvm.so+0x7b03fc]  GenerateOopMap::compute_map(Thread*)+0x25c
V  [libjvm.so+0xb5a267]  OopMapForCacheEntry::compute_map(Thread*)+0x67
V  [libjvm.so+0xb5aedc]  OopMapCacheEntry::fill(methodHandle, int)+0x12c
V  [libjvm.so+0xb5b722]  OopMapCache::compute_one_oop_map(methodHandle const&, int, InterpreterOopMap*)+0x102
V  [libjvm.so+0xb5ba36]  OopMapCache::lookup(methodHandle const&, int, InterpreterOopMap*) const+0x216
V  [libjvm.so+0xafb264]  Method::mask_for(int, InterpreterOopMap*)+0x74
V  [libjvm.so+0x9a57ed]  VM_GetOrSetLocal::doit()+0x4d
V  [libjvm.so+0xd5d019]  VM_Operation::evaluate()+0x59
V  [libjvm.so+0xd5ad63]  VMThread::evaluate_operation(VM_Operation*)+0xc3
V  [libjvm.so+0xd5b2d0]  VMThread::loop()+0x210
V  [libjvm.so+0xd5b7e2]  VMThread::run()+0x72
V  [libjvm.so+0xb6de12]  thread_native_entry(Thread*)+0xf2


siginfo: si_signo: 11 (SIGSEGV), si_code: 128 (SI_KERNEL), si_addr: 0x0000000000000000

Register to memory mapping:

RAX=0x00007f6ccc0cff10 is an unknown value
RBX=0x0000000000000066 is an unknown value
RCX=
[error occurred during error reporting (printing register info), id 0xb]

Registers:
RAX=0x00007f6ccc0cff10, RBX=0x0000000000000066, RCX=0x00000000ffffca72, RDX=0x03ffffffffffff29
RSP=0x00007f6c844c76b0, RBP=0x00007f6c844c7750, RSI=0xffffffffffffca72, RDI=0x0004000000000000
R8 =0x0000000000000001, R9 =0x0000000000000018, R10=0x00007f6c844c7bf0, R11=0x001f1e7d83e8ba27
R12=0x0000000000000066, R13=0x00007f6c8493f526, R14=0x00007f6c844c7900, R15=0x0000000000000099
RIP=0x00007f6cd1528487, EFLAGS=0x0000000000010a03, CSGSFS=0x002b000000000033, ERR=0x0000000000000000
  TRAPNO=0x000000000000000d

Top of Stack: (sp=0x00007f6c844c76b0)
0x00007f6c844c76b0:   00007f6c844c7918 00000000000000ca
0x00007f6c844c76c0:   00007f6c8493f4f4 00007f6c844c76e0
0x00007f6c844c76d0:   00007f6c844c7970 00007f6c844c76f0
0x00007f6c844c76e0:   0000000000000000 00007f6ccc0cfe60 

Instructions: (pc=0x00007f6cd1528487)
0x00007f6cd1528467:   01 bf 01 00 00 00 66 c1 c8 08 98 42 8d 0c 20 49
0x00007f6cd1528477:   8b 46 70 48 63 f1 48 d3 e7 48 89 f2 48 c1 ea 06
0x00007f6cd1528487:   48 85 3c d0 75 17 48 8b 7d 80 ba 01 00 00 00 e8
0x00007f6cd1528497:   85 b1 cc ff 41 83 46 6c 01 49 8b 46 70 41 8d 4c 

VM_Operation (0x00007f6c6f1f5a70): GetOrSetLocal, mode: safepoint, requested by thread 0x00007f6ccc23b000


---------------  P R O C E S S  ---------------

Java Threads: ( => current thread )
  0x00007f6ccc240800 JavaThread "Service Thread" daemon [_thread_blocked, id=45712, stack(0x00007f6c6edf3000,0x00007f6c6eef4000)]
  0x00007f6c54001000 JavaThread "JDWP Command Reader" daemon [_thread_in_native, id=45709, stack(0x00007f6c6eef4000,0x00007f6c6eff5000)]
  0x00007f6ccc23f000 JavaThread "JDWP Event Helper Thread" daemon [_thread_blocked, id=45708, stack(0x00007f6c6eff5000,0x00007f6c6f0f6000)]
  0x00007f6ccc23b000 JavaThread "JDWP Transport Listener: dt_socket" daemon [_thread_blocked, id=45705, stack(0x00007f6c6f0f6000,0x00007f6c6f1f7000)]
  0x00007f6ccc175000 JavaThread "Common-Cleaner" daemon [_thread_blocked, id=45704, stack(0x00007f6c6f3fb000,0x00007f6c6f4fc000)]
  0x00007f6ccc168800 JavaThread "Sweeper thread" daemon [_thread_blocked, id=45702, stack(0x00007f6c6f924000,0x00007f6c6fa25000)]
  0x00007f6ccc166800 JavaThread "C1 CompilerThread2" daemon [_thread_blocked, id=45701, stack(0x00007f6c6fa25000,0x00007f6c6fb26000)]
  0x00007f6ccc164800 JavaThread "C2 CompilerThread1" daemon [_thread_blocked, id=45700, stack(0x00007f6c6fb26000,0x00007f6c6fc27000)]
  0x00007f6ccc162800 JavaThread "C2 CompilerThread0" daemon [_thread_blocked, id=45699, stack(0x00007f6c6fc27000,0x00007f6c6fd28000)]
  0x00007f6ccc160800 JavaThread "Signal Dispatcher" daemon [_thread_blocked, id=45698, stack(0x00007f6c840c5000,0x00007f6c841c6000)]
  0x00007f6ccc145800 JavaThread "Finalizer" daemon [_thread_blocked, id=45692, stack(0x00007f6c841c6000,0x00007f6c842c7000)]
  0x00007f6ccc13d800 JavaThread "Reference Handler" daemon [_thread_blocked, id=45691, stack(0x00007f6c842c7000,0x00007f6c843c8000)]
  0x00007f6ccc013800 JavaThread "main" [_thread_blocked, id=45674, stack(0x00007f6cd2e24000,0x00007f6cd2f24000)]

Other Threads:
=>0x00007f6ccc133800 VMThread "VM Thread" [stack: 0x00007f6c843c9000,0x00007f6c844c9000] [id=45689]
  0x00007f6ccc243800 WatcherThread [stack: 0x00007f6c6ecf3000,0x00007f6c6edf3000] [id=45713]
  0x00007f6ccc02a800 GCTaskThread "GC Thread#0" [stack: 0x00007f6cb0dc9000,0x00007f6cb0ec9000] [id=45675]
  0x00007f6ccc02c000 GCTaskThread "GC Thread#1" [stack: 0x00007f6cb0cc8000,0x00007f6cb0dc8000] [id=45676]
  0x00007f6ccc02d800 GCTaskThread "GC Thread#2" [stack: 0x00007f6cb0bc7000,0x00007f6cb0cc7000] [id=45677]
  0x00007f6ccc02f800 GCTaskThread "GC Thread#3" [stack: 0x00007f6cb0ac6000,0x00007f6cb0bc6000] [id=45678]
  0x00007f6ccc05e000 ConcurrentGCThread "G1 Main Marker" [stack: 0x00007f6cb00bc000,0x00007f6cb01bc000] [id=45686]
  0x00007f6ccc060000 ConcurrentGCThread "G1 Marker#0" [stack: 0x00007f6c87144000,0x00007f6c87244000] [id=45688]
  0x00007f6ccc037000 ConcurrentGCThread "G1 Refine#0" [stack: 0x00007f6cb02be000,0x00007f6cb03be000] [id=45683]
  0x00007f6ccc035000 ConcurrentGCThread "G1 Refine#1" [stack: 0x00007f6cb03bf000,0x00007f6cb04bf000] [id=45682]
  0x00007f6ccc033000 ConcurrentGCThread "G1 Refine#2" [stack: 0x00007f6cb04c0000,0x00007f6cb05c0000] [id=45680]
  0x00007f6ccc031800 ConcurrentGCThread "G1 Refine#3" [stack: 0x00007f6cb05c1000,0x00007f6cb06c1000] [id=45679]
  0x00007f6ccc038800 ConcurrentGCThread "G1 Young RemSet Sampling" [stack: 0x00007f6cb01bd000,0x00007f6cb02bd000] [id=45685]

Threads with active compile tasks:

VM state:at safepoint (normal execution)

VM Mutex/Monitor currently owned by a thread:  ([mutex/lock_event])
[0x00007f6ccc00f640] Threads_lock - owner thread: 0x00007f6ccc133800

Heap address: 0x0000000083a00000, size: 1990 MB, Compressed Oops mode: 32-bit
Narrow klass base: 0x0000000000000000, Narrow klass shift: 3
Compressed class space size: 1073741824 Address: 0x0000000100000000

Heap:
 garbage-first heap   total 129024K, used 1024K [0x0000000083a00000, 0x0000000083b003f0, 0x0000000100000000)
  region size 1024K, 2 young (2048K), 0 survivors (0K)
 Metaspace       used 4837K, capacity 4940K, committed 5120K, reserved 1056768K
  class space    used 411K, capacity 428K, committed 512K, reserved 1048576K
Heap Regions: E=young(eden), S=young(survivor), O=old, HS=humongous(starts), HC=humongous(continues), CS=collection set, F=free, A=archive, TS=gc time stamp, AC=allocation context, TAMS=top-at-mark-start (previous, next)
|   0|0x0000000083a00000, 0x0000000083a00000, 0x0000000083b00000|  0%| F|  |TS  0|AC  0|TAMS 0x0000000083a00000, 0x0000000083a00000|
|   1|0x0000000083b00000, 0x0000000083b00000, 0x0000000083c00000|  0%| F|  |TS  0|AC  0|TAMS 0x0000000083b00000, 0x0000000083b00000|
|   2|0x0000000083c00000, 0x0000000083c00000, 0x0000000083d00000|  0%| F|  |TS  0|AC  0|TAMS 0x0000000083c00000, 0x0000000083c00000|
|   3|0x0000000083d00000, 0x0000000083d00000, 0x0000000083e00000|  0%| F|  |TS  0|AC  0|TAMS 0x0000000083d00000, 0x0000000083d00000|
|   4|0x0000000083e00000, 0x0000000083e00000, 0x0000000083f00000|  0%| F|  |TS  0|AC  0|TAMS 0x0000000083e00000, 0x0000000083e00000|
|   5|0x0000000083f00000, 0x0000000083f00000, 0x0000000084000000|  0%| F|  |TS  0|AC  0|TAMS 0x0000000083f00000, 0x0000000083f00000|
|   6|0x0000000084000000, 0x0000000084000000, 0x0000000084100000|  0%| F|  |TS  0|AC  0|TAMS 0x0000000084000000, 0x0000000084000000|
|   7|0x0000000084100000, 0x0000000084100000, 0x0000000084200000|  0%| F|  |TS  0|AC  0|TAMS 0x0000000084100000, 0x0000000084100000|
|   8|0x0000000084200000, 0x0000000084200000, 0x0000000084300000|  0%| F|  |TS  0|AC  0|TAMS 0x0000000084200000, 0x0000000084200000|
|   9|0x0000000084300000, 0x0000000084300000, 0x0000000084400000|  0%| F|  |TS  0|AC  0|TAMS 0x0000000084300000, 0x0000000084300000|
|  10|0x0000000084400000, 0x0000000084400000, 0x0000000084500000|  0%| F|  |TS  0|AC  0|TAMS 0x0000000084400000, 0x0000000084400000|
|  11|0x0000000084500000, 0x0000000084500000, 0x0000000084600000|  0%| F|  |TS  0|AC  0|TAMS 0x0000000084500000, 0x0000000084500000|
|  12|0x0000000084600000, 0x0000000084600000, 0x0000000084700000|  0%| F|  |TS  0|AC  0|TAMS 0x0000000084600000, 0x0000000084600000|
|  13|0x0000000084700000, 0x0000000084700000, 0x0000000084800000|  0%| F|  |TS  0|AC  0|TAMS 0x0000000084700000, 0x0000000084700000|
|  14|0x0000000084800000, 0x0000000084800000, 0x0000000084900000|  0%| F|  |TS  0|AC  0|TAMS 0x0000000084800000, 0x0000000084800000|
|  15|0x0000000084900000, 0x0000000084900000, 0x0000000084a00000|  0%| F|  |TS  0|AC  0|TAMS 0x0000000084900000, 0x0000000084900000|
|  16|0x0000000084a00000, 0x0000000084a00000, 0x0000000084b00000|  0%| F|  |TS  0|AC  0|TAMS 0x0000000084a00000, 0x0000000084a00000|
|  17|0x0000000084b00000, 0x0000000084b00000, 0x0000000084c00000|  0%| F|  |TS  0|AC  0|TAMS 0x0000000084b00000, 0x0000000084b00000|
|  18|0x0000000084c00000, 0x0000000084c00000, 0x0000000084d00000|  0%| F|  |TS  0|AC  0|TAMS 0x0000000084c00000, 0x0000000084c00000|
|  19|0x0000000084d00000, 0x0000000084d00000, 0x0000000084e00000|  0%| F|  |TS  0|AC  0|TAMS 0x0000000084d00000, 0x0000000084d00000|
|  20|0x0000000084e00000, 0x0000000084e00000, 0x0000000084f00000|  0%| F|  |TS  0|AC  0|TAMS 0x0000000084e00000, 0x0000000084e00000|
|  21|0x0000000084f00000, 0x0000000084f00000, 0x0000000085000000|  0%| F|  |TS  0|AC  0|TAMS 0x0000000084f00000, 0x0000000084f00000|
|  22|0x0000000085000000, 0x0000000085000000, 0x0000000085100000|  0%| F|  |TS  0|AC  0|TAMS 0x0000000085000000, 0x0000000085000000|
|  23|0x0000000085100000, 0x0000000085100000, 0x0000000085200000|  0%| F|  |TS  0|AC  0|TAMS 0x0000000085100000, 0x0000000085100000|
|  24|0x0000000085200000, 0x0000000085200000, 0x0000000085300000|  0%| F|  |TS  0|AC  0|TAMS 0x0000000085200000, 0x0000000085200000|
|  25|0x0000000085300000, 0x0000000085300000, 0x0000000085400000|  0%| F|  |TS  0|AC  0|TAMS 0x0000000085300000, 0x0000000085300000|
|  26|0x0000000085400000, 0x0000000085400000, 0x0000000085500000|  0%| F|  |TS  0|AC  0|TAMS 0x0000000085400000, 0x0000000085400000|
|  27|0x0000000085500000, 0x0000000085500000, 0x0000000085600000|  0%| F|  |TS  0|AC  0|TAMS 0x0000000085500000, 0x0000000085500000|
|  28|0x0000000085600000, 0x0000000085600000, 0x0000000085700000|  0%| F|  |TS  0|AC  0|TAMS 0x0000000085600000, 0x0000000085600000|
|  29|0x0000000085700000, 0x0000000085700000, 0x0000000085800000|  0%| F|  |TS  0|AC  0|TAMS 0x0000000085700000, 0x0000000085700000|
|  30|0x0000000085800000, 0x0000000085800000, 0x0000000085900000|  0%| F|  |TS  0|AC  0|TAMS 0x0000000085800000, 0x0000000085800000|
|  31|0x0000000085900000, 0x0000000085900000, 0x0000000085a00000|  0%| F|  |TS  0|AC  0|TAMS 0x0000000085900000, 0x0000000085900000|
|  32|0x0000000085a00000, 0x0000000085a00000, 0x0000000085b00000|  0%| F|  |TS  0|AC  0|TAMS 0x0000000085a00000, 0x0000000085a00000|
|  33|0x0000000085b00000, 0x0000000085b00000, 0x0000000085c00000|  0%| F|  |TS  0|AC  0|TAMS 0x0000000085b00000, 0x0000000085b00000|
|  34|0x0000000085c00000, 0x0000000085c00000, 0x0000000085d00000|  0%| F|  |TS  0|AC  0|TAMS 0x0000000085c00000, 0x0000000085c00000|
|  35|0x0000000085d00000, 0x0000000085d00000, 0x0000000085e00000|  0%| F|  |TS  0|AC  0|TAMS 0x0000000085d00000, 0x0000000085d00000|
|  36|0x0000000085e00000, 0x0000000085e00000, 0x0000000085f00000|  0%| F|  |TS  0|AC  0|TAMS 0x0000000085e00000, 0x0000000085e00000|
|  37|0x0000000085f00000, 0x0000000085f00000, 0x0000000086000000|  0%| F|  |TS  0|AC  0|TAMS 0x0000000085f00000, 0x0000000085f00000|
|  38|0x0000000086000000, 0x0000000086000000, 0x0000000086100000|  0%| F|  |TS  0|AC  0|TAMS 0x0000000086000000, 0x0000000086000000|
|  39|0x0000000086100000, 0x0000000086100000, 0x0000000086200000|  0%| F|  |TS  0|AC  0|TAMS 0x0000000086100000, 0x0000000086100000|
|  40|0x0000000086200000, 0x0000000086200000, 0x0000000086300000|  0%| F|  |TS  0|AC  0|TAMS 0x0000000086200000, 0x0000000086200000|
|  41|0x0000000086300000, 0x0000000086300000, 0x0000000086400000|  0%| F|  |TS  0|AC  0|TAMS 0x0000000086300000, 0x0000000086300000|
|  42|0x0000000086400000, 0x0000000086400000, 0x0000000086500000|  0%| F|  |TS  0|AC  0|TAMS 0x0000000086400000, 0x0000000086400000|
|  43|0x0000000086500000, 0x0000000086500000, 0x0000000086600000|  0%| F|  |TS  0|AC  0|TAMS 0x0000000086500000, 0x0000000086500000|
|  44|0x0000000086600000, 0x0000000086600000, 0x0000000086700000|  0%| F|  |TS  0|AC  0|TAMS 0x0000000086600000, 0x0000000086600000|
|  45|0x0000000086700000, 0x0000000086700000, 0x0000000086800000|  0%| F|  |TS  0|AC  0|TAMS 0x0000000086700000, 0x0000000086700000|
|  46|0x0000000086800000, 0x0000000086800000, 0x0000000086900000|  0%| F|  |TS  0|AC  0|TAMS 0x0000000086800000, 0x0000000086800000|
|  47|0x0000000086900000, 0x0000000086900000, 0x0000000086a00000|  0%| F|  |TS  0|AC  0|TAMS 0x0000000086900000, 0x0000000086900000|
|  48|0x0000000086a00000, 0x0000000086a00000, 0x0000000086b00000|  0%| F|  |TS  0|AC  0|TAMS 0x0000000086a00000, 0x0000000086a00000|
|  49|0x0000000086b00000, 0x0000000086b00000, 0x0000000086c00000|  0%| F|  |TS  0|AC  0|TAMS 0x0000000086b00000, 0x0000000086b00000|
|  50|0x0000000086c00000, 0x0000000086c00000, 0x0000000086d00000|  0%| F|  |TS  0|AC  0|TAMS 0x0000000086c00000, 0x0000000086c00000|
|  51|0x0000000086d00000, 0x0000000086d00000, 0x0000000086e00000|  0%| F|  |TS  0|AC  0|TAMS 0x0000000086d00000, 0x0000000086d00000|
|  52|0x0000000086e00000, 0x0000000086e00000, 0x0000000086f00000|  0%| F|  |TS  0|AC  0|TAMS 0x0000000086e00000, 0x0000000086e00000|
|  53|0x0000000086f00000, 0x0000000086f00000, 0x0000000087000000|  0%| F|  |TS  0|AC  0|TAMS 0x0000000086f00000, 0x0000000086f00000|
|  54|0x0000000087000000, 0x0000000087000000, 0x0000000087100000|  0%| F|  |TS  0|AC  0|TAMS 0x0000000087000000, 0x0000000087000000|
|  55|0x0000000087100000, 0x0000000087100000, 0x0000000087200000|  0%| F|  |TS  0|AC  0|TAMS 0x0000000087100000, 0x0000000087100000|
|  56|0x0000000087200000, 0x0000000087200000, 0x0000000087300000|  0%| F|  |TS  0|AC  0|TAMS 0x0000000087200000, 0x0000000087200000|
|  57|0x0000000087300000, 0x0000000087300000, 0x0000000087400000|  0%| F|  |TS  0|AC  0|TAMS 0x0000000087300000, 0x0000000087300000|
|  58|0x0000000087400000, 0x0000000087400000, 0x0000000087500000|  0%| F|  |TS  0|AC  0|TAMS 0x0000000087400000, 0x0000000087400000|
|  59|0x0000000087500000, 0x0000000087500000, 0x0000000087600000|  0%| F|  |TS  0|AC  0|TAMS 0x0000000087500000, 0x0000000087500000|
|  60|0x0000000087600000, 0x0000000087600000, 0x0000000087700000|  0%| F|  |TS  0|AC  0|TAMS 0x0000000087600000, 0x0000000087600000|
|  61|0x0000000087700000, 0x0000000087700000, 0x0000000087800000|  0%| F|  |TS  0|AC  0|TAMS 0x0000000087700000, 0x0000000087700000|
|  62|0x0000000087800000, 0x0000000087800000, 0x0000000087900000|  0%| F|  |TS  0|AC  0|TAMS 0x0000000087800000, 0x0000000087800000|
|  63|0x0000000087900000, 0x0000000087900000, 0x0000000087a00000|  0%| F|  |TS  0|AC  0|TAMS 0x0000000087900000, 0x0000000087900000|
|  64|0x0000000087a00000, 0x0000000087a00000, 0x0000000087b00000|  0%| F|  |TS  0|AC  0|TAMS 0x0000000087a00000, 0x0000000087a00000|
|  65|0x0000000087b00000, 0x0000000087b00000, 0x0000000087c00000|  0%| F|  |TS  0|AC  0|TAMS 0x0000000087b00000, 0x0000000087b00000|
|  66|0x0000000087c00000, 0x0000000087c00000, 0x0000000087d00000|  0%| F|  |TS  0|AC  0|TAMS 0x0000000087c00000, 0x0000000087c00000|
|  67|0x0000000087d00000, 0x0000000087d00000, 0x0000000087e00000|  0%| F|  |TS  0|AC  0|TAMS 0x0000000087d00000, 0x0000000087d00000|
|  68|0x0000000087e00000, 0x0000000087e00000, 0x0000000087f00000|  0%| F|  |TS  0|AC  0|TAMS 0x0000000087e00000, 0x0000000087e00000|
|  69|0x0000000087f00000, 0x0000000087f00000, 0x0000000088000000|  0%| F|  |TS  0|AC  0|TAMS 0x0000000087f00000, 0x0000000087f00000|
|  70|0x0000000088000000, 0x0000000088000000, 0x0000000088100000|  0%| F|  |TS  0|AC  0|TAMS 0x0000000088000000, 0x0000000088000000|
|  71|0x0000000088100000, 0x0000000088100000, 0x0000000088200000|  0%| F|  |TS  0|AC  0|TAMS 0x0000000088100000, 0x0000000088100000|
|  72|0x0000000088200000, 0x0000000088200000, 0x0000000088300000|  0%| F|  |TS  0|AC  0|TAMS 0x0000000088200000, 0x0000000088200000|
|  73|0x0000000088300000, 0x0000000088300000, 0x0000000088400000|  0%| F|  |TS  0|AC  0|TAMS 0x0000000088300000, 0x0000000088300000|
|  74|0x0000000088400000, 0x0000000088400000, 0x0000000088500000|  0%| F|  |TS  0|AC  0|TAMS 0x0000000088400000, 0x0000000088400000|
|  75|0x0000000088500000, 0x0000000088500000, 0x0000000088600000|  0%| F|  |TS  0|AC  0|TAMS 0x0000000088500000, 0x0000000088500000|
|  76|0x0000000088600000, 0x0000000088600000, 0x0000000088700000|  0%| F|  |TS  0|AC  0|TAMS 0x0000000088600000, 0x0000000088600000|
|  77|0x0000000088700000, 0x0000000088700000, 0x0000000088800000|  0%| F|  |TS  0|AC  0|TAMS 0x0000000088700000, 0x0000000088700000|
|  78|0x0000000088800000, 0x0000000088800000, 0x0000000088900000|  0%| F|  |TS  0|AC  0|TAMS 0x0000000088800000, 0x0000000088800000|
|  79|0x0000000088900000, 0x0000000088900000, 0x0000000088a00000|  0%| F|  |TS  0|AC  0|TAMS 0x0000000088900000, 0x0000000088900000|
|  80|0x0000000088a00000, 0x0000000088a00000, 0x0000000088b00000|  0%| F|  |TS  0|AC  0|TAMS 0x0000000088a00000, 0x0000000088a00000|
|  81|0x0000000088b00000, 0x0000000088b00000, 0x0000000088c00000|  0%| F|  |TS  0|AC  0|TAMS 0x0000000088b00000, 0x0000000088b00000|
|  82|0x0000000088c00000, 0x0000000088c00000, 0x0000000088d00000|  0%| F|  |TS  0|AC  0|TAMS 0x0000000088c00000, 0x0000000088c00000|
|  83|0x0000000088d00000, 0x0000000088d00000, 0x0000000088e00000|  0%| F|  |TS  0|AC  0|TAMS 0x0000000088d00000, 0x0000000088d00000|
|  84|0x0000000088e00000, 0x0000000088e00000, 0x0000000088f00000|  0%| F|  |TS  0|AC  0|TAMS 0x0000000088e00000, 0x0000000088e00000|
|  85|0x0000000088f00000, 0x0000000088f00000, 0x0000000089000000|  0%| F|  |TS  0|AC  0|TAMS 0x0000000088f00000, 0x0000000088f00000|
|  86|0x0000000089000000, 0x0000000089000000, 0x0000000089100000|  0%| F|  |TS  0|AC  0|TAMS 0x0000000089000000, 0x0000000089000000|
|  87|0x0000000089100000, 0x0000000089100000, 0x0000000089200000|  0%| F|  |TS  0|AC  0|TAMS 0x0000000089100000, 0x0000000089100000|
|  88|0x0000000089200000, 0x0000000089200000, 0x0000000089300000|  0%| F|  |TS  0|AC  0|TAMS 0x0000000089200000, 0x0000000089200000|
|  89|0x0000000089300000, 0x0000000089300000, 0x0000000089400000|  0%| F|  |TS  0|AC  0|TAMS 0x0000000089300000, 0x0000000089300000|
|  90|0x0000000089400000, 0x0000000089400000, 0x0000000089500000|  0%| F|  |TS  0|AC  0|TAMS 0x0000000089400000, 0x0000000089400000|
|  91|0x0000000089500000, 0x0000000089500000, 0x0000000089600000|  0%| F|  |TS  0|AC  0|TAMS 0x0000000089500000, 0x0000000089500000|
|  92|0x0000000089600000, 0x0000000089600000, 0x0000000089700000|  0%| F|  |TS  0|AC  0|TAMS 0x0000000089600000, 0x0000000089600000|
|  93|0x0000000089700000, 0x0000000089700000, 0x0000000089800000|  0%| F|  |TS  0|AC  0|TAMS 0x0000000089700000, 0x0000000089700000|
|  94|0x0000000089800000, 0x0000000089800000, 0x0000000089900000|  0%| F|  |TS  0|AC  0|TAMS 0x0000000089800000, 0x0000000089800000|
|  95|0x0000000089900000, 0x0000000089900000, 0x0000000089a00000|  0%| F|  |TS  0|AC  0|TAMS 0x0000000089900000, 0x0000000089900000|
|  96|0x0000000089a00000, 0x0000000089a00000, 0x0000000089b00000|  0%| F|  |TS  0|AC  0|TAMS 0x0000000089a00000, 0x0000000089a00000|
|  97|0x0000000089b00000, 0x0000000089b00000, 0x0000000089c00000|  0%| F|  |TS  0|AC  0|TAMS 0x0000000089b00000, 0x0000000089b00000|
|  98|0x0000000089c00000, 0x0000000089c00000, 0x0000000089d00000|  0%| F|  |TS  0|AC  0|TAMS 0x0000000089c00000, 0x0000000089c00000|
|  99|0x0000000089d00000, 0x0000000089d00000, 0x0000000089e00000|  0%| F|  |TS  0|AC  0|TAMS 0x0000000089d00000, 0x0000000089d00000|
| 100|0x0000000089e00000, 0x0000000089e00000, 0x0000000089f00000|  0%| F|  |TS  0|AC  0|TAMS 0x0000000089e00000, 0x0000000089e00000|
| 101|0x0000000089f00000, 0x0000000089f00000, 0x000000008a000000|  0%| F|  |TS  0|AC  0|TAMS 0x0000000089f00000, 0x0000000089f00000|
| 102|0x000000008a000000, 0x000000008a000000, 0x000000008a100000|  0%| F|  |TS  0|AC  0|TAMS 0x000000008a000000, 0x000000008a000000|
| 103|0x000000008a100000, 0x000000008a100000, 0x000000008a200000|  0%| F|  |TS  0|AC  0|TAMS 0x000000008a100000, 0x000000008a100000|
| 104|0x000000008a200000, 0x000000008a200000, 0x000000008a300000|  0%| F|  |TS  0|AC  0|TAMS 0x000000008a200000, 0x000000008a200000|
| 105|0x000000008a300000, 0x000000008a300000, 0x000000008a400000|  0%| F|  |TS  0|AC  0|TAMS 0x000000008a300000, 0x000000008a300000|
| 106|0x000000008a400000, 0x000000008a400000, 0x000000008a500000|  0%| F|  |TS  0|AC  0|TAMS 0x000000008a400000, 0x000000008a400000|
| 107|0x000000008a500000, 0x000000008a500000, 0x000000008a600000|  0%| F|  |TS  0|AC  0|TAMS 0x000000008a500000, 0x000000008a500000|
| 108|0x000000008a600000, 0x000000008a600000, 0x000000008a700000|  0%| F|  |TS  0|AC  0|TAMS 0x000000008a600000, 0x000000008a600000|
| 109|0x000000008a700000, 0x000000008a700000, 0x000000008a800000|  0%| F|  |TS  0|AC  0|TAMS 0x000000008a700000, 0x000000008a700000|
| 110|0x000000008a800000, 0x000000008a800000, 0x000000008a900000|  0%| F|  |TS  0|AC  0|TAMS 0x000000008a800000, 0x000000008a800000|
| 111|0x000000008a900000, 0x000000008a900000, 0x000000008aa00000|  0%| F|  |TS  0|AC  0|TAMS 0x000000008a900000, 0x000000008a900000|
| 112|0x000000008aa00000, 0x000000008aa00000, 0x000000008ab00000|  0%| F|  |TS  0|AC  0|TAMS 0x000000008aa00000, 0x000000008aa00000|
| 113|0x000000008ab00000, 0x000000008ab00000, 0x000000008ac00000|  0%| F|  |TS  0|AC  0|TAMS 0x000000008ab00000, 0x000000008ab00000|
| 114|0x000000008ac00000, 0x000000008ac00000, 0x000000008ad00000|  0%| F|  |TS  0|AC  0|TAMS 0x000000008ac00000, 0x000000008ac00000|
| 115|0x000000008ad00000, 0x000000008ad00000, 0x000000008ae00000|  0%| F|  |TS  0|AC  0|TAMS 0x000000008ad00000, 0x000000008ad00000|
| 116|0x000000008ae00000, 0x000000008ae00000, 0x000000008af00000|  0%| F|  |TS  0|AC  0|TAMS 0x000000008ae00000, 0x000000008ae00000|
| 117|0x000000008af00000, 0x000000008af00000, 0x000000008b000000|  0%| F|  |TS  0|AC  0|TAMS 0x000000008af00000, 0x000000008af00000|
| 118|0x000000008b000000, 0x000000008b000000, 0x000000008b100000|  0%| F|  |TS  0|AC  0|TAMS 0x000000008b000000, 0x000000008b000000|
| 119|0x000000008b100000, 0x000000008b100000, 0x000000008b200000|  0%| F|  |TS  0|AC  0|TAMS 0x000000008b100000, 0x000000008b100000|
| 120|0x000000008b200000, 0x000000008b200000, 0x000000008b300000|  0%| F|  |TS  0|AC  0|TAMS 0x000000008b200000, 0x000000008b200000|
| 121|0x000000008b300000, 0x000000008b300000, 0x000000008b400000|  0%| F|  |TS  0|AC  0|TAMS 0x000000008b300000, 0x000000008b300000|
| 122|0x000000008b400000, 0x000000008b400000, 0x000000008b500000|  0%| F|  |TS  0|AC  0|TAMS 0x000000008b400000, 0x000000008b400000|
| 123|0x000000008b500000, 0x000000008b500000, 0x000000008b600000|  0%| F|  |TS  0|AC  0|TAMS 0x000000008b500000, 0x000000008b500000|
| 124|0x000000008b600000, 0x000000008b700000, 0x000000008b700000|100%| E|  |TS  0|AC  0|TAMS 0x000000008b600000, 0x000000008b600000|
| 125|0x000000008b700000, 0x000000008b800000, 0x000000008b800000|100%| E|CS|TS  0|AC  0|TAMS 0x000000008b700000, 0x000000008b700000|

Card table byte_map: [0x00007f6c8b457000,0x00007f6c8b83a000] byte_map_base: 0x00007f6c8b03a000

Marking Bits (Prev, Next): (CMBitMap*) 0x00007f6ccc05d660, (CMBitMap*) 0x00007f6ccc05d698
 Prev Bits: [0x00007f6c8915c000, 0x00007f6c8b074000)
 Next Bits: [0x00007f6c87244000, 0x00007f6c8915c000)

Polling page: 0x00007f6cd2f3f000

CodeHeap 'non-profiled nmethods': size=120032Kb used=42Kb max_used=42Kb free=119989Kb
 bounds [0x00007f6cb8991000, 0x00007f6cb8c01000, 0x00007f6cbfec9000]
CodeHeap 'profiled nmethods': size=120032Kb used=208Kb max_used=208Kb free=119823Kb
 bounds [0x00007f6cb1459000, 0x00007f6cb16c9000, 0x00007f6cb8991000]
CodeHeap 'non-nmethods': size=5696Kb used=1148Kb max_used=1158Kb free=4547Kb
 bounds [0x00007f6cb0ec9000, 0x00007f6cb1139000, 0x00007f6cb1459000]
 total_blobs=500 nmethods=160 adapters=198
 compilation: enabled

Compilation events (10 events):
Event: 0.889 Thread 0x00007f6ccc166800  156       3       java.lang.Character::toLowerCase (9 bytes)
Event: 0.889 Thread 0x00007f6ccc166800 nmethod 156 0x00007f6cb148a890 code [0x00007f6cb148aa60, 0x00007f6cb148ac98]
Event: 0.889 Thread 0x00007f6ccc166800  157       3       java.lang.CharacterDataLatin1::toLowerCase (39 bytes)
Event: 0.889 Thread 0x00007f6ccc166800 nmethod 157 0x00007f6cb148ad90 code [0x00007f6cb148af40, 0x00007f6cb148b1d0]
Event: 0.894 Thread 0x00007f6ccc166800  158       3       java.lang.AbstractStringBuilder::isLatin1 (19 bytes)
Event: 0.894 Thread 0x00007f6ccc166800 nmethod 158 0x00007f6cb148b310 code [0x00007f6cb148b4c0, 0x00007f6cb148b690]
Event: 2.696 Thread 0x00007f6ccc166800  159       3       java.lang.StringLatin1::lastIndexOf (40 bytes)
Event: 2.697 Thread 0x00007f6ccc166800 nmethod 159 0x00007f6cb148b710 code [0x00007f6cb148b8e0, 0x00007f6cb148bcd0]
Event: 170.244 Thread 0x00007f6ccc166800  160       3       java.util.Arrays::copyOfRange (63 bytes)
Event: 170.247 Thread 0x00007f6ccc166800 nmethod 160 0x00007f6cb148be10 code [0x00007f6cb148c0c0, 0x00007f6cb148ce98]

GC Heap History (0 events):
No events

Deoptimization events (0 events):
No events

Classes redefined (2 events):
Event: 170.138 Thread 0x00007f6ccc133800 redefined class name=com.Al.questions.chapter1.Inprefixtopostfix, count=1
Event: 312.405 Thread 0x00007f6ccc133800 redefined class name=com.Al.questions.chapter1.Inprefixtopostfix, count=2

Internal exceptions (0 events):
No events

Events (10 events):
Event: 312.429 Executing VM operation: ChangeBreakpoints done
Event: 312.451 Executing VM operation: ChangeBreakpoints
Event: 312.451 Executing VM operation: ChangeBreakpoints done
Event: 312.462 Executing VM operation: ChangeBreakpoints
Event: 312.462 Executing VM operation: ChangeBreakpoints done
Event: 312.472 Executing VM operation: ChangeBreakpoints
Event: 312.472 Executing VM operation: ChangeBreakpoints done
Event: 312.475 Executing VM operation: ChangeBreakpoints
Event: 312.475 Executing VM operation: ChangeBreakpoints done
Event: 312.482 Executing VM operation: GetOrSetLocal


Dynamic libraries:
00400000-00401000 r-xp 00000000 08:01 810010                             /home/lsclike/JDK/jdk-9.0.1/bin/java
00600000-00601000 rw-p 00000000 08:01 810010                             /home/lsclike/JDK/jdk-9.0.1/bin/java
01834000-01855000 rw-p 00000000 00:00 0                                  [heap]
83a00000-8b800000 rw-p 00000000 00:00 0 
8b800000-100000000 ---p 00000000 00:00 0 
100000000-100080000 rw-p 00000000 00:00 0 
100080000-140000000 ---p 00000000 00:00 0 
7f6c40000000-7f6c40021000 rw-p 00000000 00:00 0 
7f6c40021000-7f6c44000000 ---p 00000000 00:00 0 
7f6c44000000-7f6c44021000 rw-p 00000000 00:00 0 
7f6c44021000-7f6c48000000 ---p 00000000 00:00 0 
7f6c48000000-7f6c48021000 rw-p 00000000 00:00 0 
7f6c48021000-7f6c4c000000 ---p 00000000 00:00 0 
7f6c4c000000-7f6c4c021000 rw-p 00000000 00:00 0 
7f6c4c021000-7f6c50000000 ---p 00000000 00:00 0 
7f6c50000000-7f6c50021000 rw-p 00000000 00:00 0 
7f6c50021000-7f6c54000000 ---p 00000000 00:00 0 
7f6c54000000-7f6c54025000 rw-p 00000000 00:00 0 
7f6c54025000-7f6c58000000 ---p 00000000 00:00 0 
7f6c58000000-7f6c58057000 rw-p 00000000 00:00 0 
7f6c58057000-7f6c5c000000 ---p 00000000 00:00 0 
7f6c5c000000-7f6c5c021000 rw-p 00000000 00:00 0 
7f6c5c021000-7f6c60000000 ---p 00000000 00:00 0 
7f6c60000000-7f6c600a7000 rw-p 00000000 00:00 0 
7f6c600a7000-7f6c64000000 ---p 00000000 00:00 0 
7f6c64000000-7f6c64053000 rw-p 00000000 00:00 0 
7f6c64053000-7f6c68000000 ---p 00000000 00:00 0 
7f6c68000000-7f6c68021000 rw-p 00000000 00:00 0 
7f6c68021000-7f6c6c000000 ---p 00000000 00:00 0 
7f6c6e9c4000-7f6c6ecf2000 rw-p 00000000 00:00 0 
7f6c6ecf2000-7f6c6ecf3000 ---p 00000000 00:00 0 
7f6c6ecf3000-7f6c6edf3000 rw-p 00000000 00:00 0 
7f6c6edf3000-7f6c6edf7000 ---p 00000000 00:00 0 
7f6c6edf7000-7f6c6eef4000 rw-p 00000000 00:00 0 
7f6c6eef4000-7f6c6eef8000 ---p 00000000 00:00 0 
7f6c6eef8000-7f6c6eff5000 rw-p 00000000 00:00 0 
7f6c6eff5000-7f6c6eff9000 ---p 00000000 00:00 0 
7f6c6eff9000-7f6c6f0f6000 rw-p 00000000 00:00 0 
7f6c6f0f6000-7f6c6f0fa000 ---p 00000000 00:00 0 
7f6c6f0fa000-7f6c6f1f7000 rw-p 00000000 00:00 0 
7f6c6f1f7000-7f6c6f1fb000 r-xp 00000000 08:01 810460                     /home/lsclike/JDK/jdk-9.0.1/lib/libdt_socket.so
7f6c6f1fb000-7f6c6f3fa000 ---p 00004000 08:01 810460                     /home/lsclike/JDK/jdk-9.0.1/lib/libdt_socket.so
7f6c6f3fa000-7f6c6f3fb000 rw-p 00003000 08:01 810460                     /home/lsclike/JDK/jdk-9.0.1/lib/libdt_socket.so
7f6c6f3fb000-7f6c6f3ff000 ---p 00000000 00:00 0 
7f6c6f3ff000-7f6c6f4fc000 rw-p 00000000 00:00 0 
7f6c6f4fc000-7f6c6f512000 r-xp 00000000 08:01 810468                     /home/lsclike/JDK/jdk-9.0.1/lib/libnet.so
7f6c6f512000-7f6c6f712000 ---p 00016000 08:01 810468                     /home/lsclike/JDK/jdk-9.0.1/lib/libnet.so
7f6c6f712000-7f6c6f713000 rw-p 00016000 08:01 810468                     /home/lsclike/JDK/jdk-9.0.1/lib/libnet.so
7f6c6f713000-7f6c6f723000 r-xp 00000000 08:01 810465                     /home/lsclike/JDK/jdk-9.0.1/lib/libnio.so
7f6c6f723000-7f6c6f923000 ---p 00010000 08:01 810465                     /home/lsclike/JDK/jdk-9.0.1/lib/libnio.so
7f6c6f923000-7f6c6f924000 rw-p 00010000 08:01 810465                     /home/lsclike/JDK/jdk-9.0.1/lib/libnio.so
7f6c6f924000-7f6c6f928000 ---p 00000000 00:00 0 
7f6c6f928000-7f6c6fa25000 rw-p 00000000 00:00 0 
7f6c6fa25000-7f6c6fa29000 ---p 00000000 00:00 0 
7f6c6fa29000-7f6c6fb26000 rw-p 00000000 00:00 0 
7f6c6fb26000-7f6c6fb2a000 ---p 00000000 00:00 0 
7f6c6fb2a000-7f6c6fc27000 rw-p 00000000 00:00 0 
7f6c6fc27000-7f6c6fc2b000 ---p 00000000 00:00 0 
7f6c6fc2b000-7f6c6fd28000 rw-p 00000000 00:00 0 
7f6c6fd28000-7f6c70000000 r--p 00000000 08:01 394709                     /usr/lib/locale/locale-archive
7f6c70000000-7f6c70021000 rw-p 00000000 00:00 0 
7f6c70021000-7f6c74000000 ---p 00000000 00:00 0 
7f6c74000000-7f6c74021000 rw-p 00000000 00:00 0 
7f6c74021000-7f6c78000000 ---p 00000000 00:00 0 
7f6c78000000-7f6c78021000 rw-p 00000000 00:00 0 
7f6c78021000-7f6c7c000000 ---p 00000000 00:00 0 
7f6c7c000000-7f6c7c021000 rw-p 00000000 00:00 0 
7f6c7c021000-7f6c80000000 ---p 00000000 00:00 0 
7f6c80000000-7f6c80021000 rw-p 00000000 00:00 0 
7f6c80021000-7f6c84000000 ---p 00000000 00:00 0 
7f6c840c5000-7f6c840c9000 ---p 00000000 00:00 0 
7f6c840c9000-7f6c841c6000 rw-p 00000000 00:00 0 
7f6c841c6000-7f6c841ca000 ---p 00000000 00:00 0 
7f6c841ca000-7f6c842c7000 rw-p 00000000 00:00 0 
7f6c842c7000-7f6c842cb000 ---p 00000000 00:00 0 
7f6c842cb000-7f6c843c8000 rw-p 00000000 00:00 0 
7f6c843c8000-7f6c843c9000 ---p 00000000 00:00 0 
7f6c843c9000-7f6c849bf000 rw-p 00000000 00:00 0 
7f6c849bf000-7f6c84d3f000 ---p 00000000 00:00 0 
7f6c84d3f000-7f6c85143000 rw-p 00000000 00:00 0 
7f6c85143000-7f6c87143000 rwxp 00000000 00:00 0 
7f6c87143000-7f6c87144000 ---p 00000000 00:00 0 
7f6c87144000-7f6c8743c000 rw-p 00000000 00:00 0 
7f6c8743c000-7f6c8915c000 ---p 00000000 00:00 0 
7f6c8915c000-7f6c89354000 rw-p 00000000 00:00 0 
7f6c89354000-7f6c8b074000 ---p 00000000 00:00 0 
7f6c8b074000-7f6c8b0b3000 rw-p 00000000 00:00 0 
7f6c8b0b3000-7f6c8b457000 ---p 00000000 00:00 0 
7f6c8b457000-7f6c8b496000 rw-p 00000000 00:00 0 
7f6c8b496000-7f6c8bc1d000 ---p 00000000 00:00 0 
7f6c8bc1d000-7f6c8bc5c000 rw-p 00000000 00:00 0 
7f6c8bc5c000-7f6c8c000000 ---p 00000000 00:00 0 
7f6c8c000000-7f6c8c021000 rw-p 00000000 00:00 0 
7f6c8c021000-7f6c90000000 ---p 00000000 00:00 0 
7f6c90000000-7f6c90021000 rw-p 00000000 00:00 0 
7f6c90021000-7f6c94000000 ---p 00000000 00:00 0 
7f6c94000000-7f6c94021000 rw-p 00000000 00:00 0 
7f6c94021000-7f6c98000000 ---p 00000000 00:00 0 
7f6c98000000-7f6c98021000 rw-p 00000000 00:00 0 
7f6c98021000-7f6c9c000000 ---p 00000000 00:00 0 
7f6c9c000000-7f6c9c021000 rw-p 00000000 00:00 0 
7f6c9c021000-7f6ca0000000 ---p 00000000 00:00 0 
7f6ca0000000-7f6ca0021000 rw-p 00000000 00:00 0 
7f6ca0021000-7f6ca4000000 ---p 00000000 00:00 0 
7f6ca4000000-7f6ca4021000 rw-p 00000000 00:00 0 
7f6ca4021000-7f6ca8000000 ---p 00000000 00:00 0 
7f6ca8000000-7f6ca8021000 rw-p 00000000 00:00 0 
7f6ca8021000-7f6cac000000 ---p 00000000 00:00 0 
7f6cac000000-7f6cac021000 rw-p 00000000 00:00 0 
7f6cac021000-7f6cb0000000 ---p 00000000 00:00 0 
7f6cb0007000-7f6cb00bb000 rw-p 00000000 00:00 0 
7f6cb00bb000-7f6cb00bc000 ---p 00000000 00:00 0 
7f6cb00bc000-7f6cb01bc000 rw-p 00000000 00:00 0 
7f6cb01bc000-7f6cb01bd000 ---p 00000000 00:00 0 
7f6cb01bd000-7f6cb02bd000 rw-p 00000000 00:00 0 
7f6cb02bd000-7f6cb02be000 ---p 00000000 00:00 0 
7f6cb02be000-7f6cb03be000 rw-p 00000000 00:00 0 
7f6cb03be000-7f6cb03bf000 ---p 00000000 00:00 0 
7f6cb03bf000-7f6cb04bf000 rw-p 00000000 00:00 0 
7f6cb04bf000-7f6cb04c0000 ---p 00000000 00:00 0 
7f6cb04c0000-7f6cb05c0000 rw-p 00000000 00:00 0 
7f6cb05c0000-7f6cb05c1000 ---p 00000000 00:00 0 
7f6cb05c1000-7f6cb0ac5000 rw-p 00000000 00:00 0 
7f6cb0ac5000-7f6cb0ac6000 ---p 00000000 00:00 0 
7f6cb0ac6000-7f6cb0bc6000 rw-p 00000000 00:00 0 
7f6cb0bc6000-7f6cb0bc7000 ---p 00000000 00:00 0 
7f6cb0bc7000-7f6cb0cc7000 rw-p 00000000 00:00 0 
7f6cb0cc7000-7f6cb0cc8000 ---p 00000000 00:00 0 
7f6cb0cc8000-7f6cb0dc8000 rw-p 00000000 00:00 0 
7f6cb0dc8000-7f6cb0dc9000 ---p 00000000 00:00 0 
7f6cb0dc9000-7f6cb0ec9000 rw-p 00000000 00:00 0 
7f6cb0ec9000-7f6cb1139000 rwxp 00000000 00:00 0 
7f6cb1139000-7f6cb1459000 ---p 00000000 00:00 0 
7f6cb1459000-7f6cb16c9000 rwxp 00000000 00:00 0 
7f6cb16c9000-7f6cb8991000 ---p 00000000 00:00 0 
7f6cb8991000-7f6cb8c01000 rwxp 00000000 00:00 0 
7f6cb8c01000-7f6cbfec9000 ---p 00000000 00:00 0 
7f6cbfec9000-7f6ccb38c000 r--s 00000000 08:01 810239                     /home/lsclike/JDK/jdk-9.0.1/lib/modules
7f6ccb38c000-7f6ccb3a6000 r-xp 00000000 08:01 810470                     /home/lsclike/JDK/jdk-9.0.1/lib/libjimage.so
7f6ccb3a6000-7f6ccb5a5000 ---p 0001a000 08:01 810470                     /home/lsclike/JDK/jdk-9.0.1/lib/libjimage.so
7f6ccb5a5000-7f6ccb5a7000 rw-p 00019000 08:01 810470                     /home/lsclike/JDK/jdk-9.0.1/lib/libjimage.so
7f6ccb5a7000-7f6ccb5b9000 rw-p 00000000 00:00 0 
7f6ccb5b9000-7f6ccb5c0000 r-xp 00000000 08:01 810526                     /home/lsclike/JDK/jdk-9.0.1/lib/libzip.so
7f6ccb5c0000-7f6ccb7bf000 ---p 00007000 08:01 810526                     /home/lsclike/JDK/jdk-9.0.1/lib/libzip.so
7f6ccb7bf000-7f6ccb7c0000 rw-p 00006000 08:01 810526                     /home/lsclike/JDK/jdk-9.0.1/lib/libzip.so
7f6ccb7c0000-7f6ccb7cb000 r-xp 00000000 08:01 1240644                    /lib/x86_64-linux-gnu/libnss_files-2.23.so
7f6ccb7cb000-7f6ccb9ca000 ---p 0000b000 08:01 1240644                    /lib/x86_64-linux-gnu/libnss_files-2.23.so
7f6ccb9ca000-7f6ccb9cb000 r--p 0000a000 08:01 1240644                    /lib/x86_64-linux-gnu/libnss_files-2.23.so
7f6ccb9cb000-7f6ccb9cc000 rw-p 0000b000 08:01 1240644                    /lib/x86_64-linux-gnu/libnss_files-2.23.so
7f6ccb9cc000-7f6ccb9d2000 rw-p 00000000 00:00 0 
7f6ccb9d2000-7f6ccb9dd000 r-xp 00000000 08:01 1240648                    /lib/x86_64-linux-gnu/libnss_nis-2.23.so
7f6ccb9dd000-7f6ccbbdc000 ---p 0000b000 08:01 1240648                    /lib/x86_64-linux-gnu/libnss_nis-2.23.so
7f6ccbbdc000-7f6ccbbdd000 r--p 0000a000 08:01 1240648                    /lib/x86_64-linux-gnu/libnss_nis-2.23.so
7f6ccbbdd000-7f6ccbbde000 rw-p 0000b000 08:01 1240648                    /lib/x86_64-linux-gnu/libnss_nis-2.23.so
7f6ccbbde000-7f6ccbbf4000 r-xp 00000000 08:01 1231787                    /lib/x86_64-linux-gnu/libnsl-2.23.so
7f6ccbbf4000-7f6ccbdf3000 ---p 00016000 08:01 1231787                    /lib/x86_64-linux-gnu/libnsl-2.23.so
7f6ccbdf3000-7f6ccbdf4000 r--p 00015000 08:01 1231787                    /lib/x86_64-linux-gnu/libnsl-2.23.so
7f6ccbdf4000-7f6ccbdf5000 rw-p 00016000 08:01 1231787                    /lib/x86_64-linux-gnu/libnsl-2.23.so
7f6ccbdf5000-7f6ccbdf7000 rw-p 00000000 00:00 0 
7f6ccbdf7000-7f6ccbdff000 r-xp 00000000 08:01 1232092                    /lib/x86_64-linux-gnu/libnss_compat-2.23.so
7f6ccbdff000-7f6ccbffe000 ---p 00008000 08:01 1232092                    /lib/x86_64-linux-gnu/libnss_compat-2.23.so
7f6ccbffe000-7f6ccbfff000 r--p 00007000 08:01 1232092                    /lib/x86_64-linux-gnu/libnss_compat-2.23.so
7f6ccbfff000-7f6ccc000000 rw-p 00008000 08:01 1232092                    /lib/x86_64-linux-gnu/libnss_compat-2.23.so
7f6ccc000000-7f6ccc26f000 rw-p 00000000 00:00 0 
7f6ccc26f000-7f6cd0000000 ---p 00000000 00:00 0 
7f6cd0025000-7f6cd002a000 rw-p 00000000 00:00 0 
7f6cd002a000-7f6cd0110000 ---p 00000000 00:00 0 
7f6cd0110000-7f6cd0115000 rw-p 00000000 00:00 0 
7f6cd0115000-7f6cd01fb000 ---p 00000000 00:00 0 
7f6cd01fb000-7f6cd0236000 r-xp 00000000 08:01 810494                     /home/lsclike/JDK/jdk-9.0.1/lib/libjdwp.so
7f6cd0236000-7f6cd0435000 ---p 0003b000 08:01 810494                     /home/lsclike/JDK/jdk-9.0.1/lib/libjdwp.so
7f6cd0435000-7f6cd0436000 rw-p 0003a000 08:01 810494                     /home/lsclike/JDK/jdk-9.0.1/lib/libjdwp.so
7f6cd0436000-7f6cd0437000 rw-p 00000000 00:00 0 
7f6cd0437000-7f6cd0462000 r-xp 00000000 08:01 810436                     /home/lsclike/JDK/jdk-9.0.1/lib/libjava.so
7f6cd0462000-7f6cd0661000 ---p 0002b000 08:01 810436                     /home/lsclike/JDK/jdk-9.0.1/lib/libjava.so
7f6cd0661000-7f6cd0663000 rw-p 0002a000 08:01 810436                     /home/lsclike/JDK/jdk-9.0.1/lib/libjava.so
7f6cd0663000-7f6cd0670000 r-xp 00000000 08:01 810253                     /home/lsclike/JDK/jdk-9.0.1/lib/libverify.so
7f6cd0670000-7f6cd086f000 ---p 0000d000 08:01 810253                     /home/lsclike/JDK/jdk-9.0.1/lib/libverify.so
7f6cd086f000-7f6cd0871000 rw-p 0000c000 08:01 810253                     /home/lsclike/JDK/jdk-9.0.1/lib/libverify.so
7f6cd0871000-7f6cd0878000 r-xp 00000000 08:01 1240649                    /lib/x86_64-linux-gnu/librt-2.23.so
7f6cd0878000-7f6cd0a77000 ---p 00007000 08:01 1240649                    /lib/x86_64-linux-gnu/librt-2.23.so
7f6cd0a77000-7f6cd0a78000 r--p 00006000 08:01 1240649                    /lib/x86_64-linux-gnu/librt-2.23.so
7f6cd0a78000-7f6cd0a79000 rw-p 00007000 08:01 1240649                    /lib/x86_64-linux-gnu/librt-2.23.so
7f6cd0a79000-7f6cd0b81000 r-xp 00000000 08:01 1215136                    /lib/x86_64-linux-gnu/libm-2.23.so
7f6cd0b81000-7f6cd0d80000 ---p 00108000 08:01 1215136                    /lib/x86_64-linux-gnu/libm-2.23.so
7f6cd0d80000-7f6cd0d81000 r--p 00107000 08:01 1215136                    /lib/x86_64-linux-gnu/libm-2.23.so
7f6cd0d81000-7f6cd0d82000 rw-p 00108000 08:01 1215136                    /lib/x86_64-linux-gnu/libm-2.23.so
7f6cd0d82000-7f6cd1d96000 r-xp 00000000 08:01 810521                     /home/lsclike/JDK/jdk-9.0.1/lib/server/libjvm.so
7f6cd1d96000-7f6cd1f96000 ---p 01014000 08:01 810521                     /home/lsclike/JDK/jdk-9.0.1/lib/server/libjvm.so
7f6cd1f96000-7f6cd2067000 r--p 01014000 08:01 810521                     /home/lsclike/JDK/jdk-9.0.1/lib/server/libjvm.so
7f6cd2067000-7f6cd209e000 rw-p 010e5000 08:01 810521                     /home/lsclike/JDK/jdk-9.0.1/lib/server/libjvm.so
7f6cd209e000-7f6cd2107000 rw-p 00000000 00:00 0 
7f6cd2107000-7f6cd22c7000 r-xp 00000000 08:01 1232075                    /lib/x86_64-linux-gnu/libc-2.23.so
7f6cd22c7000-7f6cd24c7000 ---p 001c0000 08:01 1232075                    /lib/x86_64-linux-gnu/libc-2.23.so
7f6cd24c7000-7f6cd24cb000 r--p 001c0000 08:01 1232075                    /lib/x86_64-linux-gnu/libc-2.23.so
7f6cd24cb000-7f6cd24cd000 rw-p 001c4000 08:01 1232075                    /lib/x86_64-linux-gnu/libc-2.23.so
7f6cd24cd000-7f6cd24d1000 rw-p 00000000 00:00 0 
7f6cd24d1000-7f6cd24d4000 r-xp 00000000 08:01 1232079                    /lib/x86_64-linux-gnu/libdl-2.23.so
7f6cd24d4000-7f6cd26d3000 ---p 00003000 08:01 1232079                    /lib/x86_64-linux-gnu/libdl-2.23.so
7f6cd26d3000-7f6cd26d4000 r--p 00002000 08:01 1232079                    /lib/x86_64-linux-gnu/libdl-2.23.so
7f6cd26d4000-7f6cd26d5000 rw-p 00003000 08:01 1232079                    /lib/x86_64-linux-gnu/libdl-2.23.so
7f6cd26d5000-7f6cd26e3000 r-xp 00000000 08:01 810237                     /home/lsclike/JDK/jdk-9.0.1/lib/jli/libjli.so
7f6cd26e3000-7f6cd28e3000 ---p 0000e000 08:01 810237                     /home/lsclike/JDK/jdk-9.0.1/lib/jli/libjli.so
7f6cd28e3000-7f6cd28e4000 rw-p 0000e000 08:01 810237                     /home/lsclike/JDK/jdk-9.0.1/lib/jli/libjli.so
7f6cd28e4000-7f6cd28fc000 r-xp 00000000 08:01 1232064                    /lib/x86_64-linux-gnu/libpthread-2.23.so
7f6cd28fc000-7f6cd2afb000 ---p 00018000 08:01 1232064                    /lib/x86_64-linux-gnu/libpthread-2.23.so
7f6cd2afb000-7f6cd2afc000 r--p 00017000 08:01 1232064                    /lib/x86_64-linux-gnu/libpthread-2.23.so
7f6cd2afc000-7f6cd2afd000 rw-p 00018000 08:01 1232064                    /lib/x86_64-linux-gnu/libpthread-2.23.so
7f6cd2afd000-7f6cd2b01000 rw-p 00000000 00:00 0 
7f6cd2b01000-7f6cd2b1a000 r-xp 00000000 08:01 1185391                    /lib/x86_64-linux-gnu/libz.so.1.2.8
7f6cd2b1a000-7f6cd2d19000 ---p 00019000 08:01 1185391                    /lib/x86_64-linux-gnu/libz.so.1.2.8
7f6cd2d19000-7f6cd2d1a000 r--p 00018000 08:01 1185391                    /lib/x86_64-linux-gnu/libz.so.1.2.8
7f6cd2d1a000-7f6cd2d1b000 rw-p 00019000 08:01 1185391                    /lib/x86_64-linux-gnu/libz.so.1.2.8
7f6cd2d1b000-7f6cd2d41000 r-xp 00000000 08:01 1231788                    /lib/x86_64-linux-gnu/ld-2.23.so
7f6cd2d5c000-7f6cd2d63000 r--s 00000000 08:01 572460                     /usr/lib/x86_64-linux-gnu/gconv/gconv-modules.cache
7f6cd2d63000-7f6cd2e23000 rw-p 00000000 00:00 0 
7f6cd2e23000-7f6cd2e28000 ---p 00000000 00:00 0 
7f6cd2e28000-7f6cd2f2a000 rw-p 00000000 00:00 0 
7f6cd2f2a000-7f6cd2f2f000 rw-p 00000000 00:00 0 
7f6cd2f2f000-7f6cd2f36000 ---p 00000000 00:00 0 
7f6cd2f36000-7f6cd2f3e000 rw-s 00000000 08:01 672493                     /tmp/hsperfdata_lsclike/45665
7f6cd2f3e000-7f6cd2f3f000 rw-p 00000000 00:00 0 
7f6cd2f3f000-7f6cd2f40000 ---p 00000000 00:00 0 
7f6cd2f40000-7f6cd2f41000 r--p 00025000 08:01 1231788                    /lib/x86_64-linux-gnu/ld-2.23.so
7f6cd2f41000-7f6cd2f42000 rw-p 00026000 08:01 1231788                    /lib/x86_64-linux-gnu/ld-2.23.so
7f6cd2f42000-7f6cd2f43000 rw-p 00000000 00:00 0 
7ffc72c99000-7ffc72cbb000 rw-p 00000000 00:00 0                          [stack]
7ffc72cf6000-7ffc72cf9000 r--p 00000000 00:00 0                          [vvar]
7ffc72cf9000-7ffc72cfb000 r-xp 00000000 00:00 0                          [vdso]
ffffffffff600000-ffffffffff601000 r-xp 00000000 00:00 0                  [vsyscall]

VM Arguments:
jvm_args: -agentlib:jdwp=transport=dt_socket,address=127.0.0.1:38523,suspend=y,server=n -Dfile.encoding=UTF-8 
java_command: com.Al.questions.chapter1.Inprefixtopostfix
java_class_path (initial): /home/lsclike/IdeaProjects/Algorithm/out/production/Algorithm:/home/lsclike/java_library/algs4.jar:/home/lsclike/java_library/stdlib.jar:/home/lsclike/Java/idea-IU-172.4574.11/lib/idea_rt.jar
Launcher Type: SUN_STANDARD

Logging:
Log output configuration:
#0: stdout all=warning uptime,level,tags
#1: stderr all=off uptime,level,tags

Environment Variables:
PATH=/home/lsclike/.rvm/gems/ruby-2.4.1/bin:/home/lsclike/.rvm/gems/ruby-2.4.1@global/bin:/home/lsclike/.rvm/rubies/ruby-2.4.1/bin:/home/lsclike/node-v8.9.4-linux-x64/bin:/home/lsclike/Java/idea-IU-172.4574.11/bin:/home/lsclike/bin:/home/lsclike/.local/bin:/usr/local/sbin:/usr/local/bin:/usr/sbin:/usr/bin:/sbin:/bin:/usr/games:/usr/local/games:/snap/bin:/home/lsclike/.rvm/bin:/home/lsclike/ruby_ide/RubyMine-2017.2.4/bin
:/home/lsclike/.rvm/bin:/home/lsclike/.rvm/bin
LD_LIBRARY_PATH=/home/lsclike/Java/idea-IU-172.4574.11/bin:
SHELL=/usr/bin/zsh
DISPLAY=:0

Signal Handlers:
SIGSEGV: [libjvm.so+0xd4ce90], sa_mask[0]=11111111011111111101111111111110, sa_flags=SA_RESTART|SA_SIGINFO
SIGBUS: [libjvm.so+0xd4ce90], sa_mask[0]=11111111011111111101111111111110, sa_flags=SA_RESTART|SA_SIGINFO
SIGFPE: [libjvm.so+0xd4ce90], sa_mask[0]=11111111011111111101111111111110, sa_flags=SA_RESTART|SA_SIGINFO
SIGPIPE: [libjvm.so+0xb64460], sa_mask[0]=11111111011111111101111111111110, sa_flags=SA_RESTART|SA_SIGINFO
SIGXFSZ: [libjvm.so+0xb64460], sa_mask[0]=11111111011111111101111111111110, sa_flags=SA_RESTART|SA_SIGINFO
SIGILL: [libjvm.so+0xd4ce90], sa_mask[0]=11111111011111111101111111111110, sa_flags=SA_RESTART|SA_SIGINFO
SIGUSR2: [libjvm.so+0xb64320], sa_mask[0]=00100000000000000000000000000000, sa_flags=SA_RESTART|SA_SIGINFO
SIGHUP: [libjvm.so+0xb64530], sa_mask[0]=11111111011111111101111111111110, sa_flags=SA_RESTART|SA_SIGINFO
SIGINT: [libjvm.so+0xb64530], sa_mask[0]=11111111011111111101111111111110, sa_flags=SA_RESTART|SA_SIGINFO
SIGTERM: [libjvm.so+0xb64530], sa_mask[0]=11111111011111111101111111111110, sa_flags=SA_RESTART|SA_SIGINFO
SIGQUIT: [libjvm.so+0xb64530], sa_mask[0]=11111111011111111101111111111110, sa_flags=SA_RESTART|SA_SIGINFO


---------------  S Y S T E M  ---------------

OS:DISTRIB_ID=Ubuntu
DISTRIB_RELEASE=16.04
DISTRIB_CODENAME=xenial
DISTRIB_DESCRIPTION="Ubuntu 16.04.3 LTS"
uname:Linux 4.13.0-26-generic #29~16.04.2-Ubuntu SMP Tue Jan 9 22:00:44 UTC 2018 x86_64
libc:glibc 2.23 NPTL 2.23 
rlimit: STACK 8192k, CORE 0k, NPROC 31610, NOFILE 1048576, AS infinity
load average:0.84 1.15 1.09

/proc/meminfo:
MemTotal:        8144708 kB
MemFree:          236240 kB
MemAvailable:     503652 kB
Buffers:           52520 kB
Cached:           605008 kB
SwapCached:        58556 kB
Active:          3335052 kB
Inactive:         857144 kB
Active(anon):    3092988 kB
Inactive(anon):   638312 kB
Active(file):     242064 kB
Inactive(file):   218832 kB
Unevictable:         224 kB
Mlocked:             224 kB
SwapTotal:       4191228 kB
SwapFree:        3492060 kB
Dirty:              5968 kB
Writeback:             0 kB
AnonPages:       3513076 kB
Mapped:           382784 kB
Shmem:            196632 kB
Slab:             143372 kB
SReclaimable:      55652 kB
SUnreclaim:        87720 kB
KernelStack:       22960 kB
PageTables:        72216 kB
NFS_Unstable:          0 kB
Bounce:                0 kB
WritebackTmp:          0 kB
CommitLimit:     8263580 kB
Committed_AS:   14713544 kB
VmallocTotal:   34359738367 kB
VmallocUsed:           0 kB
VmallocChunk:          0 kB
HardwareCorrupted:     0 kB
AnonHugePages:         0 kB
ShmemHugePages:        0 kB
ShmemPmdMapped:        0 kB
CmaTotal:              0 kB
CmaFree:               0 kB
HugePages_Total:       0
HugePages_Free:        0
HugePages_Rsvd:        0
HugePages_Surp:        0
Hugepagesize:       2048 kB
DirectMap4k:      358208 kB
DirectMap2M:     8030208 kB
DirectMap1G:     2097152 kB


CPU:total 4 (initial active 4) (2 cores per cpu, 1 threads per core) family 6 model 142 stepping 9, cmov, cx8, fxsr, mmx, sse, sse2, sse3, ssse3, sse4.1, sse4.2, popcnt, avx, avx2, aes, clmul, erms, 3dnowpref, lzcnt, tsc, tscinvbit, bmi1, bmi2, adx, fma
CPU Model and flags from /proc/cpuinfo:
model name	: Intel(R) Core(TM) i5-7200U CPU @ 2.50GHz
flags		: fpu vme de pse tsc msr pae mce cx8 apic sep mtrr pge mca cmov pat pse36 clflush mmx fxsr sse sse2 ss ht syscall nx pdpe1gb rdtscp lm constant_tsc arch_perfmon nopl xtopology tsc_reliable nonstop_tsc cpuid pni pclmulqdq ssse3 fma cx16 pcid sse4_1 sse4_2 x2apic movbe popcnt tsc_deadline_timer aes xsave avx f16c rdrand hypervisor lahf_lm abm 3dnowprefetch cpuid_fault invpcid_single pti fsgsbase tsc_adjust bmi1 avx2 smep bmi2 invpcid mpx rdseed adx smap clflushopt xsaveopt xsavec xsaves arat

Memory: 4k page, physical 8144708k(236240k free), swap 4191228k(3492060k free)

vm_info: Java HotSpot(TM) 64-Bit Server VM (9.0.1+11) for linux-amd64 JRE (9.0.1+11), built on Sep 27 2017 20:48:27 by "mach5one" with gcc 4.9.2

END.
