#
# A fatal error has been detected by the Java Runtime Environment:
#
#  SIGSEGV (0xb) at pc=0x00007f82a79878ee, pid=13524, tid=13546
#
# JRE version: Java(TM) SE Runtime Environment (9.0+11) (build 9.0.1+11)
# Java VM: Java HotSpot(TM) 64-Bit Server VM (9.0.1+11, mixed mode, tiered, compressed oops, g1 gc, linux-amd64)
# Problematic frame:
# V  [libjvm.so+0x8128ee]  InstanceKlass::allocate_instance(Thread*)+0xae
#
# Core dump will be written. Default location: Core dumps may be processed with "/usr/share/apport/apport %p %s %c %d %P" (or dumping to /home/lsclike/IdeaProjects/Algorithm/core.13524)
#
# If you would like to submit a bug report, please visit:
#   http://bugreport.java.com/bugreport/crash.jsp
#

---------------  S U M M A R Y ------------

Command Line: -agentlib:jdwp=transport=dt_socket,address=127.0.0.1:34359,suspend=y,server=n -Dfile.encoding=UTF-8 com.Al.questions.chapter1.Inprefixtopostfix

Host: Intel(R) Core(TM) i5-7200U CPU @ 2.50GHz, 4 cores, 7G, Ubuntu 16.04.3 LTS
Time: Tue Jan 23 17:51:53 2018 AEDT elapsed time: 4604 seconds (0d 1h 16m 44s)

---------------  T H R E A D  ---------------

Current thread (0x00007f82a0133800):  VMThread "VM Thread" [stack: 0x00007f82845fd000,0x00007f82846fd000] [id=13546]

Stack: [0x00007f82845fd000,0x00007f82846fd000],  sp=0x00007f82846fb180,  free space=1016k
Native frames: (J=compiled Java code, A=aot compiled Java code, j=interpreted, Vv=VM code, C=native code)
V  [libjvm.so+0x8128ee]  InstanceKlass::allocate_instance(Thread*)+0xae
V  [libjvm.so+0x83ec3d]  java_lang_String::basic_create(int, bool, Thread*)+0x2d
V  [libjvm.so+0x83eec5]  java_lang_String::create_from_str(char const*, Thread*)+0x45
V  [libjvm.so+0x70736d]  Exceptions::new_exception(Thread*, Symbol*, char const*, Exceptions::ExceptionMsgToUtf8Mode)+0x10d
V  [libjvm.so+0x7a95c6]  GenerateOopMap::verify_error(char const*, ...)+0x86
V  [libjvm.so+0x7abc69]  GenerateOopMap::do_ldc(int)+0x139
V  [libjvm.so+0x7acf1d]  GenerateOopMap::interp1(BytecodeStream*)+0x86d
V  [libjvm.so+0x7ae104]  GenerateOopMap::interp_bb(BasicBlock*)+0x144
V  [libjvm.so+0x7b002f]  GenerateOopMap::do_interpretation()+0x9f
V  [libjvm.so+0x7b040b]  GenerateOopMap::compute_map(Thread*)+0x26b
V  [libjvm.so+0xb5a267]  OopMapForCacheEntry::compute_map(Thread*)+0x67
V  [libjvm.so+0xb5aedc]  OopMapCacheEntry::fill(methodHandle, int)+0x12c
V  [libjvm.so+0xb5b722]  OopMapCache::compute_one_oop_map(methodHandle const&, int, InterpreterOopMap*)+0x102
V  [libjvm.so+0xb5ba36]  OopMapCache::lookup(methodHandle const&, int, InterpreterOopMap*) const+0x216
V  [libjvm.so+0xafb264]  Method::mask_for(int, InterpreterOopMap*)+0x74
V  [libjvm.so+0x9a57ed]  VM_GetOrSetLocal::doit()+0x4d
V  [libjvm.so+0xd5d019]  VM_Operation::evaluate()+0x59
V  [libjvm.so+0xd5ad63]  VMThread::evaluate_operation(VM_Operation*)+0xc3
V  [libjvm.so+0xd5b2d0]  VMThread::loop()+0x210
V  [libjvm.so+0xd5b7e2]  VMThread::run()+0x72
V  [libjvm.so+0xb6de12]  thread_native_entry(Thread*)+0xf2


siginfo: si_signo: 11 (SIGSEGV), si_code: 1 (SEGV_MAPERR), si_addr: 0x0000003f0102000c

Register to memory mapping:

RAX=0x0000003f01020018 is an unknown value
RBX=0x0000003f01020000 is an unknown value
RCX=0x0000000000000000 is an unknown value
RDX=0x0022a1bb1fe281c1 is an unknown value
RSP=0x00007f82846fb180 is an unknown value
RBP=0x00007f82846fb1e0 is an unknown value
RSI=0x00007f82a0133800 is an unknown value
RDI=0x00000001000016d0 is pointing into metadata
R8 =0x000000000000006e is an unknown value
R9 =0x000000000000006e is an unknown value
R10=0x0000000000000004 is an unknown value
R11=0x00007f823805c2f0 is an unknown value
R12=0x00007f82a0133800 is an unknown value
R13=0x000000000000004c is an unknown value
R14=0x00007f82a84a6539: <offset 0x0000000001331539> in /home/lsclike/JDK/jdk-9.0.1/lib/server/libjvm.so at 0x00007f82a7175000
R15=0x0000000000000003 is an unknown value


Registers:
RAX=0x0000003f01020018, RBX=0x0000003f01020000, RCX=0x0000000000000000, RDX=0x0022a1bb1fe281c1
RSP=0x00007f82846fb180, RBP=0x00007f82846fb1e0, RSI=0x00007f82a0133800, RDI=0x00000001000016d0
R8 =0x000000000000006e, R9 =0x000000000000006e, R10=0x0000000000000004, R11=0x00007f823805c2f0
R12=0x00007f82a0133800, R13=0x000000000000004c, R14=0x00007f82a84a6539, R15=0x0000000000000003
RIP=0x00007f82a79878ee, EFLAGS=0x0000000000010202, CSGSFS=0x002b000000000033, ERR=0x0000000000000006
  TRAPNO=0x000000000000000e

Top of Stack: (sp=0x00007f82846fb180)
0x00007f82846fb180:   0000000000000000 0020003100000003
0x00007f82846fb190:   00000001000016d0 0000000000000000
0x00007f82846fb1a0:   00007f82a7f6cd98 00007f82846fb8d8
0x00007f82846fb1b0:   4fffffffffffffff 00007f82a0133800 

Instructions: (pc=0x00007f82a79878ee)
0x00007f82a79878ce:   24 08 48 85 c0 0f 85 f7 00 00 00 4c 8d 35 59 ec
0x00007f82a79878de:   b1 00 41 80 3e 00 0f 84 46 01 00 00 49 83 ff 02
0x00007f82a79878ee:   c7 43 0c 00 00 00 00 48 8d 7b 10 49 8d 47 fd 74
0x00007f82a79878fe:   0f 48 8d 14 c5 08 00 00 00 31 f6 e8 22 f7 a5 ff 

VM_Operation (0x00007f82555cea70): GetOrSetLocal, mode: safepoint, requested by thread 0x00007f82a020b000


---------------  P R O C E S S  ---------------

Java Threads: ( => current thread )
  0x00007f82a0211000 JavaThread "Service Thread" daemon [_thread_blocked, id=13564, stack(0x00007f82551cc000,0x00007f82552cd000)]
  0x00007f8224001000 JavaThread "JDWP Command Reader" daemon [_thread_in_native, id=13561, stack(0x00007f82552cd000,0x00007f82553ce000)]
  0x00007f82a020f000 JavaThread "JDWP Event Helper Thread" daemon [_thread_blocked, id=13560, stack(0x00007f82553ce000,0x00007f82554cf000)]
  0x00007f82a020b000 JavaThread "JDWP Transport Listener: dt_socket" daemon [_thread_blocked, id=13559, stack(0x00007f82554cf000,0x00007f82555d0000)]
  0x00007f82a017d000 JavaThread "Common-Cleaner" daemon [_thread_blocked, id=13554, stack(0x00007f82557d4000,0x00007f82558d5000)]
  0x00007f82a0168800 JavaThread "Sweeper thread" daemon [_thread_blocked, id=13553, stack(0x00007f8255cfd000,0x00007f8255dfe000)]
  0x00007f82a0166800 JavaThread "C1 CompilerThread2" daemon [_thread_blocked, id=13552, stack(0x00007f8255dfe000,0x00007f8255eff000)]
  0x00007f82a0164800 JavaThread "C2 CompilerThread1" daemon [_thread_blocked, id=13551, stack(0x00007f8255eff000,0x00007f8256000000)]
  0x00007f82a0162800 JavaThread "C2 CompilerThread0" daemon [_thread_blocked, id=13550, stack(0x00007f825c0cf000,0x00007f825c1d0000)]
  0x00007f82a0160800 JavaThread "Signal Dispatcher" daemon [_thread_blocked, id=13549, stack(0x00007f8284021000,0x00007f8284122000)]
  0x00007f82a0145800 JavaThread "Finalizer" daemon [_thread_blocked, id=13548, stack(0x00007f82843fa000,0x00007f82844fb000)]
  0x00007f82a013d800 JavaThread "Reference Handler" daemon [_thread_blocked, id=13547, stack(0x00007f82844fb000,0x00007f82845fc000)]
  0x00007f82a0013800 JavaThread "main" [_thread_blocked, id=13526, stack(0x00007f82a9217000,0x00007f82a9317000)]

Other Threads:
=>0x00007f82a0133800 VMThread "VM Thread" [stack: 0x00007f82845fd000,0x00007f82846fd000] [id=13546]
  0x00007f82a0214000 WatcherThread [stack: 0x00007f82550cc000,0x00007f82551cc000] [id=13565]
  0x00007f82a002a800 GCTaskThread "GC Thread#0" [stack: 0x00007f82a56a4000,0x00007f82a57a4000] [id=13529]
  0x00007f82a002c000 GCTaskThread "GC Thread#1" [stack: 0x00007f82a55a3000,0x00007f82a56a3000] [id=13531]
  0x00007f82a002d800 GCTaskThread "GC Thread#2" [stack: 0x00007f82a54a2000,0x00007f82a55a2000] [id=13532]
  0x00007f82a002f800 GCTaskThread "GC Thread#3" [stack: 0x00007f82a53a1000,0x00007f82a54a1000] [id=13536]
  0x00007f82a005e000 ConcurrentGCThread "G1 Main Marker" [stack: 0x00007f82a41d1000,0x00007f82a42d1000] [id=13543]
  0x00007f82a0060000 ConcurrentGCThread "G1 Marker#0" [stack: 0x00007f82a40d0000,0x00007f82a41d0000] [id=13544]
  0x00007f82a0037000 ConcurrentGCThread "G1 Refine#0" [stack: 0x00007f82a4b99000,0x00007f82a4c99000] [id=13541]
  0x00007f82a0035000 ConcurrentGCThread "G1 Refine#1" [stack: 0x00007f82a4c9a000,0x00007f82a4d9a000] [id=13540]
  0x00007f82a0033000 ConcurrentGCThread "G1 Refine#2" [stack: 0x00007f82a4d9b000,0x00007f82a4e9b000] [id=13539]
  0x00007f82a0031800 ConcurrentGCThread "G1 Refine#3" [stack: 0x00007f82a4e9c000,0x00007f82a4f9c000] [id=13538]
  0x00007f82a0038800 ConcurrentGCThread "G1 Young RemSet Sampling" [stack: 0x00007f82a4a98000,0x00007f82a4b98000] [id=13542]

Threads with active compile tasks:

VM state:at safepoint (normal execution)

VM Mutex/Monitor currently owned by a thread:  ([mutex/lock_event])
[0x00007f82a000f640] Threads_lock - owner thread: 0x00007f82a0133800

Heap address: 0x0000000083a00000, size: 1990 MB, Compressed Oops mode: 32-bit
Narrow klass base: 0x0000000000000000, Narrow klass shift: 3
Compressed class space size: 1073741824 Address: 0x0000000100000000

Heap:
 garbage-first heap   total 129024K, used 1024K [0x0000000083a00000, 0x0000000083b003f0, 0x0000000100000000)
  region size 1024K, 2 young (2048K), 0 survivors (0K)
 Metaspace       used 4884K, capacity 4990K, committed 5120K, reserved 1056768K
  class space    used 415K, capacity 430K, committed 512K, reserved 1048576K
Heap Regions: E=young(eden), S=young(survivor), O=old, HS=humongous(starts), HC=humongous(continues), CS=collection set, F=free, A=archive, TS=gc time stamp, AC=allocation context, TAMS=top-at-mark-start (previous, next)
|   0|0x0000000083a00000, 0x0000000083a00000, 0x0000000083b00000|  0%| F|  |TS  0|AC  0|TAMS 0x0000000083a00000, 0x0000000083a00000|
|   1|0x0000000083b00000, 0x0000000083b00000, 0x0000000083c00000|  0%| F|  |TS  0|AC  0|TAMS 0x0000000083b00000, 0x0000000083b00000|
|   2|0x0000000083c00000, 0x0000000083c00000, 0x0000000083d00000|  0%| F|  |TS  0|AC  0|TAMS 0x0000000083c00000, 0x0000000083c00000|
|   3|0x0000000083d00000, 0x0000000083d00000, 0x0000000083e00000|  0%| F|  |TS  0|AC  0|TAMS 0x0000000083d00000, 0x0000000083d00000|
|   4|0x0000000083e00000, 0x0000000083e00000, 0x0000000083f00000|  0%| F|  |TS  0|AC  0|TAMS 0x0000000083e00000, 0x0000000083e00000|
|   5|0x0000000083f00000, 0x0000000083f00000, 0x0000000084000000|  0%| F|  |TS  0|AC  0|TAMS 0x0000000083f00000, 0x0000000083f00000|
|   6|0x0000000084000000, 0x0000000084000000, 0x0000000084100000|  0%| F|  |TS  0|AC  0|TAMS 0x0000000084000000, 0x0000000084000000|
|   7|0x0000000084100000, 0x0000000084100000, 0x0000000084200000|  0%| F|  |TS  0|AC  0|TAMS 0x0000000084100000, 0x0000000084100000|
|   8|0x0000000084200000, 0x0000000084200000, 0x0000000084300000|  0%| F|  |TS  0|AC  0|TAMS 0x0000000084200000, 0x0000000084200000|
|   9|0x0000000084300000, 0x0000000084300000, 0x0000000084400000|  0%| F|  |TS  0|AC  0|TAMS 0x0000000084300000, 0x0000000084300000|
|  10|0x0000000084400000, 0x0000000084400000, 0x0000000084500000|  0%| F|  |TS  0|AC  0|TAMS 0x0000000084400000, 0x0000000084400000|
|  11|0x0000000084500000, 0x0000000084500000, 0x0000000084600000|  0%| F|  |TS  0|AC  0|TAMS 0x0000000084500000, 0x0000000084500000|
|  12|0x0000000084600000, 0x0000000084600000, 0x0000000084700000|  0%| F|  |TS  0|AC  0|TAMS 0x0000000084600000, 0x0000000084600000|
|  13|0x0000000084700000, 0x0000000084700000, 0x0000000084800000|  0%| F|  |TS  0|AC  0|TAMS 0x0000000084700000, 0x0000000084700000|
|  14|0x0000000084800000, 0x0000000084800000, 0x0000000084900000|  0%| F|  |TS  0|AC  0|TAMS 0x0000000084800000, 0x0000000084800000|
|  15|0x0000000084900000, 0x0000000084900000, 0x0000000084a00000|  0%| F|  |TS  0|AC  0|TAMS 0x0000000084900000, 0x0000000084900000|
|  16|0x0000000084a00000, 0x0000000084a00000, 0x0000000084b00000|  0%| F|  |TS  0|AC  0|TAMS 0x0000000084a00000, 0x0000000084a00000|
|  17|0x0000000084b00000, 0x0000000084b00000, 0x0000000084c00000|  0%| F|  |TS  0|AC  0|TAMS 0x0000000084b00000, 0x0000000084b00000|
|  18|0x0000000084c00000, 0x0000000084c00000, 0x0000000084d00000|  0%| F|  |TS  0|AC  0|TAMS 0x0000000084c00000, 0x0000000084c00000|
|  19|0x0000000084d00000, 0x0000000084d00000, 0x0000000084e00000|  0%| F|  |TS  0|AC  0|TAMS 0x0000000084d00000, 0x0000000084d00000|
|  20|0x0000000084e00000, 0x0000000084e00000, 0x0000000084f00000|  0%| F|  |TS  0|AC  0|TAMS 0x0000000084e00000, 0x0000000084e00000|
|  21|0x0000000084f00000, 0x0000000084f00000, 0x0000000085000000|  0%| F|  |TS  0|AC  0|TAMS 0x0000000084f00000, 0x0000000084f00000|
|  22|0x0000000085000000, 0x0000000085000000, 0x0000000085100000|  0%| F|  |TS  0|AC  0|TAMS 0x0000000085000000, 0x0000000085000000|
|  23|0x0000000085100000, 0x0000000085100000, 0x0000000085200000|  0%| F|  |TS  0|AC  0|TAMS 0x0000000085100000, 0x0000000085100000|
|  24|0x0000000085200000, 0x0000000085200000, 0x0000000085300000|  0%| F|  |TS  0|AC  0|TAMS 0x0000000085200000, 0x0000000085200000|
|  25|0x0000000085300000, 0x0000000085300000, 0x0000000085400000|  0%| F|  |TS  0|AC  0|TAMS 0x0000000085300000, 0x0000000085300000|
|  26|0x0000000085400000, 0x0000000085400000, 0x0000000085500000|  0%| F|  |TS  0|AC  0|TAMS 0x0000000085400000, 0x0000000085400000|
|  27|0x0000000085500000, 0x0000000085500000, 0x0000000085600000|  0%| F|  |TS  0|AC  0|TAMS 0x0000000085500000, 0x0000000085500000|
|  28|0x0000000085600000, 0x0000000085600000, 0x0000000085700000|  0%| F|  |TS  0|AC  0|TAMS 0x0000000085600000, 0x0000000085600000|
|  29|0x0000000085700000, 0x0000000085700000, 0x0000000085800000|  0%| F|  |TS  0|AC  0|TAMS 0x0000000085700000, 0x0000000085700000|
|  30|0x0000000085800000, 0x0000000085800000, 0x0000000085900000|  0%| F|  |TS  0|AC  0|TAMS 0x0000000085800000, 0x0000000085800000|
|  31|0x0000000085900000, 0x0000000085900000, 0x0000000085a00000|  0%| F|  |TS  0|AC  0|TAMS 0x0000000085900000, 0x0000000085900000|
|  32|0x0000000085a00000, 0x0000000085a00000, 0x0000000085b00000|  0%| F|  |TS  0|AC  0|TAMS 0x0000000085a00000, 0x0000000085a00000|
|  33|0x0000000085b00000, 0x0000000085b00000, 0x0000000085c00000|  0%| F|  |TS  0|AC  0|TAMS 0x0000000085b00000, 0x0000000085b00000|
|  34|0x0000000085c00000, 0x0000000085c00000, 0x0000000085d00000|  0%| F|  |TS  0|AC  0|TAMS 0x0000000085c00000, 0x0000000085c00000|
|  35|0x0000000085d00000, 0x0000000085d00000, 0x0000000085e00000|  0%| F|  |TS  0|AC  0|TAMS 0x0000000085d00000, 0x0000000085d00000|
|  36|0x0000000085e00000, 0x0000000085e00000, 0x0000000085f00000|  0%| F|  |TS  0|AC  0|TAMS 0x0000000085e00000, 0x0000000085e00000|
|  37|0x0000000085f00000, 0x0000000085f00000, 0x0000000086000000|  0%| F|  |TS  0|AC  0|TAMS 0x0000000085f00000, 0x0000000085f00000|
|  38|0x0000000086000000, 0x0000000086000000, 0x0000000086100000|  0%| F|  |TS  0|AC  0|TAMS 0x0000000086000000, 0x0000000086000000|
|  39|0x0000000086100000, 0x0000000086100000, 0x0000000086200000|  0%| F|  |TS  0|AC  0|TAMS 0x0000000086100000, 0x0000000086100000|
|  40|0x0000000086200000, 0x0000000086200000, 0x0000000086300000|  0%| F|  |TS  0|AC  0|TAMS 0x0000000086200000, 0x0000000086200000|
|  41|0x0000000086300000, 0x0000000086300000, 0x0000000086400000|  0%| F|  |TS  0|AC  0|TAMS 0x0000000086300000, 0x0000000086300000|
|  42|0x0000000086400000, 0x0000000086400000, 0x0000000086500000|  0%| F|  |TS  0|AC  0|TAMS 0x0000000086400000, 0x0000000086400000|
|  43|0x0000000086500000, 0x0000000086500000, 0x0000000086600000|  0%| F|  |TS  0|AC  0|TAMS 0x0000000086500000, 0x0000000086500000|
|  44|0x0000000086600000, 0x0000000086600000, 0x0000000086700000|  0%| F|  |TS  0|AC  0|TAMS 0x0000000086600000, 0x0000000086600000|
|  45|0x0000000086700000, 0x0000000086700000, 0x0000000086800000|  0%| F|  |TS  0|AC  0|TAMS 0x0000000086700000, 0x0000000086700000|
|  46|0x0000000086800000, 0x0000000086800000, 0x0000000086900000|  0%| F|  |TS  0|AC  0|TAMS 0x0000000086800000, 0x0000000086800000|
|  47|0x0000000086900000, 0x0000000086900000, 0x0000000086a00000|  0%| F|  |TS  0|AC  0|TAMS 0x0000000086900000, 0x0000000086900000|
|  48|0x0000000086a00000, 0x0000000086a00000, 0x0000000086b00000|  0%| F|  |TS  0|AC  0|TAMS 0x0000000086a00000, 0x0000000086a00000|
|  49|0x0000000086b00000, 0x0000000086b00000, 0x0000000086c00000|  0%| F|  |TS  0|AC  0|TAMS 0x0000000086b00000, 0x0000000086b00000|
|  50|0x0000000086c00000, 0x0000000086c00000, 0x0000000086d00000|  0%| F|  |TS  0|AC  0|TAMS 0x0000000086c00000, 0x0000000086c00000|
|  51|0x0000000086d00000, 0x0000000086d00000, 0x0000000086e00000|  0%| F|  |TS  0|AC  0|TAMS 0x0000000086d00000, 0x0000000086d00000|
|  52|0x0000000086e00000, 0x0000000086e00000, 0x0000000086f00000|  0%| F|  |TS  0|AC  0|TAMS 0x0000000086e00000, 0x0000000086e00000|
|  53|0x0000000086f00000, 0x0000000086f00000, 0x0000000087000000|  0%| F|  |TS  0|AC  0|TAMS 0x0000000086f00000, 0x0000000086f00000|
|  54|0x0000000087000000, 0x0000000087000000, 0x0000000087100000|  0%| F|  |TS  0|AC  0|TAMS 0x0000000087000000, 0x0000000087000000|
|  55|0x0000000087100000, 0x0000000087100000, 0x0000000087200000|  0%| F|  |TS  0|AC  0|TAMS 0x0000000087100000, 0x0000000087100000|
|  56|0x0000000087200000, 0x0000000087200000, 0x0000000087300000|  0%| F|  |TS  0|AC  0|TAMS 0x0000000087200000, 0x0000000087200000|
|  57|0x0000000087300000, 0x0000000087300000, 0x0000000087400000|  0%| F|  |TS  0|AC  0|TAMS 0x0000000087300000, 0x0000000087300000|
|  58|0x0000000087400000, 0x0000000087400000, 0x0000000087500000|  0%| F|  |TS  0|AC  0|TAMS 0x0000000087400000, 0x0000000087400000|
|  59|0x0000000087500000, 0x0000000087500000, 0x0000000087600000|  0%| F|  |TS  0|AC  0|TAMS 0x0000000087500000, 0x0000000087500000|
|  60|0x0000000087600000, 0x0000000087600000, 0x0000000087700000|  0%| F|  |TS  0|AC  0|TAMS 0x0000000087600000, 0x0000000087600000|
|  61|0x0000000087700000, 0x0000000087700000, 0x0000000087800000|  0%| F|  |TS  0|AC  0|TAMS 0x0000000087700000, 0x0000000087700000|
|  62|0x0000000087800000, 0x0000000087800000, 0x0000000087900000|  0%| F|  |TS  0|AC  0|TAMS 0x0000000087800000, 0x0000000087800000|
|  63|0x0000000087900000, 0x0000000087900000, 0x0000000087a00000|  0%| F|  |TS  0|AC  0|TAMS 0x0000000087900000, 0x0000000087900000|
|  64|0x0000000087a00000, 0x0000000087a00000, 0x0000000087b00000|  0%| F|  |TS  0|AC  0|TAMS 0x0000000087a00000, 0x0000000087a00000|
|  65|0x0000000087b00000, 0x0000000087b00000, 0x0000000087c00000|  0%| F|  |TS  0|AC  0|TAMS 0x0000000087b00000, 0x0000000087b00000|
|  66|0x0000000087c00000, 0x0000000087c00000, 0x0000000087d00000|  0%| F|  |TS  0|AC  0|TAMS 0x0000000087c00000, 0x0000000087c00000|
|  67|0x0000000087d00000, 0x0000000087d00000, 0x0000000087e00000|  0%| F|  |TS  0|AC  0|TAMS 0x0000000087d00000, 0x0000000087d00000|
|  68|0x0000000087e00000, 0x0000000087e00000, 0x0000000087f00000|  0%| F|  |TS  0|AC  0|TAMS 0x0000000087e00000, 0x0000000087e00000|
|  69|0x0000000087f00000, 0x0000000087f00000, 0x0000000088000000|  0%| F|  |TS  0|AC  0|TAMS 0x0000000087f00000, 0x0000000087f00000|
|  70|0x0000000088000000, 0x0000000088000000, 0x0000000088100000|  0%| F|  |TS  0|AC  0|TAMS 0x0000000088000000, 0x0000000088000000|
|  71|0x0000000088100000, 0x0000000088100000, 0x0000000088200000|  0%| F|  |TS  0|AC  0|TAMS 0x0000000088100000, 0x0000000088100000|
|  72|0x0000000088200000, 0x0000000088200000, 0x0000000088300000|  0%| F|  |TS  0|AC  0|TAMS 0x0000000088200000, 0x0000000088200000|
|  73|0x0000000088300000, 0x0000000088300000, 0x0000000088400000|  0%| F|  |TS  0|AC  0|TAMS 0x0000000088300000, 0x0000000088300000|
|  74|0x0000000088400000, 0x0000000088400000, 0x0000000088500000|  0%| F|  |TS  0|AC  0|TAMS 0x0000000088400000, 0x0000000088400000|
|  75|0x0000000088500000, 0x0000000088500000, 0x0000000088600000|  0%| F|  |TS  0|AC  0|TAMS 0x0000000088500000, 0x0000000088500000|
|  76|0x0000000088600000, 0x0000000088600000, 0x0000000088700000|  0%| F|  |TS  0|AC  0|TAMS 0x0000000088600000, 0x0000000088600000|
|  77|0x0000000088700000, 0x0000000088700000, 0x0000000088800000|  0%| F|  |TS  0|AC  0|TAMS 0x0000000088700000, 0x0000000088700000|
|  78|0x0000000088800000, 0x0000000088800000, 0x0000000088900000|  0%| F|  |TS  0|AC  0|TAMS 0x0000000088800000, 0x0000000088800000|
|  79|0x0000000088900000, 0x0000000088900000, 0x0000000088a00000|  0%| F|  |TS  0|AC  0|TAMS 0x0000000088900000, 0x0000000088900000|
|  80|0x0000000088a00000, 0x0000000088a00000, 0x0000000088b00000|  0%| F|  |TS  0|AC  0|TAMS 0x0000000088a00000, 0x0000000088a00000|
|  81|0x0000000088b00000, 0x0000000088b00000, 0x0000000088c00000|  0%| F|  |TS  0|AC  0|TAMS 0x0000000088b00000, 0x0000000088b00000|
|  82|0x0000000088c00000, 0x0000000088c00000, 0x0000000088d00000|  0%| F|  |TS  0|AC  0|TAMS 0x0000000088c00000, 0x0000000088c00000|
|  83|0x0000000088d00000, 0x0000000088d00000, 0x0000000088e00000|  0%| F|  |TS  0|AC  0|TAMS 0x0000000088d00000, 0x0000000088d00000|
|  84|0x0000000088e00000, 0x0000000088e00000, 0x0000000088f00000|  0%| F|  |TS  0|AC  0|TAMS 0x0000000088e00000, 0x0000000088e00000|
|  85|0x0000000088f00000, 0x0000000088f00000, 0x0000000089000000|  0%| F|  |TS  0|AC  0|TAMS 0x0000000088f00000, 0x0000000088f00000|
|  86|0x0000000089000000, 0x0000000089000000, 0x0000000089100000|  0%| F|  |TS  0|AC  0|TAMS 0x0000000089000000, 0x0000000089000000|
|  87|0x0000000089100000, 0x0000000089100000, 0x0000000089200000|  0%| F|  |TS  0|AC  0|TAMS 0x0000000089100000, 0x0000000089100000|
|  88|0x0000000089200000, 0x0000000089200000, 0x0000000089300000|  0%| F|  |TS  0|AC  0|TAMS 0x0000000089200000, 0x0000000089200000|
|  89|0x0000000089300000, 0x0000000089300000, 0x0000000089400000|  0%| F|  |TS  0|AC  0|TAMS 0x0000000089300000, 0x0000000089300000|
|  90|0x0000000089400000, 0x0000000089400000, 0x0000000089500000|  0%| F|  |TS  0|AC  0|TAMS 0x0000000089400000, 0x0000000089400000|
|  91|0x0000000089500000, 0x0000000089500000, 0x0000000089600000|  0%| F|  |TS  0|AC  0|TAMS 0x0000000089500000, 0x0000000089500000|
|  92|0x0000000089600000, 0x0000000089600000, 0x0000000089700000|  0%| F|  |TS  0|AC  0|TAMS 0x0000000089600000, 0x0000000089600000|
|  93|0x0000000089700000, 0x0000000089700000, 0x0000000089800000|  0%| F|  |TS  0|AC  0|TAMS 0x0000000089700000, 0x0000000089700000|
|  94|0x0000000089800000, 0x0000000089800000, 0x0000000089900000|  0%| F|  |TS  0|AC  0|TAMS 0x0000000089800000, 0x0000000089800000|
|  95|0x0000000089900000, 0x0000000089900000, 0x0000000089a00000|  0%| F|  |TS  0|AC  0|TAMS 0x0000000089900000, 0x0000000089900000|
|  96|0x0000000089a00000, 0x0000000089a00000, 0x0000000089b00000|  0%| F|  |TS  0|AC  0|TAMS 0x0000000089a00000, 0x0000000089a00000|
|  97|0x0000000089b00000, 0x0000000089b00000, 0x0000000089c00000|  0%| F|  |TS  0|AC  0|TAMS 0x0000000089b00000, 0x0000000089b00000|
|  98|0x0000000089c00000, 0x0000000089c00000, 0x0000000089d00000|  0%| F|  |TS  0|AC  0|TAMS 0x0000000089c00000, 0x0000000089c00000|
|  99|0x0000000089d00000, 0x0000000089d00000, 0x0000000089e00000|  0%| F|  |TS  0|AC  0|TAMS 0x0000000089d00000, 0x0000000089d00000|
| 100|0x0000000089e00000, 0x0000000089e00000, 0x0000000089f00000|  0%| F|  |TS  0|AC  0|TAMS 0x0000000089e00000, 0x0000000089e00000|
| 101|0x0000000089f00000, 0x0000000089f00000, 0x000000008a000000|  0%| F|  |TS  0|AC  0|TAMS 0x0000000089f00000, 0x0000000089f00000|
| 102|0x000000008a000000, 0x000000008a000000, 0x000000008a100000|  0%| F|  |TS  0|AC  0|TAMS 0x000000008a000000, 0x000000008a000000|
| 103|0x000000008a100000, 0x000000008a100000, 0x000000008a200000|  0%| F|  |TS  0|AC  0|TAMS 0x000000008a100000, 0x000000008a100000|
| 104|0x000000008a200000, 0x000000008a200000, 0x000000008a300000|  0%| F|  |TS  0|AC  0|TAMS 0x000000008a200000, 0x000000008a200000|
| 105|0x000000008a300000, 0x000000008a300000, 0x000000008a400000|  0%| F|  |TS  0|AC  0|TAMS 0x000000008a300000, 0x000000008a300000|
| 106|0x000000008a400000, 0x000000008a400000, 0x000000008a500000|  0%| F|  |TS  0|AC  0|TAMS 0x000000008a400000, 0x000000008a400000|
| 107|0x000000008a500000, 0x000000008a500000, 0x000000008a600000|  0%| F|  |TS  0|AC  0|TAMS 0x000000008a500000, 0x000000008a500000|
| 108|0x000000008a600000, 0x000000008a600000, 0x000000008a700000|  0%| F|  |TS  0|AC  0|TAMS 0x000000008a600000, 0x000000008a600000|
| 109|0x000000008a700000, 0x000000008a700000, 0x000000008a800000|  0%| F|  |TS  0|AC  0|TAMS 0x000000008a700000, 0x000000008a700000|
| 110|0x000000008a800000, 0x000000008a800000, 0x000000008a900000|  0%| F|  |TS  0|AC  0|TAMS 0x000000008a800000, 0x000000008a800000|
| 111|0x000000008a900000, 0x000000008a900000, 0x000000008aa00000|  0%| F|  |TS  0|AC  0|TAMS 0x000000008a900000, 0x000000008a900000|
| 112|0x000000008aa00000, 0x000000008aa00000, 0x000000008ab00000|  0%| F|  |TS  0|AC  0|TAMS 0x000000008aa00000, 0x000000008aa00000|
| 113|0x000000008ab00000, 0x000000008ab00000, 0x000000008ac00000|  0%| F|  |TS  0|AC  0|TAMS 0x000000008ab00000, 0x000000008ab00000|
| 114|0x000000008ac00000, 0x000000008ac00000, 0x000000008ad00000|  0%| F|  |TS  0|AC  0|TAMS 0x000000008ac00000, 0x000000008ac00000|
| 115|0x000000008ad00000, 0x000000008ad00000, 0x000000008ae00000|  0%| F|  |TS  0|AC  0|TAMS 0x000000008ad00000, 0x000000008ad00000|
| 116|0x000000008ae00000, 0x000000008ae00000, 0x000000008af00000|  0%| F|  |TS  0|AC  0|TAMS 0x000000008ae00000, 0x000000008ae00000|
| 117|0x000000008af00000, 0x000000008af00000, 0x000000008b000000|  0%| F|  |TS  0|AC  0|TAMS 0x000000008af00000, 0x000000008af00000|
| 118|0x000000008b000000, 0x000000008b000000, 0x000000008b100000|  0%| F|  |TS  0|AC  0|TAMS 0x000000008b000000, 0x000000008b000000|
| 119|0x000000008b100000, 0x000000008b100000, 0x000000008b200000|  0%| F|  |TS  0|AC  0|TAMS 0x000000008b100000, 0x000000008b100000|
| 120|0x000000008b200000, 0x000000008b200000, 0x000000008b300000|  0%| F|  |TS  0|AC  0|TAMS 0x000000008b200000, 0x000000008b200000|
| 121|0x000000008b300000, 0x000000008b300000, 0x000000008b400000|  0%| F|  |TS  0|AC  0|TAMS 0x000000008b300000, 0x000000008b300000|
| 122|0x000000008b400000, 0x000000008b400000, 0x000000008b500000|  0%| F|  |TS  0|AC  0|TAMS 0x000000008b400000, 0x000000008b400000|
| 123|0x000000008b500000, 0x000000008b500000, 0x000000008b600000|  0%| F|  |TS  0|AC  0|TAMS 0x000000008b500000, 0x000000008b500000|
| 124|0x000000008b600000, 0x000000008b700000, 0x000000008b700000|100%| E|  |TS  0|AC  0|TAMS 0x000000008b600000, 0x000000008b600000|
| 125|0x000000008b700000, 0x000000008b800000, 0x000000008b800000|100%| E|CS|TS  0|AC  0|TAMS 0x000000008b700000, 0x000000008b700000|

Card table byte_map: [0x00007f828575a000,0x00007f8285b3d000] byte_map_base: 0x00007f828533d000

Marking Bits (Prev, Next): (CMBitMap*) 0x00007f82a005d660, (CMBitMap*) 0x00007f82a005d698
 Prev Bits: [0x00007f825e0e8000, 0x00007f8260000000)
 Next Bits: [0x00007f825c1d0000, 0x00007f825e0e8000)

Polling page: 0x00007f82a9332000

CodeHeap 'non-profiled nmethods': size=120032Kb used=42Kb max_used=42Kb free=119989Kb
 bounds [0x00007f828d605000, 0x00007f828d875000, 0x00007f8294b3d000]
CodeHeap 'profiled nmethods': size=120032Kb used=216Kb max_used=216Kb free=119816Kb
 bounds [0x00007f82860cd000, 0x00007f828633d000, 0x00007f828d605000]
CodeHeap 'non-nmethods': size=5696Kb used=1150Kb max_used=1161Kb free=4545Kb
 bounds [0x00007f8285b3d000, 0x00007f8285dad000, 0x00007f82860cd000]
 total_blobs=506 nmethods=166 adapters=198
 compilation: enabled

Compilation events (10 events):
Event: 0.706 Thread 0x00007f82a0166800  162       3       java.lang.AbstractStringBuilder::isLatin1 (19 bytes)
Event: 0.706 Thread 0x00007f82a0166800 nmethod 162 0x00007f8286100a10 code [0x00007f8286100bc0, 0x00007f8286100d90]
Event: 0.708 Thread 0x00007f82a0162800  163       4       java.lang.String::coder (15 bytes)
Event: 0.708 Thread 0x00007f82a0162800 nmethod 163 0x00007f828d60f610 code [0x00007f828d60f7a0, 0x00007f828d60f7f8]
Event: 0.713 Thread 0x00007f82a0166800  164       3       java.lang.StringLatin1::lastIndexOf (40 bytes)
Event: 0.714 Thread 0x00007f82a0166800 nmethod 164 0x00007f8286100e10 code [0x00007f8286100fe0, 0x00007f82861013d0]
Event: 1.271 Thread 0x00007f82a0166800  165       3       java.util.Arrays::copyOfRange (63 bytes)
Event: 1.272 Thread 0x00007f82a0166800 nmethod 165 0x00007f8286101510 code [0x00007f82861017c0, 0x00007f8286102598]
Event: 1.272 Thread 0x00007f82a0166800  166       3       java.lang.StringLatin1::newString (17 bytes)
Event: 1.273 Thread 0x00007f82a0166800 nmethod 166 0x00007f8286102a10 code [0x00007f8286102be0, 0x00007f8286102ee8]

GC Heap History (0 events):
No events

Deoptimization events (0 events):
No events

Classes redefined (5 events):
Event: 111.351 Thread 0x00007f82a0133800 redefined class name=com.Al.questions.chapter1.Inprefixtopostfix, count=1
Event: 283.759 Thread 0x00007f82a0133800 redefined class name=com.Al.questions.chapter1.Inprefixtopostfix, count=2
Event: 3689.923 Thread 0x00007f82a0133800 redefined class name=com.Al.questions.chapter1.Inprefixtopostfix, count=3
Event: 3836.284 Thread 0x00007f82a0133800 redefined class name=com.Al.questions.chapter1.Inprefixtopostfix, count=4
Event: 4604.562 Thread 0x00007f82a0133800 redefined class name=com.Al.questions.chapter1.Inprefixtopostfix, count=5

Internal exceptions (0 events):
No events

Events (10 events):
Event: 4604.570 Executing VM operation: GetFrameLocation done
Event: 4604.644 Executing VM operation: ChangeBreakpoints
Event: 4604.644 Executing VM operation: ChangeBreakpoints done
Event: 4604.646 Executing VM operation: ChangeBreakpoints
Event: 4604.647 Executing VM operation: ChangeBreakpoints done
Event: 4604.655 Executing VM operation: ChangeBreakpoints
Event: 4604.656 Executing VM operation: ChangeBreakpoints done
Event: 4604.666 Executing VM operation: ChangeBreakpoints
Event: 4604.666 Executing VM operation: ChangeBreakpoints done
Event: 4604.693 Executing VM operation: GetOrSetLocal


Dynamic libraries:
00400000-00401000 r-xp 00000000 08:01 810010                             /home/lsclike/JDK/jdk-9.0.1/bin/java
00600000-00601000 rw-p 00000000 08:01 810010                             /home/lsclike/JDK/jdk-9.0.1/bin/java
01419000-0143a000 rw-p 00000000 00:00 0                                  [heap]
83a00000-8b800000 rw-p 00000000 00:00 0 
8b800000-100000000 ---p 00000000 00:00 0 
100000000-100080000 rw-p 00000000 00:00 0 
100080000-140000000 ---p 00000000 00:00 0 
7f8214000000-7f8214021000 rw-p 00000000 00:00 0 
7f8214021000-7f8218000000 ---p 00000000 00:00 0 
7f821c000000-7f821c021000 rw-p 00000000 00:00 0 
7f821c021000-7f8220000000 ---p 00000000 00:00 0 
7f8220000000-7f8220021000 rw-p 00000000 00:00 0 
7f8220021000-7f8224000000 ---p 00000000 00:00 0 
7f8224000000-7f8224025000 rw-p 00000000 00:00 0 
7f8224025000-7f8228000000 ---p 00000000 00:00 0 
7f8228000000-7f8228021000 rw-p 00000000 00:00 0 
7f8228021000-7f822c000000 ---p 00000000 00:00 0 
7f822c000000-7f822c021000 rw-p 00000000 00:00 0 
7f822c021000-7f8230000000 ---p 00000000 00:00 0 
7f8230000000-7f8230021000 rw-p 00000000 00:00 0 
7f8230021000-7f8234000000 ---p 00000000 00:00 0 
7f8234000000-7f8234021000 rw-p 00000000 00:00 0 
7f8234021000-7f8238000000 ---p 00000000 00:00 0 
7f8238000000-7f8238080000 rw-p 00000000 00:00 0 
7f8238080000-7f823c000000 ---p 00000000 00:00 0 
7f823c000000-7f823c021000 rw-p 00000000 00:00 0 
7f823c021000-7f8240000000 ---p 00000000 00:00 0 
7f8240000000-7f824009f000 rw-p 00000000 00:00 0 
7f824009f000-7f8244000000 ---p 00000000 00:00 0 
7f8244000000-7f8244021000 rw-p 00000000 00:00 0 
7f8244021000-7f8248000000 ---p 00000000 00:00 0 
7f8248000000-7f8248021000 rw-p 00000000 00:00 0 
7f8248021000-7f824c000000 ---p 00000000 00:00 0 
7f824c000000-7f824c021000 rw-p 00000000 00:00 0 
7f824c021000-7f8250000000 ---p 00000000 00:00 0 
7f8250000000-7f8250021000 rw-p 00000000 00:00 0 
7f8250021000-7f8254000000 ---p 00000000 00:00 0 
7f8254d9d000-7f82550cb000 rw-p 00000000 00:00 0 
7f82550cb000-7f82550cc000 ---p 00000000 00:00 0 
7f82550cc000-7f82551cc000 rw-p 00000000 00:00 0 
7f82551cc000-7f82551d0000 ---p 00000000 00:00 0 
7f82551d0000-7f82552cd000 rw-p 00000000 00:00 0 
7f82552cd000-7f82552d1000 ---p 00000000 00:00 0 
7f82552d1000-7f82553ce000 rw-p 00000000 00:00 0 
7f82553ce000-7f82553d2000 ---p 00000000 00:00 0 
7f82553d2000-7f82554cf000 rw-p 00000000 00:00 0 
7f82554cf000-7f82554d3000 ---p 00000000 00:00 0 
7f82554d3000-7f82555d0000 rw-p 00000000 00:00 0 
7f82555d0000-7f82555d4000 r-xp 00000000 08:01 810460                     /home/lsclike/JDK/jdk-9.0.1/lib/libdt_socket.so
7f82555d4000-7f82557d3000 ---p 00004000 08:01 810460                     /home/lsclike/JDK/jdk-9.0.1/lib/libdt_socket.so
7f82557d3000-7f82557d4000 rw-p 00003000 08:01 810460                     /home/lsclike/JDK/jdk-9.0.1/lib/libdt_socket.so
7f82557d4000-7f82557d8000 ---p 00000000 00:00 0 
7f82557d8000-7f82558d5000 rw-p 00000000 00:00 0 
7f82558d5000-7f82558eb000 r-xp 00000000 08:01 810468                     /home/lsclike/JDK/jdk-9.0.1/lib/libnet.so
7f82558eb000-7f8255aeb000 ---p 00016000 08:01 810468                     /home/lsclike/JDK/jdk-9.0.1/lib/libnet.so
7f8255aeb000-7f8255aec000 rw-p 00016000 08:01 810468                     /home/lsclike/JDK/jdk-9.0.1/lib/libnet.so
7f8255aec000-7f8255afc000 r-xp 00000000 08:01 810465                     /home/lsclike/JDK/jdk-9.0.1/lib/libnio.so
7f8255afc000-7f8255cfc000 ---p 00010000 08:01 810465                     /home/lsclike/JDK/jdk-9.0.1/lib/libnio.so
7f8255cfc000-7f8255cfd000 rw-p 00010000 08:01 810465                     /home/lsclike/JDK/jdk-9.0.1/lib/libnio.so
7f8255cfd000-7f8255d01000 ---p 00000000 00:00 0 
7f8255d01000-7f8255dfe000 rw-p 00000000 00:00 0 
7f8255dfe000-7f8255e02000 ---p 00000000 00:00 0 
7f8255e02000-7f8255eff000 rw-p 00000000 00:00 0 
7f8255eff000-7f8255f03000 ---p 00000000 00:00 0 
7f8255f03000-7f8256000000 rw-p 00000000 00:00 0 
7f8256000000-7f8258000000 rwxp 00000000 00:00 0 
7f8258000000-7f8258021000 rw-p 00000000 00:00 0 
7f8258021000-7f825c000000 ---p 00000000 00:00 0 
7f825c0cf000-7f825c0d3000 ---p 00000000 00:00 0 
7f825c0d3000-7f825c3c8000 rw-p 00000000 00:00 0 
7f825c3c8000-7f825e0e8000 ---p 00000000 00:00 0 
7f825e0e8000-7f825e2e0000 rw-p 00000000 00:00 0 
7f825e2e0000-7f8260000000 ---p 00000000 00:00 0 
7f8260000000-7f8260021000 rw-p 00000000 00:00 0 
7f8260021000-7f8264000000 ---p 00000000 00:00 0 
7f8264000000-7f8264021000 rw-p 00000000 00:00 0 
7f8264021000-7f8268000000 ---p 00000000 00:00 0 
7f8268000000-7f8268021000 rw-p 00000000 00:00 0 
7f8268021000-7f826c000000 ---p 00000000 00:00 0 
7f826c000000-7f826c021000 rw-p 00000000 00:00 0 
7f826c021000-7f8270000000 ---p 00000000 00:00 0 
7f8270000000-7f8270021000 rw-p 00000000 00:00 0 
7f8270021000-7f8274000000 ---p 00000000 00:00 0 
7f8274000000-7f8274021000 rw-p 00000000 00:00 0 
7f8274021000-7f8278000000 ---p 00000000 00:00 0 
7f8278000000-7f8278021000 rw-p 00000000 00:00 0 
7f8278021000-7f827c000000 ---p 00000000 00:00 0 
7f827c000000-7f827c021000 rw-p 00000000 00:00 0 
7f827c021000-7f8280000000 ---p 00000000 00:00 0 
7f8280000000-7f8280021000 rw-p 00000000 00:00 0 
7f8280021000-7f8284000000 ---p 00000000 00:00 0 
7f8284021000-7f8284025000 ---p 00000000 00:00 0 
7f8284025000-7f8284122000 rw-p 00000000 00:00 0 
7f8284122000-7f82843fa000 r--p 00000000 08:01 394709                     /usr/lib/locale/locale-archive
7f82843fa000-7f82843fe000 ---p 00000000 00:00 0 
7f82843fe000-7f82844fb000 rw-p 00000000 00:00 0 
7f82844fb000-7f82844ff000 ---p 00000000 00:00 0 
7f82844ff000-7f82845fc000 rw-p 00000000 00:00 0 
7f82845fc000-7f82845fd000 ---p 00000000 00:00 0 
7f82845fd000-7f8284bf3000 rw-p 00000000 00:00 0 
7f8284bf3000-7f8284f73000 ---p 00000000 00:00 0 
7f8284f73000-7f82853b6000 rw-p 00000000 00:00 0 
7f82853b6000-7f828575a000 ---p 00000000 00:00 0 
7f828575a000-7f8285799000 rw-p 00000000 00:00 0 
7f8285799000-7f8285b3d000 ---p 00000000 00:00 0 
7f8285b3d000-7f8285dad000 rwxp 00000000 00:00 0 
7f8285dad000-7f82860cd000 ---p 00000000 00:00 0 
7f82860cd000-7f828633d000 rwxp 00000000 00:00 0 
7f828633d000-7f828d605000 ---p 00000000 00:00 0 
7f828d605000-7f828d875000 rwxp 00000000 00:00 0 
7f828d875000-7f8294b3d000 ---p 00000000 00:00 0 
7f8294b3d000-7f82a0000000 r--s 00000000 08:01 810239                     /home/lsclike/JDK/jdk-9.0.1/lib/modules
7f82a0000000-7f82a0240000 rw-p 00000000 00:00 0 
7f82a0240000-7f82a4000000 ---p 00000000 00:00 0 
7f82a401b000-7f82a40cf000 rw-p 00000000 00:00 0 
7f82a40cf000-7f82a40d0000 ---p 00000000 00:00 0 
7f82a40d0000-7f82a41d0000 rw-p 00000000 00:00 0 
7f82a41d0000-7f82a41d1000 ---p 00000000 00:00 0 
7f82a41d1000-7f82a42d1000 rw-p 00000000 00:00 0 
7f82a42d1000-7f82a46b4000 ---p 00000000 00:00 0 
7f82a46b4000-7f82a46f3000 rw-p 00000000 00:00 0 
7f82a46f3000-7f82a4a97000 ---p 00000000 00:00 0 
7f82a4a97000-7f82a4a98000 ---p 00000000 00:00 0 
7f82a4a98000-7f82a4b98000 rw-p 00000000 00:00 0 
7f82a4b98000-7f82a4b99000 ---p 00000000 00:00 0 
7f82a4b99000-7f82a4c99000 rw-p 00000000 00:00 0 
7f82a4c99000-7f82a4c9a000 ---p 00000000 00:00 0 
7f82a4c9a000-7f82a4d9a000 rw-p 00000000 00:00 0 
7f82a4d9a000-7f82a4d9b000 ---p 00000000 00:00 0 
7f82a4d9b000-7f82a4e9b000 rw-p 00000000 00:00 0 
7f82a4e9b000-7f82a4e9c000 ---p 00000000 00:00 0 
7f82a4e9c000-7f82a53a0000 rw-p 00000000 00:00 0 
7f82a53a0000-7f82a53a1000 ---p 00000000 00:00 0 
7f82a53a1000-7f82a54a1000 rw-p 00000000 00:00 0 
7f82a54a1000-7f82a54a2000 ---p 00000000 00:00 0 
7f82a54a2000-7f82a55a2000 rw-p 00000000 00:00 0 
7f82a55a2000-7f82a55a3000 ---p 00000000 00:00 0 
7f82a55a3000-7f82a56a3000 rw-p 00000000 00:00 0 
7f82a56a3000-7f82a56a4000 ---p 00000000 00:00 0 
7f82a56a4000-7f82a57a9000 rw-p 00000000 00:00 0 
7f82a57a9000-7f82a588f000 ---p 00000000 00:00 0 
7f82a588f000-7f82a5894000 rw-p 00000000 00:00 0 
7f82a5894000-7f82a597a000 ---p 00000000 00:00 0 
7f82a597a000-7f82a5994000 r-xp 00000000 08:01 810470                     /home/lsclike/JDK/jdk-9.0.1/lib/libjimage.so
7f82a5994000-7f82a5b93000 ---p 0001a000 08:01 810470                     /home/lsclike/JDK/jdk-9.0.1/lib/libjimage.so
7f82a5b93000-7f82a5b95000 rw-p 00019000 08:01 810470                     /home/lsclike/JDK/jdk-9.0.1/lib/libjimage.so
7f82a5b95000-7f82a5ba7000 rw-p 00000000 00:00 0 
7f82a5ba7000-7f82a5bae000 r-xp 00000000 08:01 810526                     /home/lsclike/JDK/jdk-9.0.1/lib/libzip.so
7f82a5bae000-7f82a5dad000 ---p 00007000 08:01 810526                     /home/lsclike/JDK/jdk-9.0.1/lib/libzip.so
7f82a5dad000-7f82a5dae000 rw-p 00006000 08:01 810526                     /home/lsclike/JDK/jdk-9.0.1/lib/libzip.so
7f82a5dae000-7f82a5db9000 r-xp 00000000 08:01 1240644                    /lib/x86_64-linux-gnu/libnss_files-2.23.so
7f82a5db9000-7f82a5fb8000 ---p 0000b000 08:01 1240644                    /lib/x86_64-linux-gnu/libnss_files-2.23.so
7f82a5fb8000-7f82a5fb9000 r--p 0000a000 08:01 1240644                    /lib/x86_64-linux-gnu/libnss_files-2.23.so
7f82a5fb9000-7f82a5fba000 rw-p 0000b000 08:01 1240644                    /lib/x86_64-linux-gnu/libnss_files-2.23.so
7f82a5fba000-7f82a5fc0000 rw-p 00000000 00:00 0 
7f82a5fc0000-7f82a5fcb000 r-xp 00000000 08:01 1240648                    /lib/x86_64-linux-gnu/libnss_nis-2.23.so
7f82a5fcb000-7f82a61ca000 ---p 0000b000 08:01 1240648                    /lib/x86_64-linux-gnu/libnss_nis-2.23.so
7f82a61ca000-7f82a61cb000 r--p 0000a000 08:01 1240648                    /lib/x86_64-linux-gnu/libnss_nis-2.23.so
7f82a61cb000-7f82a61cc000 rw-p 0000b000 08:01 1240648                    /lib/x86_64-linux-gnu/libnss_nis-2.23.so
7f82a61cc000-7f82a61e2000 r-xp 00000000 08:01 1231787                    /lib/x86_64-linux-gnu/libnsl-2.23.so
7f82a61e2000-7f82a63e1000 ---p 00016000 08:01 1231787                    /lib/x86_64-linux-gnu/libnsl-2.23.so
7f82a63e1000-7f82a63e2000 r--p 00015000 08:01 1231787                    /lib/x86_64-linux-gnu/libnsl-2.23.so
7f82a63e2000-7f82a63e3000 rw-p 00016000 08:01 1231787                    /lib/x86_64-linux-gnu/libnsl-2.23.so
7f82a63e3000-7f82a63e5000 rw-p 00000000 00:00 0 
7f82a63e5000-7f82a63ed000 r-xp 00000000 08:01 1232092                    /lib/x86_64-linux-gnu/libnss_compat-2.23.so
7f82a63ed000-7f82a65ec000 ---p 00008000 08:01 1232092                    /lib/x86_64-linux-gnu/libnss_compat-2.23.so
7f82a65ec000-7f82a65ed000 r--p 00007000 08:01 1232092                    /lib/x86_64-linux-gnu/libnss_compat-2.23.so
7f82a65ed000-7f82a65ee000 rw-p 00008000 08:01 1232092                    /lib/x86_64-linux-gnu/libnss_compat-2.23.so
7f82a65ee000-7f82a6629000 r-xp 00000000 08:01 810494                     /home/lsclike/JDK/jdk-9.0.1/lib/libjdwp.so
7f82a6629000-7f82a6828000 ---p 0003b000 08:01 810494                     /home/lsclike/JDK/jdk-9.0.1/lib/libjdwp.so
7f82a6828000-7f82a6829000 rw-p 0003a000 08:01 810494                     /home/lsclike/JDK/jdk-9.0.1/lib/libjdwp.so
7f82a6829000-7f82a682a000 rw-p 00000000 00:00 0 
7f82a682a000-7f82a6855000 r-xp 00000000 08:01 810436                     /home/lsclike/JDK/jdk-9.0.1/lib/libjava.so
7f82a6855000-7f82a6a54000 ---p 0002b000 08:01 810436                     /home/lsclike/JDK/jdk-9.0.1/lib/libjava.so
7f82a6a54000-7f82a6a56000 rw-p 0002a000 08:01 810436                     /home/lsclike/JDK/jdk-9.0.1/lib/libjava.so
7f82a6a56000-7f82a6a63000 r-xp 00000000 08:01 810253                     /home/lsclike/JDK/jdk-9.0.1/lib/libverify.so
7f82a6a63000-7f82a6c62000 ---p 0000d000 08:01 810253                     /home/lsclike/JDK/jdk-9.0.1/lib/libverify.so
7f82a6c62000-7f82a6c64000 rw-p 0000c000 08:01 810253                     /home/lsclike/JDK/jdk-9.0.1/lib/libverify.so
7f82a6c64000-7f82a6c6b000 r-xp 00000000 08:01 1240649                    /lib/x86_64-linux-gnu/librt-2.23.so
7f82a6c6b000-7f82a6e6a000 ---p 00007000 08:01 1240649                    /lib/x86_64-linux-gnu/librt-2.23.so
7f82a6e6a000-7f82a6e6b000 r--p 00006000 08:01 1240649                    /lib/x86_64-linux-gnu/librt-2.23.so
7f82a6e6b000-7f82a6e6c000 rw-p 00007000 08:01 1240649                    /lib/x86_64-linux-gnu/librt-2.23.so
7f82a6e6c000-7f82a6f74000 r-xp 00000000 08:01 1215136                    /lib/x86_64-linux-gnu/libm-2.23.so
7f82a6f74000-7f82a7173000 ---p 00108000 08:01 1215136                    /lib/x86_64-linux-gnu/libm-2.23.so
7f82a7173000-7f82a7174000 r--p 00107000 08:01 1215136                    /lib/x86_64-linux-gnu/libm-2.23.so
7f82a7174000-7f82a7175000 rw-p 00108000 08:01 1215136                    /lib/x86_64-linux-gnu/libm-2.23.so
7f82a7175000-7f82a8189000 r-xp 00000000 08:01 810521                     /home/lsclike/JDK/jdk-9.0.1/lib/server/libjvm.so
7f82a8189000-7f82a8389000 ---p 01014000 08:01 810521                     /home/lsclike/JDK/jdk-9.0.1/lib/server/libjvm.so
7f82a8389000-7f82a845a000 r--p 01014000 08:01 810521                     /home/lsclike/JDK/jdk-9.0.1/lib/server/libjvm.so
7f82a845a000-7f82a8491000 rw-p 010e5000 08:01 810521                     /home/lsclike/JDK/jdk-9.0.1/lib/server/libjvm.so
7f82a8491000-7f82a84fa000 rw-p 00000000 00:00 0 
7f82a84fa000-7f82a86ba000 r-xp 00000000 08:01 1232075                    /lib/x86_64-linux-gnu/libc-2.23.so
7f82a86ba000-7f82a88ba000 ---p 001c0000 08:01 1232075                    /lib/x86_64-linux-gnu/libc-2.23.so
7f82a88ba000-7f82a88be000 r--p 001c0000 08:01 1232075                    /lib/x86_64-linux-gnu/libc-2.23.so
7f82a88be000-7f82a88c0000 rw-p 001c4000 08:01 1232075                    /lib/x86_64-linux-gnu/libc-2.23.so
7f82a88c0000-7f82a88c4000 rw-p 00000000 00:00 0 
7f82a88c4000-7f82a88c7000 r-xp 00000000 08:01 1232079                    /lib/x86_64-linux-gnu/libdl-2.23.so
7f82a88c7000-7f82a8ac6000 ---p 00003000 08:01 1232079                    /lib/x86_64-linux-gnu/libdl-2.23.so
7f82a8ac6000-7f82a8ac7000 r--p 00002000 08:01 1232079                    /lib/x86_64-linux-gnu/libdl-2.23.so
7f82a8ac7000-7f82a8ac8000 rw-p 00003000 08:01 1232079                    /lib/x86_64-linux-gnu/libdl-2.23.so
7f82a8ac8000-7f82a8ad6000 r-xp 00000000 08:01 810237                     /home/lsclike/JDK/jdk-9.0.1/lib/jli/libjli.so
7f82a8ad6000-7f82a8cd6000 ---p 0000e000 08:01 810237                     /home/lsclike/JDK/jdk-9.0.1/lib/jli/libjli.so
7f82a8cd6000-7f82a8cd7000 rw-p 0000e000 08:01 810237                     /home/lsclike/JDK/jdk-9.0.1/lib/jli/libjli.so
7f82a8cd7000-7f82a8cef000 r-xp 00000000 08:01 1232064                    /lib/x86_64-linux-gnu/libpthread-2.23.so
7f82a8cef000-7f82a8eee000 ---p 00018000 08:01 1232064                    /lib/x86_64-linux-gnu/libpthread-2.23.so
7f82a8eee000-7f82a8eef000 r--p 00017000 08:01 1232064                    /lib/x86_64-linux-gnu/libpthread-2.23.so
7f82a8eef000-7f82a8ef0000 rw-p 00018000 08:01 1232064                    /lib/x86_64-linux-gnu/libpthread-2.23.so
7f82a8ef0000-7f82a8ef4000 rw-p 00000000 00:00 0 
7f82a8ef4000-7f82a8f0d000 r-xp 00000000 08:01 1185391                    /lib/x86_64-linux-gnu/libz.so.1.2.8
7f82a8f0d000-7f82a910c000 ---p 00019000 08:01 1185391                    /lib/x86_64-linux-gnu/libz.so.1.2.8
7f82a910c000-7f82a910d000 r--p 00018000 08:01 1185391                    /lib/x86_64-linux-gnu/libz.so.1.2.8
7f82a910d000-7f82a910e000 rw-p 00019000 08:01 1185391                    /lib/x86_64-linux-gnu/libz.so.1.2.8
7f82a910e000-7f82a9134000 r-xp 00000000 08:01 1231788                    /lib/x86_64-linux-gnu/ld-2.23.so
7f82a914f000-7f82a9156000 r--s 00000000 08:01 572460                     /usr/lib/x86_64-linux-gnu/gconv/gconv-modules.cache
7f82a9156000-7f82a9216000 rw-p 00000000 00:00 0 
7f82a9216000-7f82a921b000 ---p 00000000 00:00 0 
7f82a921b000-7f82a931d000 rw-p 00000000 00:00 0 
7f82a931d000-7f82a9322000 rw-p 00000000 00:00 0 
7f82a9322000-7f82a9329000 ---p 00000000 00:00 0 
7f82a9329000-7f82a9331000 rw-s 00000000 08:01 657513                     /tmp/hsperfdata_lsclike/13524
7f82a9331000-7f82a9332000 rw-p 00000000 00:00 0 
7f82a9332000-7f82a9333000 ---p 00000000 00:00 0 
7f82a9333000-7f82a9334000 r--p 00025000 08:01 1231788                    /lib/x86_64-linux-gnu/ld-2.23.so
7f82a9334000-7f82a9335000 rw-p 00026000 08:01 1231788                    /lib/x86_64-linux-gnu/ld-2.23.so
7f82a9335000-7f82a9336000 rw-p 00000000 00:00 0 
7ffd5c625000-7ffd5c647000 rw-p 00000000 00:00 0                          [stack]
7ffd5c748000-7ffd5c74b000 r--p 00000000 00:00 0                          [vvar]
7ffd5c74b000-7ffd5c74d000 r-xp 00000000 00:00 0                          [vdso]
ffffffffff600000-ffffffffff601000 r-xp 00000000 00:00 0                  [vsyscall]

VM Arguments:
jvm_args: -agentlib:jdwp=transport=dt_socket,address=127.0.0.1:34359,suspend=y,server=n -Dfile.encoding=UTF-8 
java_command: com.Al.questions.chapter1.Inprefixtopostfix
java_class_path (initial): /home/lsclike/IdeaProjects/Algorithm/out/production/Algorithm:/home/lsclike/java_library/algs4.jar:/home/lsclike/java_library/stdlib.jar:/home/lsclike/Java/idea-IU-172.4574.11/lib/idea_rt.jar
Launcher Type: SUN_STANDARD

Logging:
Log output configuration:
#0: stdout all=warning uptime,level,tags
#1: stderr all=off uptime,level,tags

Environment Variables:
PATH=/home/lsclike/.rvm/gems/ruby-2.4.1/bin:/home/lsclike/.rvm/gems/ruby-2.4.1@global/bin:/home/lsclike/.rvm/rubies/ruby-2.4.1/bin:/home/lsclike/node-v8.9.4-linux-x64/bin:/home/lsclike/Java/idea-IU-172.4574.11/bin:/home/lsclike/bin:/home/lsclike/.local/bin:/usr/local/sbin:/usr/local/bin:/usr/sbin:/usr/bin:/sbin:/bin:/usr/games:/usr/local/games:/snap/bin:/home/lsclike/.rvm/bin:/home/lsclike/ruby_ide/RubyMine-2017.2.4/bin
:/home/lsclike/.rvm/bin:/home/lsclike/.rvm/bin
LD_LIBRARY_PATH=/home/lsclike/Java/idea-IU-172.4574.11/bin:
SHELL=/usr/bin/zsh
DISPLAY=:0

Signal Handlers:
SIGSEGV: [libjvm.so+0xd4ce90], sa_mask[0]=11111111011111111101111111111110, sa_flags=SA_RESTART|SA_SIGINFO
SIGBUS: [libjvm.so+0xd4ce90], sa_mask[0]=11111111011111111101111111111110, sa_flags=SA_RESTART|SA_SIGINFO
SIGFPE: [libjvm.so+0xd4ce90], sa_mask[0]=11111111011111111101111111111110, sa_flags=SA_RESTART|SA_SIGINFO
SIGPIPE: [libjvm.so+0xb64460], sa_mask[0]=11111111011111111101111111111110, sa_flags=SA_RESTART|SA_SIGINFO
SIGXFSZ: [libjvm.so+0xb64460], sa_mask[0]=11111111011111111101111111111110, sa_flags=SA_RESTART|SA_SIGINFO
SIGILL: [libjvm.so+0xd4ce90], sa_mask[0]=11111111011111111101111111111110, sa_flags=SA_RESTART|SA_SIGINFO
SIGUSR2: [libjvm.so+0xb64320], sa_mask[0]=00100000000000000000000000000000, sa_flags=SA_RESTART|SA_SIGINFO
SIGHUP: [libjvm.so+0xb64530], sa_mask[0]=11111111011111111101111111111110, sa_flags=SA_RESTART|SA_SIGINFO
SIGINT: [libjvm.so+0xb64530], sa_mask[0]=11111111011111111101111111111110, sa_flags=SA_RESTART|SA_SIGINFO
SIGTERM: [libjvm.so+0xb64530], sa_mask[0]=11111111011111111101111111111110, sa_flags=SA_RESTART|SA_SIGINFO
SIGQUIT: [libjvm.so+0xb64530], sa_mask[0]=11111111011111111101111111111110, sa_flags=SA_RESTART|SA_SIGINFO


---------------  S Y S T E M  ---------------

OS:DISTRIB_ID=Ubuntu
DISTRIB_RELEASE=16.04
DISTRIB_CODENAME=xenial
DISTRIB_DESCRIPTION="Ubuntu 16.04.3 LTS"
uname:Linux 4.13.0-26-generic #29~16.04.2-Ubuntu SMP Tue Jan 9 22:00:44 UTC 2018 x86_64
libc:glibc 2.23 NPTL 2.23 
rlimit: STACK 8192k, CORE 0k, NPROC 31610, NOFILE 1048576, AS infinity
load average:0.74 0.71 0.65

/proc/meminfo:
MemTotal:        8144708 kB
MemFree:          230648 kB
MemAvailable:     323460 kB
Buffers:           17928 kB
Cached:           466516 kB
SwapCached:         2564 kB
Active:          3460188 kB
Inactive:         772024 kB
Active(anon):    3274228 kB
Inactive(anon):   674592 kB
Active(file):     185960 kB
Inactive(file):    97432 kB
Unevictable:         212 kB
Mlocked:             212 kB
SwapTotal:       4191228 kB
SwapFree:        3996144 kB
Dirty:              7596 kB
Writeback:             0 kB
AnonPages:       3745604 kB
Mapped:           351572 kB
Shmem:            200968 kB
Slab:             145440 kB
SReclaimable:      61464 kB
SUnreclaim:        83976 kB
KernelStack:       23968 kB
PageTables:        74116 kB
NFS_Unstable:          0 kB
Bounce:                0 kB
WritebackTmp:          0 kB
CommitLimit:     8263580 kB
Committed_AS:   15946132 kB
VmallocTotal:   34359738367 kB
VmallocUsed:           0 kB
VmallocChunk:          0 kB
HardwareCorrupted:     0 kB
AnonHugePages:         0 kB
ShmemHugePages:        0 kB
ShmemPmdMapped:        0 kB
CmaTotal:              0 kB
CmaFree:               0 kB
HugePages_Total:       0
HugePages_Free:        0
HugePages_Rsvd:        0
HugePages_Surp:        0
Hugepagesize:       2048 kB
DirectMap4k:      200512 kB
DirectMap2M:     7139328 kB
DirectMap1G:     3145728 kB


CPU:total 4 (initial active 4) (2 cores per cpu, 1 threads per core) family 6 model 142 stepping 9, cmov, cx8, fxsr, mmx, sse, sse2, sse3, ssse3, sse4.1, sse4.2, popcnt, avx, avx2, aes, clmul, erms, 3dnowpref, lzcnt, tsc, tscinvbit, bmi1, bmi2, adx, fma
CPU Model and flags from /proc/cpuinfo:
model name	: Intel(R) Core(TM) i5-7200U CPU @ 2.50GHz
flags		: fpu vme de pse tsc msr pae mce cx8 apic sep mtrr pge mca cmov pat pse36 clflush mmx fxsr sse sse2 ss ht syscall nx pdpe1gb rdtscp lm constant_tsc arch_perfmon nopl xtopology tsc_reliable nonstop_tsc cpuid pni pclmulqdq ssse3 fma cx16 pcid sse4_1 sse4_2 x2apic movbe popcnt tsc_deadline_timer aes xsave avx f16c rdrand hypervisor lahf_lm abm 3dnowprefetch cpuid_fault invpcid_single pti fsgsbase tsc_adjust bmi1 avx2 smep bmi2 invpcid mpx rdseed adx smap clflushopt xsaveopt xsavec xsaves arat

Memory: 4k page, physical 8144708k(230648k free), swap 4191228k(3996144k free)

vm_info: Java HotSpot(TM) 64-Bit Server VM (9.0.1+11) for linux-amd64 JRE (9.0.1+11), built on Sep 27 2017 20:48:27 by "mach5one" with gcc 4.9.2

END.
