#
# A fatal error has been detected by the Java Runtime Environment:
#
#  SIGSEGV (0xb) at pc=0x00007fc1a728c8ee, pid=13749, tid=13776
#
# JRE version: Java(TM) SE Runtime Environment (9.0+11) (build 9.0.1+11)
# Java VM: Java HotSpot(TM) 64-Bit Server VM (9.0.1+11, mixed mode, tiered, compressed oops, g1 gc, linux-amd64)
# Problematic frame:
# V  [libjvm.so+0x8128ee]  InstanceKlass::allocate_instance(Thread*)+0xae
#
# Core dump will be written. Default location: Core dumps may be processed with "/usr/share/apport/apport %p %s %c %d %P" (or dumping to /home/lsclike/IdeaProjects/Algorithm/core.13749)
#
# If you would like to submit a bug report, please visit:
#   http://bugreport.java.com/bugreport/crash.jsp
#

---------------  S U M M A R Y ------------

Command Line: -agentlib:jdwp=transport=dt_socket,address=127.0.0.1:34439,suspend=y,server=n -Dfile.encoding=UTF-8 com.Al.questions.chapter1.Inprefixtopostfix

Host: Intel(R) Core(TM) i5-7200U CPU @ 2.50GHz, 4 cores, 7G, Ubuntu 16.04.3 LTS
Time: Tue Jan 23 17:51:54 2018 AEDT elapsed time: 4429 seconds (0d 1h 13m 49s)

---------------  T H R E A D  ---------------

Current thread (0x00007fc1a0133800):  VMThread "VM Thread" [stack: 0x00007fc15c0d0000,0x00007fc15c1d0000] [id=13776]

Stack: [0x00007fc15c0d0000,0x00007fc15c1d0000],  sp=0x00007fc15c1ce180,  free space=1016k
Native frames: (J=compiled Java code, A=aot compiled Java code, j=interpreted, Vv=VM code, C=native code)
V  [libjvm.so+0x8128ee]  InstanceKlass::allocate_instance(Thread*)+0xae
V  [libjvm.so+0x83ec3d]  java_lang_String::basic_create(int, bool, Thread*)+0x2d
V  [libjvm.so+0x83eec5]  java_lang_String::create_from_str(char const*, Thread*)+0x45
V  [libjvm.so+0x70736d]  Exceptions::new_exception(Thread*, Symbol*, char const*, Exceptions::ExceptionMsgToUtf8Mode)+0x10d
V  [libjvm.so+0x7a95c6]  GenerateOopMap::verify_error(char const*, ...)+0x86
V  [libjvm.so+0x7abc69]  GenerateOopMap::do_ldc(int)+0x139
V  [libjvm.so+0x7acf1d]  GenerateOopMap::interp1(BytecodeStream*)+0x86d
V  [libjvm.so+0x7ae104]  GenerateOopMap::interp_bb(BasicBlock*)+0x144
V  [libjvm.so+0x7b002f]  GenerateOopMap::do_interpretation()+0x9f
V  [libjvm.so+0x7b040b]  GenerateOopMap::compute_map(Thread*)+0x26b
V  [libjvm.so+0xb5a267]  OopMapForCacheEntry::compute_map(Thread*)+0x67
V  [libjvm.so+0xb5aedc]  OopMapCacheEntry::fill(methodHandle, int)+0x12c
V  [libjvm.so+0xb5b722]  OopMapCache::compute_one_oop_map(methodHandle const&, int, InterpreterOopMap*)+0x102
V  [libjvm.so+0xb5ba36]  OopMapCache::lookup(methodHandle const&, int, InterpreterOopMap*) const+0x216
V  [libjvm.so+0xafb264]  Method::mask_for(int, InterpreterOopMap*)+0x74
V  [libjvm.so+0x9a57ed]  VM_GetOrSetLocal::doit()+0x4d
V  [libjvm.so+0xd5d019]  VM_Operation::evaluate()+0x59
V  [libjvm.so+0xd5ad63]  VMThread::evaluate_operation(VM_Operation*)+0xc3
V  [libjvm.so+0xd5b2d0]  VMThread::loop()+0x210
V  [libjvm.so+0xd5b7e2]  VMThread::run()+0x72
V  [libjvm.so+0xb6de12]  thread_native_entry(Thread*)+0xf2


siginfo: si_signo: 11 (SIGSEGV), si_code: 1 (SEGV_MAPERR), si_addr: 0x0000003f0102000c

Register to memory mapping:

RAX=0x0000003f01020018 is an unknown value
RBX=0x0000003f01020000 is an unknown value
RCX=0x0000000000000000 is an unknown value
RDX=0x0022a1bb1fe281c1 is an unknown value
RSP=0x00007fc15c1ce180 is an unknown value
RBP=0x00007fc15c1ce1e0 is an unknown value
RSI=0x00007fc1a0133800 is an unknown value
RDI=0x00000001000016d0 is pointing into metadata
R8 =0x000000000000006e is an unknown value
R9 =0x000000000000006e is an unknown value
R10=0x0000000000000004 is an unknown value
R11=0x00007fc138002a50 is an unknown value
R12=0x00007fc1a0133800 is an unknown value
R13=0x000000000000004c is an unknown value
R14=0x00007fc1a7dab539: <offset 0x0000000001331539> in /home/lsclike/JDK/jdk-9.0.1/lib/server/libjvm.so at 0x00007fc1a6a7a000
R15=0x0000000000000003 is an unknown value


Registers:
RAX=0x0000003f01020018, RBX=0x0000003f01020000, RCX=0x0000000000000000, RDX=0x0022a1bb1fe281c1
RSP=0x00007fc15c1ce180, RBP=0x00007fc15c1ce1e0, RSI=0x00007fc1a0133800, RDI=0x00000001000016d0
R8 =0x000000000000006e, R9 =0x000000000000006e, R10=0x0000000000000004, R11=0x00007fc138002a50
R12=0x00007fc1a0133800, R13=0x000000000000004c, R14=0x00007fc1a7dab539, R15=0x0000000000000003
RIP=0x00007fc1a728c8ee, EFLAGS=0x0000000000010202, CSGSFS=0x002b000000000033, ERR=0x0000000000000006
  TRAPNO=0x000000000000000e

Top of Stack: (sp=0x00007fc15c1ce180)
0x00007fc15c1ce180:   0000000000000000 0020003100000003
0x00007fc15c1ce190:   00000001000016d0 0000000000000000
0x00007fc15c1ce1a0:   00007fc1a7871d98 00007fc15c1ce8d8
0x00007fc15c1ce1b0:   4fffffffffffffff 00007fc1a0133800 

Instructions: (pc=0x00007fc1a728c8ee)
0x00007fc1a728c8ce:   24 08 48 85 c0 0f 85 f7 00 00 00 4c 8d 35 59 ec
0x00007fc1a728c8de:   b1 00 41 80 3e 00 0f 84 46 01 00 00 49 83 ff 02
0x00007fc1a728c8ee:   c7 43 0c 00 00 00 00 48 8d 7b 10 49 8d 47 fd 74
0x00007fc1a728c8fe:   0f 48 8d 14 c5 08 00 00 00 31 f6 e8 22 f7 a5 ff 

VM_Operation (0x00007fc154ef2a70): GetOrSetLocal, mode: safepoint, requested by thread 0x00007fc1a022c000


---------------  P R O C E S S  ---------------

Java Threads: ( => current thread )
  0x00007fc1a0231800 JavaThread "Service Thread" daemon [_thread_blocked, id=13803, stack(0x00007fc154af0000,0x00007fc154bf1000)]
  0x00007fc124001000 JavaThread "JDWP Command Reader" daemon [_thread_in_native, id=13802, stack(0x00007fc154bf1000,0x00007fc154cf2000)]
  0x00007fc1a022f800 JavaThread "JDWP Event Helper Thread" daemon [_thread_blocked, id=13800, stack(0x00007fc154cf2000,0x00007fc154df3000)]
  0x00007fc1a022c000 JavaThread "JDWP Transport Listener: dt_socket" daemon [_thread_blocked, id=13797, stack(0x00007fc154df3000,0x00007fc154ef4000)]
  0x00007fc1a0174800 JavaThread "Common-Cleaner" daemon [_thread_in_Java, id=13794, stack(0x00007fc1550f8000,0x00007fc1551f9000)]
  0x00007fc1a0168800 JavaThread "Sweeper thread" daemon [_thread_blocked, id=13792, stack(0x00007fc155621000,0x00007fc155722000)]
  0x00007fc1a0166800 JavaThread "C1 CompilerThread2" daemon [_thread_blocked, id=13791, stack(0x00007fc155722000,0x00007fc155823000)]
  0x00007fc1a0164800 JavaThread "C2 CompilerThread1" daemon [_thread_blocked, id=13790, stack(0x00007fc155823000,0x00007fc155924000)]
  0x00007fc1a0162800 JavaThread "C2 CompilerThread0" daemon [_thread_blocked, id=13789, stack(0x00007fc155924000,0x00007fc155a25000)]
  0x00007fc1a0160800 JavaThread "Signal Dispatcher" daemon [_thread_blocked, id=13788, stack(0x00007fc155a25000,0x00007fc155b26000)]
  0x00007fc1a0145800 JavaThread "Finalizer" daemon [_thread_blocked, id=13780, stack(0x00007fc155dfe000,0x00007fc155eff000)]
  0x00007fc1a013d800 JavaThread "Reference Handler" daemon [_thread_blocked, id=13779, stack(0x00007fc155eff000,0x00007fc156000000)]
  0x00007fc1a0013800 JavaThread "main" [_thread_blocked, id=13752, stack(0x00007fc1a8b1c000,0x00007fc1a8c1c000)]

Other Threads:
=>0x00007fc1a0133800 VMThread "VM Thread" [stack: 0x00007fc15c0d0000,0x00007fc15c1d0000] [id=13776]
  0x00007fc1a0234800 WatcherThread [stack: 0x00007fc1549f0000,0x00007fc154af0000] [id=13804]
  0x00007fc1a002a800 GCTaskThread "GC Thread#0" [stack: 0x00007fc1a4fa9000,0x00007fc1a50a9000] [id=13764]
  0x00007fc1a002c000 GCTaskThread "GC Thread#1" [stack: 0x00007fc1a4ea8000,0x00007fc1a4fa8000] [id=13765]
  0x00007fc1a002d800 GCTaskThread "GC Thread#2" [stack: 0x00007fc1a4da7000,0x00007fc1a4ea7000] [id=13766]
  0x00007fc1a002f800 GCTaskThread "GC Thread#3" [stack: 0x00007fc1a4ca6000,0x00007fc1a4da6000] [id=13767]
  0x00007fc1a005e000 ConcurrentGCThread "G1 Main Marker" [stack: 0x00007fc1a429c000,0x00007fc1a439c000] [id=13773]
  0x00007fc1a0060000 ConcurrentGCThread "G1 Marker#0" [stack: 0x00007fc1a419b000,0x00007fc1a429b000] [id=13774]
  0x00007fc1a0037000 ConcurrentGCThread "G1 Refine#0" [stack: 0x00007fc1a449e000,0x00007fc1a459e000] [id=13771]
  0x00007fc1a0035000 ConcurrentGCThread "G1 Refine#1" [stack: 0x00007fc1a459f000,0x00007fc1a469f000] [id=13770]
  0x00007fc1a0033000 ConcurrentGCThread "G1 Refine#2" [stack: 0x00007fc1a46a0000,0x00007fc1a47a0000] [id=13769]
  0x00007fc1a0031800 ConcurrentGCThread "G1 Refine#3" [stack: 0x00007fc1a47a1000,0x00007fc1a48a1000] [id=13768]
  0x00007fc1a0038800 ConcurrentGCThread "G1 Young RemSet Sampling" [stack: 0x00007fc1a439d000,0x00007fc1a449d000] [id=13772]

Threads with active compile tasks:

VM state:at safepoint (normal execution)

VM Mutex/Monitor currently owned by a thread:  ([mutex/lock_event])
[0x00007fc1a000f640] Threads_lock - owner thread: 0x00007fc1a0133800

Heap address: 0x0000000083a00000, size: 1990 MB, Compressed Oops mode: 32-bit
Narrow klass base: 0x0000000000000000, Narrow klass shift: 3
Compressed class space size: 1073741824 Address: 0x0000000100000000

Heap:
 garbage-first heap   total 129024K, used 1024K [0x0000000083a00000, 0x0000000083b003f0, 0x0000000100000000)
  region size 1024K, 2 young (2048K), 0 survivors (0K)
 Metaspace       used 4842K, capacity 4940K, committed 5120K, reserved 1056768K
  class space    used 411K, capacity 428K, committed 512K, reserved 1048576K
Heap Regions: E=young(eden), S=young(survivor), O=old, HS=humongous(starts), HC=humongous(continues), CS=collection set, F=free, A=archive, TS=gc time stamp, AC=allocation context, TAMS=top-at-mark-start (previous, next)
|   0|0x0000000083a00000, 0x0000000083a00000, 0x0000000083b00000|  0%| F|  |TS  0|AC  0|TAMS 0x0000000083a00000, 0x0000000083a00000|
|   1|0x0000000083b00000, 0x0000000083b00000, 0x0000000083c00000|  0%| F|  |TS  0|AC  0|TAMS 0x0000000083b00000, 0x0000000083b00000|
|   2|0x0000000083c00000, 0x0000000083c00000, 0x0000000083d00000|  0%| F|  |TS  0|AC  0|TAMS 0x0000000083c00000, 0x0000000083c00000|
|   3|0x0000000083d00000, 0x0000000083d00000, 0x0000000083e00000|  0%| F|  |TS  0|AC  0|TAMS 0x0000000083d00000, 0x0000000083d00000|
|   4|0x0000000083e00000, 0x0000000083e00000, 0x0000000083f00000|  0%| F|  |TS  0|AC  0|TAMS 0x0000000083e00000, 0x0000000083e00000|
|   5|0x0000000083f00000, 0x0000000083f00000, 0x0000000084000000|  0%| F|  |TS  0|AC  0|TAMS 0x0000000083f00000, 0x0000000083f00000|
|   6|0x0000000084000000, 0x0000000084000000, 0x0000000084100000|  0%| F|  |TS  0|AC  0|TAMS 0x0000000084000000, 0x0000000084000000|
|   7|0x0000000084100000, 0x0000000084100000, 0x0000000084200000|  0%| F|  |TS  0|AC  0|TAMS 0x0000000084100000, 0x0000000084100000|
|   8|0x0000000084200000, 0x0000000084200000, 0x0000000084300000|  0%| F|  |TS  0|AC  0|TAMS 0x0000000084200000, 0x0000000084200000|
|   9|0x0000000084300000, 0x0000000084300000, 0x0000000084400000|  0%| F|  |TS  0|AC  0|TAMS 0x0000000084300000, 0x0000000084300000|
|  10|0x0000000084400000, 0x0000000084400000, 0x0000000084500000|  0%| F|  |TS  0|AC  0|TAMS 0x0000000084400000, 0x0000000084400000|
|  11|0x0000000084500000, 0x0000000084500000, 0x0000000084600000|  0%| F|  |TS  0|AC  0|TAMS 0x0000000084500000, 0x0000000084500000|
|  12|0x0000000084600000, 0x0000000084600000, 0x0000000084700000|  0%| F|  |TS  0|AC  0|TAMS 0x0000000084600000, 0x0000000084600000|
|  13|0x0000000084700000, 0x0000000084700000, 0x0000000084800000|  0%| F|  |TS  0|AC  0|TAMS 0x0000000084700000, 0x0000000084700000|
|  14|0x0000000084800000, 0x0000000084800000, 0x0000000084900000|  0%| F|  |TS  0|AC  0|TAMS 0x0000000084800000, 0x0000000084800000|
|  15|0x0000000084900000, 0x0000000084900000, 0x0000000084a00000|  0%| F|  |TS  0|AC  0|TAMS 0x0000000084900000, 0x0000000084900000|
|  16|0x0000000084a00000, 0x0000000084a00000, 0x0000000084b00000|  0%| F|  |TS  0|AC  0|TAMS 0x0000000084a00000, 0x0000000084a00000|
|  17|0x0000000084b00000, 0x0000000084b00000, 0x0000000084c00000|  0%| F|  |TS  0|AC  0|TAMS 0x0000000084b00000, 0x0000000084b00000|
|  18|0x0000000084c00000, 0x0000000084c00000, 0x0000000084d00000|  0%| F|  |TS  0|AC  0|TAMS 0x0000000084c00000, 0x0000000084c00000|
|  19|0x0000000084d00000, 0x0000000084d00000, 0x0000000084e00000|  0%| F|  |TS  0|AC  0|TAMS 0x0000000084d00000, 0x0000000084d00000|
|  20|0x0000000084e00000, 0x0000000084e00000, 0x0000000084f00000|  0%| F|  |TS  0|AC  0|TAMS 0x0000000084e00000, 0x0000000084e00000|
|  21|0x0000000084f00000, 0x0000000084f00000, 0x0000000085000000|  0%| F|  |TS  0|AC  0|TAMS 0x0000000084f00000, 0x0000000084f00000|
|  22|0x0000000085000000, 0x0000000085000000, 0x0000000085100000|  0%| F|  |TS  0|AC  0|TAMS 0x0000000085000000, 0x0000000085000000|
|  23|0x0000000085100000, 0x0000000085100000, 0x0000000085200000|  0%| F|  |TS  0|AC  0|TAMS 0x0000000085100000, 0x0000000085100000|
|  24|0x0000000085200000, 0x0000000085200000, 0x0000000085300000|  0%| F|  |TS  0|AC  0|TAMS 0x0000000085200000, 0x0000000085200000|
|  25|0x0000000085300000, 0x0000000085300000, 0x0000000085400000|  0%| F|  |TS  0|AC  0|TAMS 0x0000000085300000, 0x0000000085300000|
|  26|0x0000000085400000, 0x0000000085400000, 0x0000000085500000|  0%| F|  |TS  0|AC  0|TAMS 0x0000000085400000, 0x0000000085400000|
|  27|0x0000000085500000, 0x0000000085500000, 0x0000000085600000|  0%| F|  |TS  0|AC  0|TAMS 0x0000000085500000, 0x0000000085500000|
|  28|0x0000000085600000, 0x0000000085600000, 0x0000000085700000|  0%| F|  |TS  0|AC  0|TAMS 0x0000000085600000, 0x0000000085600000|
|  29|0x0000000085700000, 0x0000000085700000, 0x0000000085800000|  0%| F|  |TS  0|AC  0|TAMS 0x0000000085700000, 0x0000000085700000|
|  30|0x0000000085800000, 0x0000000085800000, 0x0000000085900000|  0%| F|  |TS  0|AC  0|TAMS 0x0000000085800000, 0x0000000085800000|
|  31|0x0000000085900000, 0x0000000085900000, 0x0000000085a00000|  0%| F|  |TS  0|AC  0|TAMS 0x0000000085900000, 0x0000000085900000|
|  32|0x0000000085a00000, 0x0000000085a00000, 0x0000000085b00000|  0%| F|  |TS  0|AC  0|TAMS 0x0000000085a00000, 0x0000000085a00000|
|  33|0x0000000085b00000, 0x0000000085b00000, 0x0000000085c00000|  0%| F|  |TS  0|AC  0|TAMS 0x0000000085b00000, 0x0000000085b00000|
|  34|0x0000000085c00000, 0x0000000085c00000, 0x0000000085d00000|  0%| F|  |TS  0|AC  0|TAMS 0x0000000085c00000, 0x0000000085c00000|
|  35|0x0000000085d00000, 0x0000000085d00000, 0x0000000085e00000|  0%| F|  |TS  0|AC  0|TAMS 0x0000000085d00000, 0x0000000085d00000|
|  36|0x0000000085e00000, 0x0000000085e00000, 0x0000000085f00000|  0%| F|  |TS  0|AC  0|TAMS 0x0000000085e00000, 0x0000000085e00000|
|  37|0x0000000085f00000, 0x0000000085f00000, 0x0000000086000000|  0%| F|  |TS  0|AC  0|TAMS 0x0000000085f00000, 0x0000000085f00000|
|  38|0x0000000086000000, 0x0000000086000000, 0x0000000086100000|  0%| F|  |TS  0|AC  0|TAMS 0x0000000086000000, 0x0000000086000000|
|  39|0x0000000086100000, 0x0000000086100000, 0x0000000086200000|  0%| F|  |TS  0|AC  0|TAMS 0x0000000086100000, 0x0000000086100000|
|  40|0x0000000086200000, 0x0000000086200000, 0x0000000086300000|  0%| F|  |TS  0|AC  0|TAMS 0x0000000086200000, 0x0000000086200000|
|  41|0x0000000086300000, 0x0000000086300000, 0x0000000086400000|  0%| F|  |TS  0|AC  0|TAMS 0x0000000086300000, 0x0000000086300000|
|  42|0x0000000086400000, 0x0000000086400000, 0x0000000086500000|  0%| F|  |TS  0|AC  0|TAMS 0x0000000086400000, 0x0000000086400000|
|  43|0x0000000086500000, 0x0000000086500000, 0x0000000086600000|  0%| F|  |TS  0|AC  0|TAMS 0x0000000086500000, 0x0000000086500000|
|  44|0x0000000086600000, 0x0000000086600000, 0x0000000086700000|  0%| F|  |TS  0|AC  0|TAMS 0x0000000086600000, 0x0000000086600000|
|  45|0x0000000086700000, 0x0000000086700000, 0x0000000086800000|  0%| F|  |TS  0|AC  0|TAMS 0x0000000086700000, 0x0000000086700000|
|  46|0x0000000086800000, 0x0000000086800000, 0x0000000086900000|  0%| F|  |TS  0|AC  0|TAMS 0x0000000086800000, 0x0000000086800000|
|  47|0x0000000086900000, 0x0000000086900000, 0x0000000086a00000|  0%| F|  |TS  0|AC  0|TAMS 0x0000000086900000, 0x0000000086900000|
|  48|0x0000000086a00000, 0x0000000086a00000, 0x0000000086b00000|  0%| F|  |TS  0|AC  0|TAMS 0x0000000086a00000, 0x0000000086a00000|
|  49|0x0000000086b00000, 0x0000000086b00000, 0x0000000086c00000|  0%| F|  |TS  0|AC  0|TAMS 0x0000000086b00000, 0x0000000086b00000|
|  50|0x0000000086c00000, 0x0000000086c00000, 0x0000000086d00000|  0%| F|  |TS  0|AC  0|TAMS 0x0000000086c00000, 0x0000000086c00000|
|  51|0x0000000086d00000, 0x0000000086d00000, 0x0000000086e00000|  0%| F|  |TS  0|AC  0|TAMS 0x0000000086d00000, 0x0000000086d00000|
|  52|0x0000000086e00000, 0x0000000086e00000, 0x0000000086f00000|  0%| F|  |TS  0|AC  0|TAMS 0x0000000086e00000, 0x0000000086e00000|
|  53|0x0000000086f00000, 0x0000000086f00000, 0x0000000087000000|  0%| F|  |TS  0|AC  0|TAMS 0x0000000086f00000, 0x0000000086f00000|
|  54|0x0000000087000000, 0x0000000087000000, 0x0000000087100000|  0%| F|  |TS  0|AC  0|TAMS 0x0000000087000000, 0x0000000087000000|
|  55|0x0000000087100000, 0x0000000087100000, 0x0000000087200000|  0%| F|  |TS  0|AC  0|TAMS 0x0000000087100000, 0x0000000087100000|
|  56|0x0000000087200000, 0x0000000087200000, 0x0000000087300000|  0%| F|  |TS  0|AC  0|TAMS 0x0000000087200000, 0x0000000087200000|
|  57|0x0000000087300000, 0x0000000087300000, 0x0000000087400000|  0%| F|  |TS  0|AC  0|TAMS 0x0000000087300000, 0x0000000087300000|
|  58|0x0000000087400000, 0x0000000087400000, 0x0000000087500000|  0%| F|  |TS  0|AC  0|TAMS 0x0000000087400000, 0x0000000087400000|
|  59|0x0000000087500000, 0x0000000087500000, 0x0000000087600000|  0%| F|  |TS  0|AC  0|TAMS 0x0000000087500000, 0x0000000087500000|
|  60|0x0000000087600000, 0x0000000087600000, 0x0000000087700000|  0%| F|  |TS  0|AC  0|TAMS 0x0000000087600000, 0x0000000087600000|
|  61|0x0000000087700000, 0x0000000087700000, 0x0000000087800000|  0%| F|  |TS  0|AC  0|TAMS 0x0000000087700000, 0x0000000087700000|
|  62|0x0000000087800000, 0x0000000087800000, 0x0000000087900000|  0%| F|  |TS  0|AC  0|TAMS 0x0000000087800000, 0x0000000087800000|
|  63|0x0000000087900000, 0x0000000087900000, 0x0000000087a00000|  0%| F|  |TS  0|AC  0|TAMS 0x0000000087900000, 0x0000000087900000|
|  64|0x0000000087a00000, 0x0000000087a00000, 0x0000000087b00000|  0%| F|  |TS  0|AC  0|TAMS 0x0000000087a00000, 0x0000000087a00000|
|  65|0x0000000087b00000, 0x0000000087b00000, 0x0000000087c00000|  0%| F|  |TS  0|AC  0|TAMS 0x0000000087b00000, 0x0000000087b00000|
|  66|0x0000000087c00000, 0x0000000087c00000, 0x0000000087d00000|  0%| F|  |TS  0|AC  0|TAMS 0x0000000087c00000, 0x0000000087c00000|
|  67|0x0000000087d00000, 0x0000000087d00000, 0x0000000087e00000|  0%| F|  |TS  0|AC  0|TAMS 0x0000000087d00000, 0x0000000087d00000|
|  68|0x0000000087e00000, 0x0000000087e00000, 0x0000000087f00000|  0%| F|  |TS  0|AC  0|TAMS 0x0000000087e00000, 0x0000000087e00000|
|  69|0x0000000087f00000, 0x0000000087f00000, 0x0000000088000000|  0%| F|  |TS  0|AC  0|TAMS 0x0000000087f00000, 0x0000000087f00000|
|  70|0x0000000088000000, 0x0000000088000000, 0x0000000088100000|  0%| F|  |TS  0|AC  0|TAMS 0x0000000088000000, 0x0000000088000000|
|  71|0x0000000088100000, 0x0000000088100000, 0x0000000088200000|  0%| F|  |TS  0|AC  0|TAMS 0x0000000088100000, 0x0000000088100000|
|  72|0x0000000088200000, 0x0000000088200000, 0x0000000088300000|  0%| F|  |TS  0|AC  0|TAMS 0x0000000088200000, 0x0000000088200000|
|  73|0x0000000088300000, 0x0000000088300000, 0x0000000088400000|  0%| F|  |TS  0|AC  0|TAMS 0x0000000088300000, 0x0000000088300000|
|  74|0x0000000088400000, 0x0000000088400000, 0x0000000088500000|  0%| F|  |TS  0|AC  0|TAMS 0x0000000088400000, 0x0000000088400000|
|  75|0x0000000088500000, 0x0000000088500000, 0x0000000088600000|  0%| F|  |TS  0|AC  0|TAMS 0x0000000088500000, 0x0000000088500000|
|  76|0x0000000088600000, 0x0000000088600000, 0x0000000088700000|  0%| F|  |TS  0|AC  0|TAMS 0x0000000088600000, 0x0000000088600000|
|  77|0x0000000088700000, 0x0000000088700000, 0x0000000088800000|  0%| F|  |TS  0|AC  0|TAMS 0x0000000088700000, 0x0000000088700000|
|  78|0x0000000088800000, 0x0000000088800000, 0x0000000088900000|  0%| F|  |TS  0|AC  0|TAMS 0x0000000088800000, 0x0000000088800000|
|  79|0x0000000088900000, 0x0000000088900000, 0x0000000088a00000|  0%| F|  |TS  0|AC  0|TAMS 0x0000000088900000, 0x0000000088900000|
|  80|0x0000000088a00000, 0x0000000088a00000, 0x0000000088b00000|  0%| F|  |TS  0|AC  0|TAMS 0x0000000088a00000, 0x0000000088a00000|
|  81|0x0000000088b00000, 0x0000000088b00000, 0x0000000088c00000|  0%| F|  |TS  0|AC  0|TAMS 0x0000000088b00000, 0x0000000088b00000|
|  82|0x0000000088c00000, 0x0000000088c00000, 0x0000000088d00000|  0%| F|  |TS  0|AC  0|TAMS 0x0000000088c00000, 0x0000000088c00000|
|  83|0x0000000088d00000, 0x0000000088d00000, 0x0000000088e00000|  0%| F|  |TS  0|AC  0|TAMS 0x0000000088d00000, 0x0000000088d00000|
|  84|0x0000000088e00000, 0x0000000088e00000, 0x0000000088f00000|  0%| F|  |TS  0|AC  0|TAMS 0x0000000088e00000, 0x0000000088e00000|
|  85|0x0000000088f00000, 0x0000000088f00000, 0x0000000089000000|  0%| F|  |TS  0|AC  0|TAMS 0x0000000088f00000, 0x0000000088f00000|
|  86|0x0000000089000000, 0x0000000089000000, 0x0000000089100000|  0%| F|  |TS  0|AC  0|TAMS 0x0000000089000000, 0x0000000089000000|
|  87|0x0000000089100000, 0x0000000089100000, 0x0000000089200000|  0%| F|  |TS  0|AC  0|TAMS 0x0000000089100000, 0x0000000089100000|
|  88|0x0000000089200000, 0x0000000089200000, 0x0000000089300000|  0%| F|  |TS  0|AC  0|TAMS 0x0000000089200000, 0x0000000089200000|
|  89|0x0000000089300000, 0x0000000089300000, 0x0000000089400000|  0%| F|  |TS  0|AC  0|TAMS 0x0000000089300000, 0x0000000089300000|
|  90|0x0000000089400000, 0x0000000089400000, 0x0000000089500000|  0%| F|  |TS  0|AC  0|TAMS 0x0000000089400000, 0x0000000089400000|
|  91|0x0000000089500000, 0x0000000089500000, 0x0000000089600000|  0%| F|  |TS  0|AC  0|TAMS 0x0000000089500000, 0x0000000089500000|
|  92|0x0000000089600000, 0x0000000089600000, 0x0000000089700000|  0%| F|  |TS  0|AC  0|TAMS 0x0000000089600000, 0x0000000089600000|
|  93|0x0000000089700000, 0x0000000089700000, 0x0000000089800000|  0%| F|  |TS  0|AC  0|TAMS 0x0000000089700000, 0x0000000089700000|
|  94|0x0000000089800000, 0x0000000089800000, 0x0000000089900000|  0%| F|  |TS  0|AC  0|TAMS 0x0000000089800000, 0x0000000089800000|
|  95|0x0000000089900000, 0x0000000089900000, 0x0000000089a00000|  0%| F|  |TS  0|AC  0|TAMS 0x0000000089900000, 0x0000000089900000|
|  96|0x0000000089a00000, 0x0000000089a00000, 0x0000000089b00000|  0%| F|  |TS  0|AC  0|TAMS 0x0000000089a00000, 0x0000000089a00000|
|  97|0x0000000089b00000, 0x0000000089b00000, 0x0000000089c00000|  0%| F|  |TS  0|AC  0|TAMS 0x0000000089b00000, 0x0000000089b00000|
|  98|0x0000000089c00000, 0x0000000089c00000, 0x0000000089d00000|  0%| F|  |TS  0|AC  0|TAMS 0x0000000089c00000, 0x0000000089c00000|
|  99|0x0000000089d00000, 0x0000000089d00000, 0x0000000089e00000|  0%| F|  |TS  0|AC  0|TAMS 0x0000000089d00000, 0x0000000089d00000|
| 100|0x0000000089e00000, 0x0000000089e00000, 0x0000000089f00000|  0%| F|  |TS  0|AC  0|TAMS 0x0000000089e00000, 0x0000000089e00000|
| 101|0x0000000089f00000, 0x0000000089f00000, 0x000000008a000000|  0%| F|  |TS  0|AC  0|TAMS 0x0000000089f00000, 0x0000000089f00000|
| 102|0x000000008a000000, 0x000000008a000000, 0x000000008a100000|  0%| F|  |TS  0|AC  0|TAMS 0x000000008a000000, 0x000000008a000000|
| 103|0x000000008a100000, 0x000000008a100000, 0x000000008a200000|  0%| F|  |TS  0|AC  0|TAMS 0x000000008a100000, 0x000000008a100000|
| 104|0x000000008a200000, 0x000000008a200000, 0x000000008a300000|  0%| F|  |TS  0|AC  0|TAMS 0x000000008a200000, 0x000000008a200000|
| 105|0x000000008a300000, 0x000000008a300000, 0x000000008a400000|  0%| F|  |TS  0|AC  0|TAMS 0x000000008a300000, 0x000000008a300000|
| 106|0x000000008a400000, 0x000000008a400000, 0x000000008a500000|  0%| F|  |TS  0|AC  0|TAMS 0x000000008a400000, 0x000000008a400000|
| 107|0x000000008a500000, 0x000000008a500000, 0x000000008a600000|  0%| F|  |TS  0|AC  0|TAMS 0x000000008a500000, 0x000000008a500000|
| 108|0x000000008a600000, 0x000000008a600000, 0x000000008a700000|  0%| F|  |TS  0|AC  0|TAMS 0x000000008a600000, 0x000000008a600000|
| 109|0x000000008a700000, 0x000000008a700000, 0x000000008a800000|  0%| F|  |TS  0|AC  0|TAMS 0x000000008a700000, 0x000000008a700000|
| 110|0x000000008a800000, 0x000000008a800000, 0x000000008a900000|  0%| F|  |TS  0|AC  0|TAMS 0x000000008a800000, 0x000000008a800000|
| 111|0x000000008a900000, 0x000000008a900000, 0x000000008aa00000|  0%| F|  |TS  0|AC  0|TAMS 0x000000008a900000, 0x000000008a900000|
| 112|0x000000008aa00000, 0x000000008aa00000, 0x000000008ab00000|  0%| F|  |TS  0|AC  0|TAMS 0x000000008aa00000, 0x000000008aa00000|
| 113|0x000000008ab00000, 0x000000008ab00000, 0x000000008ac00000|  0%| F|  |TS  0|AC  0|TAMS 0x000000008ab00000, 0x000000008ab00000|
| 114|0x000000008ac00000, 0x000000008ac00000, 0x000000008ad00000|  0%| F|  |TS  0|AC  0|TAMS 0x000000008ac00000, 0x000000008ac00000|
| 115|0x000000008ad00000, 0x000000008ad00000, 0x000000008ae00000|  0%| F|  |TS  0|AC  0|TAMS 0x000000008ad00000, 0x000000008ad00000|
| 116|0x000000008ae00000, 0x000000008ae00000, 0x000000008af00000|  0%| F|  |TS  0|AC  0|TAMS 0x000000008ae00000, 0x000000008ae00000|
| 117|0x000000008af00000, 0x000000008af00000, 0x000000008b000000|  0%| F|  |TS  0|AC  0|TAMS 0x000000008af00000, 0x000000008af00000|
| 118|0x000000008b000000, 0x000000008b000000, 0x000000008b100000|  0%| F|  |TS  0|AC  0|TAMS 0x000000008b000000, 0x000000008b000000|
| 119|0x000000008b100000, 0x000000008b100000, 0x000000008b200000|  0%| F|  |TS  0|AC  0|TAMS 0x000000008b100000, 0x000000008b100000|
| 120|0x000000008b200000, 0x000000008b200000, 0x000000008b300000|  0%| F|  |TS  0|AC  0|TAMS 0x000000008b200000, 0x000000008b200000|
| 121|0x000000008b300000, 0x000000008b300000, 0x000000008b400000|  0%| F|  |TS  0|AC  0|TAMS 0x000000008b300000, 0x000000008b300000|
| 122|0x000000008b400000, 0x000000008b400000, 0x000000008b500000|  0%| F|  |TS  0|AC  0|TAMS 0x000000008b400000, 0x000000008b400000|
| 123|0x000000008b500000, 0x000000008b500000, 0x000000008b600000|  0%| F|  |TS  0|AC  0|TAMS 0x000000008b500000, 0x000000008b500000|
| 124|0x000000008b600000, 0x000000008b6d7af0, 0x000000008b700000| 84%| E|  |TS  0|AC  0|TAMS 0x000000008b600000, 0x000000008b600000|
| 125|0x000000008b700000, 0x000000008b800000, 0x000000008b800000|100%| E|CS|TS  0|AC  0|TAMS 0x000000008b700000, 0x000000008b700000|

Card table byte_map: [0x00007fc184f94000,0x00007fc185377000] byte_map_base: 0x00007fc184b77000

Marking Bits (Prev, Next): (CMBitMap*) 0x00007fc1a005d660, (CMBitMap*) 0x00007fc1a005d698
 Prev Bits: [0x00007fc15e0e8000, 0x00007fc160000000)
 Next Bits: [0x00007fc15c1d0000, 0x00007fc15e0e8000)

Polling page: 0x00007fc1a8c37000

CodeHeap 'non-profiled nmethods': size=120032Kb used=43Kb max_used=43Kb free=119988Kb
 bounds [0x00007fc18d605000, 0x00007fc18d875000, 0x00007fc194b3d000]
CodeHeap 'profiled nmethods': size=120032Kb used=180Kb max_used=180Kb free=119851Kb
 bounds [0x00007fc1860cd000, 0x00007fc18633d000, 0x00007fc18d605000]
CodeHeap 'non-nmethods': size=5696Kb used=1148Kb max_used=1158Kb free=4547Kb
 bounds [0x00007fc185b3d000, 0x00007fc185dad000, 0x00007fc1860cd000]
 total_blobs=488 nmethods=148 adapters=198
 compilation: enabled

Compilation events (10 events):
Event: 0.567 Thread 0x00007fc1a0166800  144       3       java.lang.CharacterData::of (120 bytes)
Event: 0.567 Thread 0x00007fc1a0166800 nmethod 144 0x00007fc1860f8590 code [0x00007fc1860f87a0, 0x00007fc1860f8d70]
Event: 0.567 Thread 0x00007fc1a0166800  145       3       java.lang.CharacterDataLatin1::getProperties (11 bytes)
Event: 0.568 Thread 0x00007fc1a0166800 nmethod 145 0x00007fc1860f8f90 code [0x00007fc1860f9140, 0x00007fc1860f92d0]
Event: 0.569 Thread 0x00007fc1a0166800  146       3       java.lang.Character::toLowerCase (9 bytes)
Event: 0.569 Thread 0x00007fc1a0166800 nmethod 146 0x00007fc1860f9390 code [0x00007fc1860f9560, 0x00007fc1860f9798]
Event: 0.569 Thread 0x00007fc1a0166800  147       3       java.lang.CharacterDataLatin1::toLowerCase (39 bytes)
Event: 0.569 Thread 0x00007fc1a0166800 nmethod 147 0x00007fc1860f9890 code [0x00007fc1860f9a40, 0x00007fc1860f9cd0]
Event: 0.896 Thread 0x00007fc1a0166800  148       3       java.lang.String::<init> (15 bytes)
Event: 0.896 Thread 0x00007fc1a0166800 nmethod 148 0x00007fc1860f9e10 code [0x00007fc1860f9fc0, 0x00007fc1860fa1d0]

GC Heap History (0 events):
No events

Deoptimization events (0 events):
No events

Classes redefined (4 events):
Event: 107.838 Thread 0x00007fc1a0133800 redefined class name=com.Al.questions.chapter1.Inprefixtopostfix, count=1
Event: 3514.415 Thread 0x00007fc1a0133800 redefined class name=com.Al.questions.chapter1.Inprefixtopostfix, count=2
Event: 3660.718 Thread 0x00007fc1a0133800 redefined class name=com.Al.questions.chapter1.Inprefixtopostfix, count=3
Event: 4429.076 Thread 0x00007fc1a0133800 redefined class name=com.Al.questions.chapter1.Inprefixtopostfix, count=4

Internal exceptions (0 events):
No events

Events (10 events):
Event: 4429.078 Executing VM operation: GetFrameLocation done
Event: 4429.098 Executing VM operation: ChangeBreakpoints
Event: 4429.098 Executing VM operation: ChangeBreakpoints done
Event: 4429.135 Executing VM operation: ChangeBreakpoints
Event: 4429.135 Executing VM operation: ChangeBreakpoints done
Event: 4429.137 Executing VM operation: ChangeBreakpoints
Event: 4429.137 Executing VM operation: ChangeBreakpoints done
Event: 4429.139 Executing VM operation: ChangeBreakpoints
Event: 4429.139 Executing VM operation: ChangeBreakpoints done
Event: 4429.177 Executing VM operation: GetOrSetLocal


Dynamic libraries:
00400000-00401000 r-xp 00000000 08:01 810010                             /home/lsclike/JDK/jdk-9.0.1/bin/java
00600000-00601000 rw-p 00000000 08:01 810010                             /home/lsclike/JDK/jdk-9.0.1/bin/java
0124d000-0126e000 rw-p 00000000 00:00 0                                  [heap]
83a00000-8b800000 rw-p 00000000 00:00 0 
8b800000-100000000 ---p 00000000 00:00 0 
100000000-100080000 rw-p 00000000 00:00 0 
100080000-140000000 ---p 00000000 00:00 0 
7fc114000000-7fc114021000 rw-p 00000000 00:00 0 
7fc114021000-7fc118000000 ---p 00000000 00:00 0 
7fc11c000000-7fc11c021000 rw-p 00000000 00:00 0 
7fc11c021000-7fc120000000 ---p 00000000 00:00 0 
7fc120000000-7fc120021000 rw-p 00000000 00:00 0 
7fc120021000-7fc124000000 ---p 00000000 00:00 0 
7fc124000000-7fc124025000 rw-p 00000000 00:00 0 
7fc124025000-7fc128000000 ---p 00000000 00:00 0 
7fc128000000-7fc128021000 rw-p 00000000 00:00 0 
7fc128021000-7fc12c000000 ---p 00000000 00:00 0 
7fc12c000000-7fc12c021000 rw-p 00000000 00:00 0 
7fc12c021000-7fc130000000 ---p 00000000 00:00 0 
7fc130000000-7fc130021000 rw-p 00000000 00:00 0 
7fc130021000-7fc134000000 ---p 00000000 00:00 0 
7fc134000000-7fc134035000 rw-p 00000000 00:00 0 
7fc134035000-7fc138000000 ---p 00000000 00:00 0 
7fc138000000-7fc1380a7000 rw-p 00000000 00:00 0 
7fc1380a7000-7fc13c000000 ---p 00000000 00:00 0 
7fc13c000000-7fc13c021000 rw-p 00000000 00:00 0 
7fc13c021000-7fc140000000 ---p 00000000 00:00 0 
7fc140000000-7fc140086000 rw-p 00000000 00:00 0 
7fc140086000-7fc144000000 ---p 00000000 00:00 0 
7fc144000000-7fc144021000 rw-p 00000000 00:00 0 
7fc144021000-7fc148000000 ---p 00000000 00:00 0 
7fc148000000-7fc148021000 rw-p 00000000 00:00 0 
7fc148021000-7fc14c000000 ---p 00000000 00:00 0 
7fc14c000000-7fc14c021000 rw-p 00000000 00:00 0 
7fc14c021000-7fc150000000 ---p 00000000 00:00 0 
7fc150000000-7fc150021000 rw-p 00000000 00:00 0 
7fc150021000-7fc154000000 ---p 00000000 00:00 0 
7fc1546c1000-7fc1549ef000 rw-p 00000000 00:00 0 
7fc1549ef000-7fc1549f0000 ---p 00000000 00:00 0 
7fc1549f0000-7fc154af0000 rw-p 00000000 00:00 0 
7fc154af0000-7fc154af4000 ---p 00000000 00:00 0 
7fc154af4000-7fc154bf1000 rw-p 00000000 00:00 0 
7fc154bf1000-7fc154bf5000 ---p 00000000 00:00 0 
7fc154bf5000-7fc154cf2000 rw-p 00000000 00:00 0 
7fc154cf2000-7fc154cf6000 ---p 00000000 00:00 0 
7fc154cf6000-7fc154df3000 rw-p 00000000 00:00 0 
7fc154df3000-7fc154df7000 ---p 00000000 00:00 0 
7fc154df7000-7fc154ef4000 rw-p 00000000 00:00 0 
7fc154ef4000-7fc154ef8000 r-xp 00000000 08:01 810460                     /home/lsclike/JDK/jdk-9.0.1/lib/libdt_socket.so
7fc154ef8000-7fc1550f7000 ---p 00004000 08:01 810460                     /home/lsclike/JDK/jdk-9.0.1/lib/libdt_socket.so
7fc1550f7000-7fc1550f8000 rw-p 00003000 08:01 810460                     /home/lsclike/JDK/jdk-9.0.1/lib/libdt_socket.so
7fc1550f8000-7fc1550fc000 ---p 00000000 00:00 0 
7fc1550fc000-7fc1551f9000 rw-p 00000000 00:00 0 
7fc1551f9000-7fc15520f000 r-xp 00000000 08:01 810468                     /home/lsclike/JDK/jdk-9.0.1/lib/libnet.so
7fc15520f000-7fc15540f000 ---p 00016000 08:01 810468                     /home/lsclike/JDK/jdk-9.0.1/lib/libnet.so
7fc15540f000-7fc155410000 rw-p 00016000 08:01 810468                     /home/lsclike/JDK/jdk-9.0.1/lib/libnet.so
7fc155410000-7fc155420000 r-xp 00000000 08:01 810465                     /home/lsclike/JDK/jdk-9.0.1/lib/libnio.so
7fc155420000-7fc155620000 ---p 00010000 08:01 810465                     /home/lsclike/JDK/jdk-9.0.1/lib/libnio.so
7fc155620000-7fc155621000 rw-p 00010000 08:01 810465                     /home/lsclike/JDK/jdk-9.0.1/lib/libnio.so
7fc155621000-7fc155625000 ---p 00000000 00:00 0 
7fc155625000-7fc155722000 rw-p 00000000 00:00 0 
7fc155722000-7fc155726000 ---p 00000000 00:00 0 
7fc155726000-7fc155823000 rw-p 00000000 00:00 0 
7fc155823000-7fc155827000 ---p 00000000 00:00 0 
7fc155827000-7fc155924000 rw-p 00000000 00:00 0 
7fc155924000-7fc155928000 ---p 00000000 00:00 0 
7fc155928000-7fc155a25000 rw-p 00000000 00:00 0 
7fc155a25000-7fc155a29000 ---p 00000000 00:00 0 
7fc155a29000-7fc155b26000 rw-p 00000000 00:00 0 
7fc155b26000-7fc155dfe000 r--p 00000000 08:01 394709                     /usr/lib/locale/locale-archive
7fc155dfe000-7fc155e02000 ---p 00000000 00:00 0 
7fc155e02000-7fc155eff000 rw-p 00000000 00:00 0 
7fc155eff000-7fc155f03000 ---p 00000000 00:00 0 
7fc155f03000-7fc156000000 rw-p 00000000 00:00 0 
7fc156000000-7fc158000000 rwxp 00000000 00:00 0 
7fc158000000-7fc158021000 rw-p 00000000 00:00 0 
7fc158021000-7fc15c000000 ---p 00000000 00:00 0 
7fc15c0cf000-7fc15c0d0000 ---p 00000000 00:00 0 
7fc15c0d0000-7fc15c3c8000 rw-p 00000000 00:00 0 
7fc15c3c8000-7fc15e0e8000 ---p 00000000 00:00 0 
7fc15e0e8000-7fc15e2e0000 rw-p 00000000 00:00 0 
7fc15e2e0000-7fc160000000 ---p 00000000 00:00 0 
7fc160000000-7fc160021000 rw-p 00000000 00:00 0 
7fc160021000-7fc164000000 ---p 00000000 00:00 0 
7fc164000000-7fc164021000 rw-p 00000000 00:00 0 
7fc164021000-7fc168000000 ---p 00000000 00:00 0 
7fc168000000-7fc168021000 rw-p 00000000 00:00 0 
7fc168021000-7fc16c000000 ---p 00000000 00:00 0 
7fc16c000000-7fc16c021000 rw-p 00000000 00:00 0 
7fc16c021000-7fc170000000 ---p 00000000 00:00 0 
7fc170000000-7fc170021000 rw-p 00000000 00:00 0 
7fc170021000-7fc174000000 ---p 00000000 00:00 0 
7fc174000000-7fc174021000 rw-p 00000000 00:00 0 
7fc174021000-7fc178000000 ---p 00000000 00:00 0 
7fc178000000-7fc178021000 rw-p 00000000 00:00 0 
7fc178021000-7fc17c000000 ---p 00000000 00:00 0 
7fc17c000000-7fc17c021000 rw-p 00000000 00:00 0 
7fc17c021000-7fc180000000 ---p 00000000 00:00 0 
7fc180000000-7fc180021000 rw-p 00000000 00:00 0 
7fc180021000-7fc184000000 ---p 00000000 00:00 0 
7fc184007000-7fc18452e000 rw-p 00000000 00:00 0 
7fc18452e000-7fc1848ae000 ---p 00000000 00:00 0 
7fc1848ae000-7fc184bf0000 rw-p 00000000 00:00 0 
7fc184bf0000-7fc184f94000 ---p 00000000 00:00 0 
7fc184f94000-7fc184fd3000 rw-p 00000000 00:00 0 
7fc184fd3000-7fc18575a000 ---p 00000000 00:00 0 
7fc18575a000-7fc185799000 rw-p 00000000 00:00 0 
7fc185799000-7fc185b3d000 ---p 00000000 00:00 0 
7fc185b3d000-7fc185dad000 rwxp 00000000 00:00 0 
7fc185dad000-7fc1860cd000 ---p 00000000 00:00 0 
7fc1860cd000-7fc18633d000 rwxp 00000000 00:00 0 
7fc18633d000-7fc18d605000 ---p 00000000 00:00 0 
7fc18d605000-7fc18d875000 rwxp 00000000 00:00 0 
7fc18d875000-7fc194b3d000 ---p 00000000 00:00 0 
7fc194b3d000-7fc1a0000000 r--s 00000000 08:01 810239                     /home/lsclike/JDK/jdk-9.0.1/lib/modules
7fc1a0000000-7fc1a0260000 rw-p 00000000 00:00 0 
7fc1a0260000-7fc1a4000000 ---p 00000000 00:00 0 
7fc1a4016000-7fc1a419a000 rw-p 00000000 00:00 0 
7fc1a419a000-7fc1a419b000 ---p 00000000 00:00 0 
7fc1a419b000-7fc1a429b000 rw-p 00000000 00:00 0 
7fc1a429b000-7fc1a429c000 ---p 00000000 00:00 0 
7fc1a429c000-7fc1a439c000 rw-p 00000000 00:00 0 
7fc1a439c000-7fc1a439d000 ---p 00000000 00:00 0 
7fc1a439d000-7fc1a449d000 rw-p 00000000 00:00 0 
7fc1a449d000-7fc1a449e000 ---p 00000000 00:00 0 
7fc1a449e000-7fc1a459e000 rw-p 00000000 00:00 0 
7fc1a459e000-7fc1a459f000 ---p 00000000 00:00 0 
7fc1a459f000-7fc1a469f000 rw-p 00000000 00:00 0 
7fc1a469f000-7fc1a46a0000 ---p 00000000 00:00 0 
7fc1a46a0000-7fc1a47a0000 rw-p 00000000 00:00 0 
7fc1a47a0000-7fc1a47a1000 ---p 00000000 00:00 0 
7fc1a47a1000-7fc1a4ca5000 rw-p 00000000 00:00 0 
7fc1a4ca5000-7fc1a4ca6000 ---p 00000000 00:00 0 
7fc1a4ca6000-7fc1a4da6000 rw-p 00000000 00:00 0 
7fc1a4da6000-7fc1a4da7000 ---p 00000000 00:00 0 
7fc1a4da7000-7fc1a4ea7000 rw-p 00000000 00:00 0 
7fc1a4ea7000-7fc1a4ea8000 ---p 00000000 00:00 0 
7fc1a4ea8000-7fc1a4fa8000 rw-p 00000000 00:00 0 
7fc1a4fa8000-7fc1a4fa9000 ---p 00000000 00:00 0 
7fc1a4fa9000-7fc1a50ae000 rw-p 00000000 00:00 0 
7fc1a50ae000-7fc1a5194000 ---p 00000000 00:00 0 
7fc1a5194000-7fc1a5199000 rw-p 00000000 00:00 0 
7fc1a5199000-7fc1a527f000 ---p 00000000 00:00 0 
7fc1a527f000-7fc1a5299000 r-xp 00000000 08:01 810470                     /home/lsclike/JDK/jdk-9.0.1/lib/libjimage.so
7fc1a5299000-7fc1a5498000 ---p 0001a000 08:01 810470                     /home/lsclike/JDK/jdk-9.0.1/lib/libjimage.so
7fc1a5498000-7fc1a549a000 rw-p 00019000 08:01 810470                     /home/lsclike/JDK/jdk-9.0.1/lib/libjimage.so
7fc1a549a000-7fc1a54ac000 rw-p 00000000 00:00 0 
7fc1a54ac000-7fc1a54b3000 r-xp 00000000 08:01 810526                     /home/lsclike/JDK/jdk-9.0.1/lib/libzip.so
7fc1a54b3000-7fc1a56b2000 ---p 00007000 08:01 810526                     /home/lsclike/JDK/jdk-9.0.1/lib/libzip.so
7fc1a56b2000-7fc1a56b3000 rw-p 00006000 08:01 810526                     /home/lsclike/JDK/jdk-9.0.1/lib/libzip.so
7fc1a56b3000-7fc1a56be000 r-xp 00000000 08:01 1240644                    /lib/x86_64-linux-gnu/libnss_files-2.23.so
7fc1a56be000-7fc1a58bd000 ---p 0000b000 08:01 1240644                    /lib/x86_64-linux-gnu/libnss_files-2.23.so
7fc1a58bd000-7fc1a58be000 r--p 0000a000 08:01 1240644                    /lib/x86_64-linux-gnu/libnss_files-2.23.so
7fc1a58be000-7fc1a58bf000 rw-p 0000b000 08:01 1240644                    /lib/x86_64-linux-gnu/libnss_files-2.23.so
7fc1a58bf000-7fc1a58c5000 rw-p 00000000 00:00 0 
7fc1a58c5000-7fc1a58d0000 r-xp 00000000 08:01 1240648                    /lib/x86_64-linux-gnu/libnss_nis-2.23.so
7fc1a58d0000-7fc1a5acf000 ---p 0000b000 08:01 1240648                    /lib/x86_64-linux-gnu/libnss_nis-2.23.so
7fc1a5acf000-7fc1a5ad0000 r--p 0000a000 08:01 1240648                    /lib/x86_64-linux-gnu/libnss_nis-2.23.so
7fc1a5ad0000-7fc1a5ad1000 rw-p 0000b000 08:01 1240648                    /lib/x86_64-linux-gnu/libnss_nis-2.23.so
7fc1a5ad1000-7fc1a5ae7000 r-xp 00000000 08:01 1231787                    /lib/x86_64-linux-gnu/libnsl-2.23.so
7fc1a5ae7000-7fc1a5ce6000 ---p 00016000 08:01 1231787                    /lib/x86_64-linux-gnu/libnsl-2.23.so
7fc1a5ce6000-7fc1a5ce7000 r--p 00015000 08:01 1231787                    /lib/x86_64-linux-gnu/libnsl-2.23.so
7fc1a5ce7000-7fc1a5ce8000 rw-p 00016000 08:01 1231787                    /lib/x86_64-linux-gnu/libnsl-2.23.so
7fc1a5ce8000-7fc1a5cea000 rw-p 00000000 00:00 0 
7fc1a5cea000-7fc1a5cf2000 r-xp 00000000 08:01 1232092                    /lib/x86_64-linux-gnu/libnss_compat-2.23.so
7fc1a5cf2000-7fc1a5ef1000 ---p 00008000 08:01 1232092                    /lib/x86_64-linux-gnu/libnss_compat-2.23.so
7fc1a5ef1000-7fc1a5ef2000 r--p 00007000 08:01 1232092                    /lib/x86_64-linux-gnu/libnss_compat-2.23.so
7fc1a5ef2000-7fc1a5ef3000 rw-p 00008000 08:01 1232092                    /lib/x86_64-linux-gnu/libnss_compat-2.23.so
7fc1a5ef3000-7fc1a5f2e000 r-xp 00000000 08:01 810494                     /home/lsclike/JDK/jdk-9.0.1/lib/libjdwp.so
7fc1a5f2e000-7fc1a612d000 ---p 0003b000 08:01 810494                     /home/lsclike/JDK/jdk-9.0.1/lib/libjdwp.so
7fc1a612d000-7fc1a612e000 rw-p 0003a000 08:01 810494                     /home/lsclike/JDK/jdk-9.0.1/lib/libjdwp.so
7fc1a612e000-7fc1a612f000 rw-p 00000000 00:00 0 
7fc1a612f000-7fc1a615a000 r-xp 00000000 08:01 810436                     /home/lsclike/JDK/jdk-9.0.1/lib/libjava.so
7fc1a615a000-7fc1a6359000 ---p 0002b000 08:01 810436                     /home/lsclike/JDK/jdk-9.0.1/lib/libjava.so
7fc1a6359000-7fc1a635b000 rw-p 0002a000 08:01 810436                     /home/lsclike/JDK/jdk-9.0.1/lib/libjava.so
7fc1a635b000-7fc1a6368000 r-xp 00000000 08:01 810253                     /home/lsclike/JDK/jdk-9.0.1/lib/libverify.so
7fc1a6368000-7fc1a6567000 ---p 0000d000 08:01 810253                     /home/lsclike/JDK/jdk-9.0.1/lib/libverify.so
7fc1a6567000-7fc1a6569000 rw-p 0000c000 08:01 810253                     /home/lsclike/JDK/jdk-9.0.1/lib/libverify.so
7fc1a6569000-7fc1a6570000 r-xp 00000000 08:01 1240649                    /lib/x86_64-linux-gnu/librt-2.23.so
7fc1a6570000-7fc1a676f000 ---p 00007000 08:01 1240649                    /lib/x86_64-linux-gnu/librt-2.23.so
7fc1a676f000-7fc1a6770000 r--p 00006000 08:01 1240649                    /lib/x86_64-linux-gnu/librt-2.23.so
7fc1a6770000-7fc1a6771000 rw-p 00007000 08:01 1240649                    /lib/x86_64-linux-gnu/librt-2.23.so
7fc1a6771000-7fc1a6879000 r-xp 00000000 08:01 1215136                    /lib/x86_64-linux-gnu/libm-2.23.so
7fc1a6879000-7fc1a6a78000 ---p 00108000 08:01 1215136                    /lib/x86_64-linux-gnu/libm-2.23.so
7fc1a6a78000-7fc1a6a79000 r--p 00107000 08:01 1215136                    /lib/x86_64-linux-gnu/libm-2.23.so
7fc1a6a79000-7fc1a6a7a000 rw-p 00108000 08:01 1215136                    /lib/x86_64-linux-gnu/libm-2.23.so
7fc1a6a7a000-7fc1a7a8e000 r-xp 00000000 08:01 810521                     /home/lsclike/JDK/jdk-9.0.1/lib/server/libjvm.so
7fc1a7a8e000-7fc1a7c8e000 ---p 01014000 08:01 810521                     /home/lsclike/JDK/jdk-9.0.1/lib/server/libjvm.so
7fc1a7c8e000-7fc1a7d5f000 r--p 01014000 08:01 810521                     /home/lsclike/JDK/jdk-9.0.1/lib/server/libjvm.so
7fc1a7d5f000-7fc1a7d96000 rw-p 010e5000 08:01 810521                     /home/lsclike/JDK/jdk-9.0.1/lib/server/libjvm.so
7fc1a7d96000-7fc1a7dff000 rw-p 00000000 00:00 0 
7fc1a7dff000-7fc1a7fbf000 r-xp 00000000 08:01 1232075                    /lib/x86_64-linux-gnu/libc-2.23.so
7fc1a7fbf000-7fc1a81bf000 ---p 001c0000 08:01 1232075                    /lib/x86_64-linux-gnu/libc-2.23.so
7fc1a81bf000-7fc1a81c3000 r--p 001c0000 08:01 1232075                    /lib/x86_64-linux-gnu/libc-2.23.so
7fc1a81c3000-7fc1a81c5000 rw-p 001c4000 08:01 1232075                    /lib/x86_64-linux-gnu/libc-2.23.so
7fc1a81c5000-7fc1a81c9000 rw-p 00000000 00:00 0 
7fc1a81c9000-7fc1a81cc000 r-xp 00000000 08:01 1232079                    /lib/x86_64-linux-gnu/libdl-2.23.so
7fc1a81cc000-7fc1a83cb000 ---p 00003000 08:01 1232079                    /lib/x86_64-linux-gnu/libdl-2.23.so
7fc1a83cb000-7fc1a83cc000 r--p 00002000 08:01 1232079                    /lib/x86_64-linux-gnu/libdl-2.23.so
7fc1a83cc000-7fc1a83cd000 rw-p 00003000 08:01 1232079                    /lib/x86_64-linux-gnu/libdl-2.23.so
7fc1a83cd000-7fc1a83db000 r-xp 00000000 08:01 810237                     /home/lsclike/JDK/jdk-9.0.1/lib/jli/libjli.so
7fc1a83db000-7fc1a85db000 ---p 0000e000 08:01 810237                     /home/lsclike/JDK/jdk-9.0.1/lib/jli/libjli.so
7fc1a85db000-7fc1a85dc000 rw-p 0000e000 08:01 810237                     /home/lsclike/JDK/jdk-9.0.1/lib/jli/libjli.so
7fc1a85dc000-7fc1a85f4000 r-xp 00000000 08:01 1232064                    /lib/x86_64-linux-gnu/libpthread-2.23.so
7fc1a85f4000-7fc1a87f3000 ---p 00018000 08:01 1232064                    /lib/x86_64-linux-gnu/libpthread-2.23.so
7fc1a87f3000-7fc1a87f4000 r--p 00017000 08:01 1232064                    /lib/x86_64-linux-gnu/libpthread-2.23.so
7fc1a87f4000-7fc1a87f5000 rw-p 00018000 08:01 1232064                    /lib/x86_64-linux-gnu/libpthread-2.23.so
7fc1a87f5000-7fc1a87f9000 rw-p 00000000 00:00 0 
7fc1a87f9000-7fc1a8812000 r-xp 00000000 08:01 1185391                    /lib/x86_64-linux-gnu/libz.so.1.2.8
7fc1a8812000-7fc1a8a11000 ---p 00019000 08:01 1185391                    /lib/x86_64-linux-gnu/libz.so.1.2.8
7fc1a8a11000-7fc1a8a12000 r--p 00018000 08:01 1185391                    /lib/x86_64-linux-gnu/libz.so.1.2.8
7fc1a8a12000-7fc1a8a13000 rw-p 00019000 08:01 1185391                    /lib/x86_64-linux-gnu/libz.so.1.2.8
7fc1a8a13000-7fc1a8a39000 r-xp 00000000 08:01 1231788                    /lib/x86_64-linux-gnu/ld-2.23.so
7fc1a8a54000-7fc1a8a5b000 r--s 00000000 08:01 572460                     /usr/lib/x86_64-linux-gnu/gconv/gconv-modules.cache
7fc1a8a5b000-7fc1a8b1b000 rw-p 00000000 00:00 0 
7fc1a8b1b000-7fc1a8b20000 ---p 00000000 00:00 0 
7fc1a8b20000-7fc1a8c22000 rw-p 00000000 00:00 0 
7fc1a8c22000-7fc1a8c27000 rw-p 00000000 00:00 0 
7fc1a8c27000-7fc1a8c2e000 ---p 00000000 00:00 0 
7fc1a8c2e000-7fc1a8c36000 rw-s 00000000 08:01 657522                     /tmp/hsperfdata_lsclike/13749
7fc1a8c36000-7fc1a8c37000 rw-p 00000000 00:00 0 
7fc1a8c37000-7fc1a8c38000 ---p 00000000 00:00 0 
7fc1a8c38000-7fc1a8c39000 r--p 00025000 08:01 1231788                    /lib/x86_64-linux-gnu/ld-2.23.so
7fc1a8c39000-7fc1a8c3a000 rw-p 00026000 08:01 1231788                    /lib/x86_64-linux-gnu/ld-2.23.so
7fc1a8c3a000-7fc1a8c3b000 rw-p 00000000 00:00 0 
7ffebb3d5000-7ffebb3f7000 rw-p 00000000 00:00 0                          [stack]
7ffebb3f8000-7ffebb3fb000 r--p 00000000 00:00 0                          [vvar]
7ffebb3fb000-7ffebb3fd000 r-xp 00000000 00:00 0                          [vdso]
ffffffffff600000-ffffffffff601000 r-xp 00000000 00:00 0                  [vsyscall]

VM Arguments:
jvm_args: -agentlib:jdwp=transport=dt_socket,address=127.0.0.1:34439,suspend=y,server=n -Dfile.encoding=UTF-8 
java_command: com.Al.questions.chapter1.Inprefixtopostfix
java_class_path (initial): /home/lsclike/IdeaProjects/Algorithm/out/production/Algorithm:/home/lsclike/java_library/algs4.jar:/home/lsclike/java_library/stdlib.jar:/home/lsclike/Java/idea-IU-172.4574.11/lib/idea_rt.jar
Launcher Type: SUN_STANDARD

Logging:
Log output configuration:
#0: stdout all=warning uptime,level,tags
#1: stderr all=off uptime,level,tags

Environment Variables:
PATH=/home/lsclike/.rvm/gems/ruby-2.4.1/bin:/home/lsclike/.rvm/gems/ruby-2.4.1@global/bin:/home/lsclike/.rvm/rubies/ruby-2.4.1/bin:/home/lsclike/node-v8.9.4-linux-x64/bin:/home/lsclike/Java/idea-IU-172.4574.11/bin:/home/lsclike/bin:/home/lsclike/.local/bin:/usr/local/sbin:/usr/local/bin:/usr/sbin:/usr/bin:/sbin:/bin:/usr/games:/usr/local/games:/snap/bin:/home/lsclike/.rvm/bin:/home/lsclike/ruby_ide/RubyMine-2017.2.4/bin
:/home/lsclike/.rvm/bin:/home/lsclike/.rvm/bin
LD_LIBRARY_PATH=/home/lsclike/Java/idea-IU-172.4574.11/bin:
SHELL=/usr/bin/zsh
DISPLAY=:0

Signal Handlers:
SIGSEGV: [libjvm.so+0xd4ce90], sa_mask[0]=11111111011111111101111111111110, sa_flags=SA_RESTART|SA_SIGINFO
SIGBUS: [libjvm.so+0xd4ce90], sa_mask[0]=11111111011111111101111111111110, sa_flags=SA_RESTART|SA_SIGINFO
SIGFPE: [libjvm.so+0xd4ce90], sa_mask[0]=11111111011111111101111111111110, sa_flags=SA_RESTART|SA_SIGINFO
SIGPIPE: [libjvm.so+0xb64460], sa_mask[0]=11111111011111111101111111111110, sa_flags=SA_RESTART|SA_SIGINFO
SIGXFSZ: [libjvm.so+0xb64460], sa_mask[0]=11111111011111111101111111111110, sa_flags=SA_RESTART|SA_SIGINFO
SIGILL: [libjvm.so+0xd4ce90], sa_mask[0]=11111111011111111101111111111110, sa_flags=SA_RESTART|SA_SIGINFO
SIGUSR2: [libjvm.so+0xb64320], sa_mask[0]=00100000000000000000000000000000, sa_flags=SA_RESTART|SA_SIGINFO
SIGHUP: [libjvm.so+0xb64530], sa_mask[0]=11111111011111111101111111111110, sa_flags=SA_RESTART|SA_SIGINFO
SIGINT: [libjvm.so+0xb64530], sa_mask[0]=11111111011111111101111111111110, sa_flags=SA_RESTART|SA_SIGINFO
SIGTERM: [libjvm.so+0xb64530], sa_mask[0]=11111111011111111101111111111110, sa_flags=SA_RESTART|SA_SIGINFO
SIGQUIT: [libjvm.so+0xb64530], sa_mask[0]=11111111011111111101111111111110, sa_flags=SA_RESTART|SA_SIGINFO


---------------  S Y S T E M  ---------------

OS:DISTRIB_ID=Ubuntu
DISTRIB_RELEASE=16.04
DISTRIB_CODENAME=xenial
DISTRIB_DESCRIPTION="Ubuntu 16.04.3 LTS"
uname:Linux 4.13.0-26-generic #29~16.04.2-Ubuntu SMP Tue Jan 9 22:00:44 UTC 2018 x86_64
libc:glibc 2.23 NPTL 2.23 
rlimit: STACK 8192k, CORE 0k, NPROC 31610, NOFILE 1048576, AS infinity
load average:0.74 0.71 0.65

/proc/meminfo:
MemTotal:        8144708 kB
MemFree:          219800 kB
MemAvailable:     317208 kB
Buffers:           18892 kB
Cached:           470328 kB
SwapCached:         2564 kB
Active:          3467308 kB
Inactive:         775480 kB
Active(anon):    3280208 kB
Inactive(anon):   674592 kB
Active(file):     187100 kB
Inactive(file):   100888 kB
Unevictable:         212 kB
Mlocked:             212 kB
SwapTotal:       4191228 kB
SwapFree:        3996144 kB
Dirty:              7652 kB
Writeback:             0 kB
AnonPages:       3751592 kB
Mapped:           354160 kB
Shmem:            200968 kB
Slab:             145440 kB
SReclaimable:      61464 kB
SUnreclaim:        83976 kB
KernelStack:       23984 kB
PageTables:        74200 kB
NFS_Unstable:          0 kB
Bounce:                0 kB
WritebackTmp:          0 kB
CommitLimit:     8263580 kB
Committed_AS:   15954176 kB
VmallocTotal:   34359738367 kB
VmallocUsed:           0 kB
VmallocChunk:          0 kB
HardwareCorrupted:     0 kB
AnonHugePages:         0 kB
ShmemHugePages:        0 kB
ShmemPmdMapped:        0 kB
CmaTotal:              0 kB
CmaFree:               0 kB
HugePages_Total:       0
HugePages_Free:        0
HugePages_Rsvd:        0
HugePages_Surp:        0
Hugepagesize:       2048 kB
DirectMap4k:      200512 kB
DirectMap2M:     7139328 kB
DirectMap1G:     3145728 kB


CPU:total 4 (initial active 4) (2 cores per cpu, 1 threads per core) family 6 model 142 stepping 9, cmov, cx8, fxsr, mmx, sse, sse2, sse3, ssse3, sse4.1, sse4.2, popcnt, avx, avx2, aes, clmul, erms, 3dnowpref, lzcnt, tsc, tscinvbit, bmi1, bmi2, adx, fma
CPU Model and flags from /proc/cpuinfo:
model name	: Intel(R) Core(TM) i5-7200U CPU @ 2.50GHz
flags		: fpu vme de pse tsc msr pae mce cx8 apic sep mtrr pge mca cmov pat pse36 clflush mmx fxsr sse sse2 ss ht syscall nx pdpe1gb rdtscp lm constant_tsc arch_perfmon nopl xtopology tsc_reliable nonstop_tsc cpuid pni pclmulqdq ssse3 fma cx16 pcid sse4_1 sse4_2 x2apic movbe popcnt tsc_deadline_timer aes xsave avx f16c rdrand hypervisor lahf_lm abm 3dnowprefetch cpuid_fault invpcid_single pti fsgsbase tsc_adjust bmi1 avx2 smep bmi2 invpcid mpx rdseed adx smap clflushopt xsaveopt xsavec xsaves arat

Memory: 4k page, physical 8144708k(219800k free), swap 4191228k(3996144k free)

vm_info: Java HotSpot(TM) 64-Bit Server VM (9.0.1+11) for linux-amd64 JRE (9.0.1+11), built on Sep 27 2017 20:48:27 by "mach5one" with gcc 4.9.2

END.
