#
# A fatal error has been detected by the Java Runtime Environment:
#
#  SIGSEGV (0xb) at pc=0x00007fa70f0f08ee, pid=13431, tid=13444
#
# JRE version: Java(TM) SE Runtime Environment (9.0+11) (build 9.0.1+11)
# Java VM: Java HotSpot(TM) 64-Bit Server VM (9.0.1+11, mixed mode, tiered, compressed oops, g1 gc, linux-amd64)
# Problematic frame:
# V  [libjvm.so+0x8128ee]  InstanceKlass::allocate_instance(Thread*)+0xae
#
# Core dump will be written. Default location: Core dumps may be processed with "/usr/share/apport/apport %p %s %c %d %P" (or dumping to /home/lsclike/IdeaProjects/Algorithm/core.13431)
#
# If you would like to submit a bug report, please visit:
#   http://bugreport.java.com/bugreport/crash.jsp
#

---------------  S U M M A R Y ------------

Command Line: -agentlib:jdwp=transport=dt_socket,address=127.0.0.1:40215,suspend=y,server=n -Dfile.encoding=UTF-8 com.Al.questions.chapter1.Inprefixtopostfix

Host: Intel(R) Core(TM) i5-7200U CPU @ 2.50GHz, 4 cores, 7G, Ubuntu 16.04.3 LTS
Time: Tue Jan 23 17:51:54 2018 AEDT elapsed time: 4665 seconds (0d 1h 17m 45s)

---------------  T H R E A D  ---------------

Current thread (0x00007fa708133800):  VMThread "VM Thread" [stack: 0x00007fa6ec5ac000,0x00007fa6ec6ac000] [id=13444]

Stack: [0x00007fa6ec5ac000,0x00007fa6ec6ac000],  sp=0x00007fa6ec6aa180,  free space=1016k
Native frames: (J=compiled Java code, A=aot compiled Java code, j=interpreted, Vv=VM code, C=native code)
V  [libjvm.so+0x8128ee]  InstanceKlass::allocate_instance(Thread*)+0xae
V  [libjvm.so+0x83ec3d]  java_lang_String::basic_create(int, bool, Thread*)+0x2d
V  [libjvm.so+0x83eec5]  java_lang_String::create_from_str(char const*, Thread*)+0x45
V  [libjvm.so+0x70736d]  Exceptions::new_exception(Thread*, Symbol*, char const*, Exceptions::ExceptionMsgToUtf8Mode)+0x10d
V  [libjvm.so+0x7a95c6]  GenerateOopMap::verify_error(char const*, ...)+0x86
V  [libjvm.so+0x7abc69]  GenerateOopMap::do_ldc(int)+0x139
V  [libjvm.so+0x7acf1d]  GenerateOopMap::interp1(BytecodeStream*)+0x86d
V  [libjvm.so+0x7ae104]  GenerateOopMap::interp_bb(BasicBlock*)+0x144
V  [libjvm.so+0x7b002f]  GenerateOopMap::do_interpretation()+0x9f
V  [libjvm.so+0x7b040b]  GenerateOopMap::compute_map(Thread*)+0x26b
V  [libjvm.so+0xb5a267]  OopMapForCacheEntry::compute_map(Thread*)+0x67
V  [libjvm.so+0xb5aedc]  OopMapCacheEntry::fill(methodHandle, int)+0x12c
V  [libjvm.so+0xb5b722]  OopMapCache::compute_one_oop_map(methodHandle const&, int, InterpreterOopMap*)+0x102
V  [libjvm.so+0xb5ba36]  OopMapCache::lookup(methodHandle const&, int, InterpreterOopMap*) const+0x216
V  [libjvm.so+0xafb264]  Method::mask_for(int, InterpreterOopMap*)+0x74
V  [libjvm.so+0x9a57ed]  VM_GetOrSetLocal::doit()+0x4d
V  [libjvm.so+0xd5d019]  VM_Operation::evaluate()+0x59
V  [libjvm.so+0xd5ad63]  VMThread::evaluate_operation(VM_Operation*)+0xc3
V  [libjvm.so+0xd5b2d0]  VMThread::loop()+0x210
V  [libjvm.so+0xd5b7e2]  VMThread::run()+0x72
V  [libjvm.so+0xb6de12]  thread_native_entry(Thread*)+0xf2


siginfo: si_signo: 11 (SIGSEGV), si_code: 1 (SEGV_MAPERR), si_addr: 0x0000003f0102000c

Register to memory mapping:

RAX=0x0000003f01020018 is an unknown value
RBX=0x0000003f01020000 is an unknown value
RCX=0x0000000000000000 is an unknown value
RDX=0x0022a1bb1fe281c1 is an unknown value
RSP=0x00007fa6ec6aa180 is an unknown value
RBP=0x00007fa6ec6aa1e0 is an unknown value
RSI=0x00007fa708133800 is an unknown value
RDI=0x00000001000016d0 is pointing into metadata
R8 =0x000000000000006e is an unknown value
R9 =0x000000000000006e is an unknown value
R10=0x0000000000000004 is an unknown value
R11=0x00007fa6a0033af0 is an unknown value
R12=0x00007fa708133800 is an unknown value
R13=0x000000000000004c is an unknown value
R14=0x00007fa70fc0f539: <offset 0x0000000001331539> in /home/lsclike/JDK/jdk-9.0.1/lib/server/libjvm.so at 0x00007fa70e8de000
R15=0x0000000000000003 is an unknown value


Registers:
RAX=0x0000003f01020018, RBX=0x0000003f01020000, RCX=0x0000000000000000, RDX=0x0022a1bb1fe281c1
RSP=0x00007fa6ec6aa180, RBP=0x00007fa6ec6aa1e0, RSI=0x00007fa708133800, RDI=0x00000001000016d0
R8 =0x000000000000006e, R9 =0x000000000000006e, R10=0x0000000000000004, R11=0x00007fa6a0033af0
R12=0x00007fa708133800, R13=0x000000000000004c, R14=0x00007fa70fc0f539, R15=0x0000000000000003
RIP=0x00007fa70f0f08ee, EFLAGS=0x0000000000010202, CSGSFS=0x002b000000000033, ERR=0x0000000000000006
  TRAPNO=0x000000000000000e

Top of Stack: (sp=0x00007fa6ec6aa180)
0x00007fa6ec6aa180:   0000000000000000 0020003100000003
0x00007fa6ec6aa190:   00000001000016d0 0000000000000000
0x00007fa6ec6aa1a0:   00007fa70f6d5d98 00007fa6ec6aa8d8
0x00007fa6ec6aa1b0:   4fffffffffffffff 00007fa708133800 

Instructions: (pc=0x00007fa70f0f08ee)
0x00007fa70f0f08ce:   24 08 48 85 c0 0f 85 f7 00 00 00 4c 8d 35 59 ec
0x00007fa70f0f08de:   b1 00 41 80 3e 00 0f 84 46 01 00 00 49 83 ff 02
0x00007fa70f0f08ee:   c7 43 0c 00 00 00 00 48 8d 7b 10 49 8d 47 fd 74
0x00007fa70f0f08fe:   0f 48 8d 14 c5 08 00 00 00 31 f6 e8 22 f7 a5 ff 

VM_Operation (0x00007fa6bcccda70): GetOrSetLocal, mode: safepoint, requested by thread 0x00007fa708219800


---------------  P R O C E S S  ---------------

Java Threads: ( => current thread )
  0x00007fa70821f000 JavaThread "Service Thread" daemon [_thread_blocked, id=13462, stack(0x00007fa6bc8cb000,0x00007fa6bc9cc000)]
  0x00007fa68c001000 JavaThread "JDWP Command Reader" daemon [_thread_in_native, id=13456, stack(0x00007fa6bc9cc000,0x00007fa6bcacd000)]
  0x00007fa70821d000 JavaThread "JDWP Event Helper Thread" daemon [_thread_blocked, id=13455, stack(0x00007fa6bcacd000,0x00007fa6bcbce000)]
  0x00007fa708219800 JavaThread "JDWP Transport Listener: dt_socket" daemon [_thread_blocked, id=13454, stack(0x00007fa6bcbce000,0x00007fa6bcccf000)]
  0x00007fa70817b000 JavaThread "Common-Cleaner" daemon [_thread_blocked, id=13452, stack(0x00007fa6bced3000,0x00007fa6bcfd4000)]
  0x00007fa708166800 JavaThread "Sweeper thread" daemon [_thread_blocked, id=13451, stack(0x00007fa6bd3fc000,0x00007fa6bd4fd000)]
  0x00007fa708164800 JavaThread "C1 CompilerThread2" daemon [_thread_blocked, id=13450, stack(0x00007fa6bd4fd000,0x00007fa6bd5fe000)]
  0x00007fa708162800 JavaThread "C2 CompilerThread1" daemon [_thread_blocked, id=13449, stack(0x00007fa6bd5fe000,0x00007fa6bd6ff000)]
  0x00007fa708160800 JavaThread "C2 CompilerThread0" daemon [_thread_blocked, id=13448, stack(0x00007fa6bd6ff000,0x00007fa6bd800000)]
  0x00007fa70815e800 JavaThread "Signal Dispatcher" daemon [_thread_blocked, id=13447, stack(0x00007fa6c40cf000,0x00007fa6c41d0000)]
  0x00007fa708145800 JavaThread "Finalizer" daemon [_thread_blocked, id=13446, stack(0x00007fa6ec3a9000,0x00007fa6ec4aa000)]
  0x00007fa70813d800 JavaThread "Reference Handler" daemon [_thread_blocked, id=13445, stack(0x00007fa6ec4aa000,0x00007fa6ec5ab000)]
  0x00007fa708013800 JavaThread "main" [_thread_blocked, id=13432, stack(0x00007fa710980000,0x00007fa710a80000)]

Other Threads:
=>0x00007fa708133800 VMThread "VM Thread" [stack: 0x00007fa6ec5ac000,0x00007fa6ec6ac000] [id=13444]
  0x00007fa708222000 WatcherThread [stack: 0x00007fa6bc7cb000,0x00007fa6bc8cb000] [id=13463]
  0x00007fa70802a800 GCTaskThread "GC Thread#0" [stack: 0x00007fa70ce0d000,0x00007fa70cf0d000] [id=13433]
  0x00007fa70802c000 GCTaskThread "GC Thread#1" [stack: 0x00007fa70cd0c000,0x00007fa70ce0c000] [id=13434]
  0x00007fa70802d800 GCTaskThread "GC Thread#2" [stack: 0x00007fa70cc0b000,0x00007fa70cd0b000] [id=13435]
  0x00007fa70802f800 GCTaskThread "GC Thread#3" [stack: 0x00007fa70cb0a000,0x00007fa70cc0a000] [id=13436]
  0x00007fa70805e000 ConcurrentGCThread "G1 Main Marker" [stack: 0x00007fa70c100000,0x00007fa70c200000] [id=13442]
  0x00007fa708060000 ConcurrentGCThread "G1 Marker#0" [stack: 0x00007fa6ecab1000,0x00007fa6ecbb1000] [id=13443]
  0x00007fa708037000 ConcurrentGCThread "G1 Refine#0" [stack: 0x00007fa70c302000,0x00007fa70c402000] [id=13440]
  0x00007fa708035000 ConcurrentGCThread "G1 Refine#1" [stack: 0x00007fa70c403000,0x00007fa70c503000] [id=13439]
  0x00007fa708033000 ConcurrentGCThread "G1 Refine#2" [stack: 0x00007fa70c504000,0x00007fa70c604000] [id=13438]
  0x00007fa708031800 ConcurrentGCThread "G1 Refine#3" [stack: 0x00007fa70c605000,0x00007fa70c705000] [id=13437]
  0x00007fa708038800 ConcurrentGCThread "G1 Young RemSet Sampling" [stack: 0x00007fa70c201000,0x00007fa70c301000] [id=13441]

Threads with active compile tasks:

VM state:at safepoint (normal execution)

VM Mutex/Monitor currently owned by a thread:  ([mutex/lock_event])
[0x00007fa70800f640] Threads_lock - owner thread: 0x00007fa708133800

Heap address: 0x0000000083a00000, size: 1990 MB, Compressed Oops mode: 32-bit
Narrow klass base: 0x0000000000000000, Narrow klass shift: 3
Compressed class space size: 1073741824 Address: 0x0000000100000000

Heap:
 garbage-first heap   total 129024K, used 1024K [0x0000000083a00000, 0x0000000083b003f0, 0x0000000100000000)
  region size 1024K, 2 young (2048K), 0 survivors (0K)
 Metaspace       used 4873K, capacity 4942K, committed 5120K, reserved 1056768K
  class space    used 415K, capacity 430K, committed 512K, reserved 1048576K
Heap Regions: E=young(eden), S=young(survivor), O=old, HS=humongous(starts), HC=humongous(continues), CS=collection set, F=free, A=archive, TS=gc time stamp, AC=allocation context, TAMS=top-at-mark-start (previous, next)
|   0|0x0000000083a00000, 0x0000000083a00000, 0x0000000083b00000|  0%| F|  |TS  0|AC  0|TAMS 0x0000000083a00000, 0x0000000083a00000|
|   1|0x0000000083b00000, 0x0000000083b00000, 0x0000000083c00000|  0%| F|  |TS  0|AC  0|TAMS 0x0000000083b00000, 0x0000000083b00000|
|   2|0x0000000083c00000, 0x0000000083c00000, 0x0000000083d00000|  0%| F|  |TS  0|AC  0|TAMS 0x0000000083c00000, 0x0000000083c00000|
|   3|0x0000000083d00000, 0x0000000083d00000, 0x0000000083e00000|  0%| F|  |TS  0|AC  0|TAMS 0x0000000083d00000, 0x0000000083d00000|
|   4|0x0000000083e00000, 0x0000000083e00000, 0x0000000083f00000|  0%| F|  |TS  0|AC  0|TAMS 0x0000000083e00000, 0x0000000083e00000|
|   5|0x0000000083f00000, 0x0000000083f00000, 0x0000000084000000|  0%| F|  |TS  0|AC  0|TAMS 0x0000000083f00000, 0x0000000083f00000|
|   6|0x0000000084000000, 0x0000000084000000, 0x0000000084100000|  0%| F|  |TS  0|AC  0|TAMS 0x0000000084000000, 0x0000000084000000|
|   7|0x0000000084100000, 0x0000000084100000, 0x0000000084200000|  0%| F|  |TS  0|AC  0|TAMS 0x0000000084100000, 0x0000000084100000|
|   8|0x0000000084200000, 0x0000000084200000, 0x0000000084300000|  0%| F|  |TS  0|AC  0|TAMS 0x0000000084200000, 0x0000000084200000|
|   9|0x0000000084300000, 0x0000000084300000, 0x0000000084400000|  0%| F|  |TS  0|AC  0|TAMS 0x0000000084300000, 0x0000000084300000|
|  10|0x0000000084400000, 0x0000000084400000, 0x0000000084500000|  0%| F|  |TS  0|AC  0|TAMS 0x0000000084400000, 0x0000000084400000|
|  11|0x0000000084500000, 0x0000000084500000, 0x0000000084600000|  0%| F|  |TS  0|AC  0|TAMS 0x0000000084500000, 0x0000000084500000|
|  12|0x0000000084600000, 0x0000000084600000, 0x0000000084700000|  0%| F|  |TS  0|AC  0|TAMS 0x0000000084600000, 0x0000000084600000|
|  13|0x0000000084700000, 0x0000000084700000, 0x0000000084800000|  0%| F|  |TS  0|AC  0|TAMS 0x0000000084700000, 0x0000000084700000|
|  14|0x0000000084800000, 0x0000000084800000, 0x0000000084900000|  0%| F|  |TS  0|AC  0|TAMS 0x0000000084800000, 0x0000000084800000|
|  15|0x0000000084900000, 0x0000000084900000, 0x0000000084a00000|  0%| F|  |TS  0|AC  0|TAMS 0x0000000084900000, 0x0000000084900000|
|  16|0x0000000084a00000, 0x0000000084a00000, 0x0000000084b00000|  0%| F|  |TS  0|AC  0|TAMS 0x0000000084a00000, 0x0000000084a00000|
|  17|0x0000000084b00000, 0x0000000084b00000, 0x0000000084c00000|  0%| F|  |TS  0|AC  0|TAMS 0x0000000084b00000, 0x0000000084b00000|
|  18|0x0000000084c00000, 0x0000000084c00000, 0x0000000084d00000|  0%| F|  |TS  0|AC  0|TAMS 0x0000000084c00000, 0x0000000084c00000|
|  19|0x0000000084d00000, 0x0000000084d00000, 0x0000000084e00000|  0%| F|  |TS  0|AC  0|TAMS 0x0000000084d00000, 0x0000000084d00000|
|  20|0x0000000084e00000, 0x0000000084e00000, 0x0000000084f00000|  0%| F|  |TS  0|AC  0|TAMS 0x0000000084e00000, 0x0000000084e00000|
|  21|0x0000000084f00000, 0x0000000084f00000, 0x0000000085000000|  0%| F|  |TS  0|AC  0|TAMS 0x0000000084f00000, 0x0000000084f00000|
|  22|0x0000000085000000, 0x0000000085000000, 0x0000000085100000|  0%| F|  |TS  0|AC  0|TAMS 0x0000000085000000, 0x0000000085000000|
|  23|0x0000000085100000, 0x0000000085100000, 0x0000000085200000|  0%| F|  |TS  0|AC  0|TAMS 0x0000000085100000, 0x0000000085100000|
|  24|0x0000000085200000, 0x0000000085200000, 0x0000000085300000|  0%| F|  |TS  0|AC  0|TAMS 0x0000000085200000, 0x0000000085200000|
|  25|0x0000000085300000, 0x0000000085300000, 0x0000000085400000|  0%| F|  |TS  0|AC  0|TAMS 0x0000000085300000, 0x0000000085300000|
|  26|0x0000000085400000, 0x0000000085400000, 0x0000000085500000|  0%| F|  |TS  0|AC  0|TAMS 0x0000000085400000, 0x0000000085400000|
|  27|0x0000000085500000, 0x0000000085500000, 0x0000000085600000|  0%| F|  |TS  0|AC  0|TAMS 0x0000000085500000, 0x0000000085500000|
|  28|0x0000000085600000, 0x0000000085600000, 0x0000000085700000|  0%| F|  |TS  0|AC  0|TAMS 0x0000000085600000, 0x0000000085600000|
|  29|0x0000000085700000, 0x0000000085700000, 0x0000000085800000|  0%| F|  |TS  0|AC  0|TAMS 0x0000000085700000, 0x0000000085700000|
|  30|0x0000000085800000, 0x0000000085800000, 0x0000000085900000|  0%| F|  |TS  0|AC  0|TAMS 0x0000000085800000, 0x0000000085800000|
|  31|0x0000000085900000, 0x0000000085900000, 0x0000000085a00000|  0%| F|  |TS  0|AC  0|TAMS 0x0000000085900000, 0x0000000085900000|
|  32|0x0000000085a00000, 0x0000000085a00000, 0x0000000085b00000|  0%| F|  |TS  0|AC  0|TAMS 0x0000000085a00000, 0x0000000085a00000|
|  33|0x0000000085b00000, 0x0000000085b00000, 0x0000000085c00000|  0%| F|  |TS  0|AC  0|TAMS 0x0000000085b00000, 0x0000000085b00000|
|  34|0x0000000085c00000, 0x0000000085c00000, 0x0000000085d00000|  0%| F|  |TS  0|AC  0|TAMS 0x0000000085c00000, 0x0000000085c00000|
|  35|0x0000000085d00000, 0x0000000085d00000, 0x0000000085e00000|  0%| F|  |TS  0|AC  0|TAMS 0x0000000085d00000, 0x0000000085d00000|
|  36|0x0000000085e00000, 0x0000000085e00000, 0x0000000085f00000|  0%| F|  |TS  0|AC  0|TAMS 0x0000000085e00000, 0x0000000085e00000|
|  37|0x0000000085f00000, 0x0000000085f00000, 0x0000000086000000|  0%| F|  |TS  0|AC  0|TAMS 0x0000000085f00000, 0x0000000085f00000|
|  38|0x0000000086000000, 0x0000000086000000, 0x0000000086100000|  0%| F|  |TS  0|AC  0|TAMS 0x0000000086000000, 0x0000000086000000|
|  39|0x0000000086100000, 0x0000000086100000, 0x0000000086200000|  0%| F|  |TS  0|AC  0|TAMS 0x0000000086100000, 0x0000000086100000|
|  40|0x0000000086200000, 0x0000000086200000, 0x0000000086300000|  0%| F|  |TS  0|AC  0|TAMS 0x0000000086200000, 0x0000000086200000|
|  41|0x0000000086300000, 0x0000000086300000, 0x0000000086400000|  0%| F|  |TS  0|AC  0|TAMS 0x0000000086300000, 0x0000000086300000|
|  42|0x0000000086400000, 0x0000000086400000, 0x0000000086500000|  0%| F|  |TS  0|AC  0|TAMS 0x0000000086400000, 0x0000000086400000|
|  43|0x0000000086500000, 0x0000000086500000, 0x0000000086600000|  0%| F|  |TS  0|AC  0|TAMS 0x0000000086500000, 0x0000000086500000|
|  44|0x0000000086600000, 0x0000000086600000, 0x0000000086700000|  0%| F|  |TS  0|AC  0|TAMS 0x0000000086600000, 0x0000000086600000|
|  45|0x0000000086700000, 0x0000000086700000, 0x0000000086800000|  0%| F|  |TS  0|AC  0|TAMS 0x0000000086700000, 0x0000000086700000|
|  46|0x0000000086800000, 0x0000000086800000, 0x0000000086900000|  0%| F|  |TS  0|AC  0|TAMS 0x0000000086800000, 0x0000000086800000|
|  47|0x0000000086900000, 0x0000000086900000, 0x0000000086a00000|  0%| F|  |TS  0|AC  0|TAMS 0x0000000086900000, 0x0000000086900000|
|  48|0x0000000086a00000, 0x0000000086a00000, 0x0000000086b00000|  0%| F|  |TS  0|AC  0|TAMS 0x0000000086a00000, 0x0000000086a00000|
|  49|0x0000000086b00000, 0x0000000086b00000, 0x0000000086c00000|  0%| F|  |TS  0|AC  0|TAMS 0x0000000086b00000, 0x0000000086b00000|
|  50|0x0000000086c00000, 0x0000000086c00000, 0x0000000086d00000|  0%| F|  |TS  0|AC  0|TAMS 0x0000000086c00000, 0x0000000086c00000|
|  51|0x0000000086d00000, 0x0000000086d00000, 0x0000000086e00000|  0%| F|  |TS  0|AC  0|TAMS 0x0000000086d00000, 0x0000000086d00000|
|  52|0x0000000086e00000, 0x0000000086e00000, 0x0000000086f00000|  0%| F|  |TS  0|AC  0|TAMS 0x0000000086e00000, 0x0000000086e00000|
|  53|0x0000000086f00000, 0x0000000086f00000, 0x0000000087000000|  0%| F|  |TS  0|AC  0|TAMS 0x0000000086f00000, 0x0000000086f00000|
|  54|0x0000000087000000, 0x0000000087000000, 0x0000000087100000|  0%| F|  |TS  0|AC  0|TAMS 0x0000000087000000, 0x0000000087000000|
|  55|0x0000000087100000, 0x0000000087100000, 0x0000000087200000|  0%| F|  |TS  0|AC  0|TAMS 0x0000000087100000, 0x0000000087100000|
|  56|0x0000000087200000, 0x0000000087200000, 0x0000000087300000|  0%| F|  |TS  0|AC  0|TAMS 0x0000000087200000, 0x0000000087200000|
|  57|0x0000000087300000, 0x0000000087300000, 0x0000000087400000|  0%| F|  |TS  0|AC  0|TAMS 0x0000000087300000, 0x0000000087300000|
|  58|0x0000000087400000, 0x0000000087400000, 0x0000000087500000|  0%| F|  |TS  0|AC  0|TAMS 0x0000000087400000, 0x0000000087400000|
|  59|0x0000000087500000, 0x0000000087500000, 0x0000000087600000|  0%| F|  |TS  0|AC  0|TAMS 0x0000000087500000, 0x0000000087500000|
|  60|0x0000000087600000, 0x0000000087600000, 0x0000000087700000|  0%| F|  |TS  0|AC  0|TAMS 0x0000000087600000, 0x0000000087600000|
|  61|0x0000000087700000, 0x0000000087700000, 0x0000000087800000|  0%| F|  |TS  0|AC  0|TAMS 0x0000000087700000, 0x0000000087700000|
|  62|0x0000000087800000, 0x0000000087800000, 0x0000000087900000|  0%| F|  |TS  0|AC  0|TAMS 0x0000000087800000, 0x0000000087800000|
|  63|0x0000000087900000, 0x0000000087900000, 0x0000000087a00000|  0%| F|  |TS  0|AC  0|TAMS 0x0000000087900000, 0x0000000087900000|
|  64|0x0000000087a00000, 0x0000000087a00000, 0x0000000087b00000|  0%| F|  |TS  0|AC  0|TAMS 0x0000000087a00000, 0x0000000087a00000|
|  65|0x0000000087b00000, 0x0000000087b00000, 0x0000000087c00000|  0%| F|  |TS  0|AC  0|TAMS 0x0000000087b00000, 0x0000000087b00000|
|  66|0x0000000087c00000, 0x0000000087c00000, 0x0000000087d00000|  0%| F|  |TS  0|AC  0|TAMS 0x0000000087c00000, 0x0000000087c00000|
|  67|0x0000000087d00000, 0x0000000087d00000, 0x0000000087e00000|  0%| F|  |TS  0|AC  0|TAMS 0x0000000087d00000, 0x0000000087d00000|
|  68|0x0000000087e00000, 0x0000000087e00000, 0x0000000087f00000|  0%| F|  |TS  0|AC  0|TAMS 0x0000000087e00000, 0x0000000087e00000|
|  69|0x0000000087f00000, 0x0000000087f00000, 0x0000000088000000|  0%| F|  |TS  0|AC  0|TAMS 0x0000000087f00000, 0x0000000087f00000|
|  70|0x0000000088000000, 0x0000000088000000, 0x0000000088100000|  0%| F|  |TS  0|AC  0|TAMS 0x0000000088000000, 0x0000000088000000|
|  71|0x0000000088100000, 0x0000000088100000, 0x0000000088200000|  0%| F|  |TS  0|AC  0|TAMS 0x0000000088100000, 0x0000000088100000|
|  72|0x0000000088200000, 0x0000000088200000, 0x0000000088300000|  0%| F|  |TS  0|AC  0|TAMS 0x0000000088200000, 0x0000000088200000|
|  73|0x0000000088300000, 0x0000000088300000, 0x0000000088400000|  0%| F|  |TS  0|AC  0|TAMS 0x0000000088300000, 0x0000000088300000|
|  74|0x0000000088400000, 0x0000000088400000, 0x0000000088500000|  0%| F|  |TS  0|AC  0|TAMS 0x0000000088400000, 0x0000000088400000|
|  75|0x0000000088500000, 0x0000000088500000, 0x0000000088600000|  0%| F|  |TS  0|AC  0|TAMS 0x0000000088500000, 0x0000000088500000|
|  76|0x0000000088600000, 0x0000000088600000, 0x0000000088700000|  0%| F|  |TS  0|AC  0|TAMS 0x0000000088600000, 0x0000000088600000|
|  77|0x0000000088700000, 0x0000000088700000, 0x0000000088800000|  0%| F|  |TS  0|AC  0|TAMS 0x0000000088700000, 0x0000000088700000|
|  78|0x0000000088800000, 0x0000000088800000, 0x0000000088900000|  0%| F|  |TS  0|AC  0|TAMS 0x0000000088800000, 0x0000000088800000|
|  79|0x0000000088900000, 0x0000000088900000, 0x0000000088a00000|  0%| F|  |TS  0|AC  0|TAMS 0x0000000088900000, 0x0000000088900000|
|  80|0x0000000088a00000, 0x0000000088a00000, 0x0000000088b00000|  0%| F|  |TS  0|AC  0|TAMS 0x0000000088a00000, 0x0000000088a00000|
|  81|0x0000000088b00000, 0x0000000088b00000, 0x0000000088c00000|  0%| F|  |TS  0|AC  0|TAMS 0x0000000088b00000, 0x0000000088b00000|
|  82|0x0000000088c00000, 0x0000000088c00000, 0x0000000088d00000|  0%| F|  |TS  0|AC  0|TAMS 0x0000000088c00000, 0x0000000088c00000|
|  83|0x0000000088d00000, 0x0000000088d00000, 0x0000000088e00000|  0%| F|  |TS  0|AC  0|TAMS 0x0000000088d00000, 0x0000000088d00000|
|  84|0x0000000088e00000, 0x0000000088e00000, 0x0000000088f00000|  0%| F|  |TS  0|AC  0|TAMS 0x0000000088e00000, 0x0000000088e00000|
|  85|0x0000000088f00000, 0x0000000088f00000, 0x0000000089000000|  0%| F|  |TS  0|AC  0|TAMS 0x0000000088f00000, 0x0000000088f00000|
|  86|0x0000000089000000, 0x0000000089000000, 0x0000000089100000|  0%| F|  |TS  0|AC  0|TAMS 0x0000000089000000, 0x0000000089000000|
|  87|0x0000000089100000, 0x0000000089100000, 0x0000000089200000|  0%| F|  |TS  0|AC  0|TAMS 0x0000000089100000, 0x0000000089100000|
|  88|0x0000000089200000, 0x0000000089200000, 0x0000000089300000|  0%| F|  |TS  0|AC  0|TAMS 0x0000000089200000, 0x0000000089200000|
|  89|0x0000000089300000, 0x0000000089300000, 0x0000000089400000|  0%| F|  |TS  0|AC  0|TAMS 0x0000000089300000, 0x0000000089300000|
|  90|0x0000000089400000, 0x0000000089400000, 0x0000000089500000|  0%| F|  |TS  0|AC  0|TAMS 0x0000000089400000, 0x0000000089400000|
|  91|0x0000000089500000, 0x0000000089500000, 0x0000000089600000|  0%| F|  |TS  0|AC  0|TAMS 0x0000000089500000, 0x0000000089500000|
|  92|0x0000000089600000, 0x0000000089600000, 0x0000000089700000|  0%| F|  |TS  0|AC  0|TAMS 0x0000000089600000, 0x0000000089600000|
|  93|0x0000000089700000, 0x0000000089700000, 0x0000000089800000|  0%| F|  |TS  0|AC  0|TAMS 0x0000000089700000, 0x0000000089700000|
|  94|0x0000000089800000, 0x0000000089800000, 0x0000000089900000|  0%| F|  |TS  0|AC  0|TAMS 0x0000000089800000, 0x0000000089800000|
|  95|0x0000000089900000, 0x0000000089900000, 0x0000000089a00000|  0%| F|  |TS  0|AC  0|TAMS 0x0000000089900000, 0x0000000089900000|
|  96|0x0000000089a00000, 0x0000000089a00000, 0x0000000089b00000|  0%| F|  |TS  0|AC  0|TAMS 0x0000000089a00000, 0x0000000089a00000|
|  97|0x0000000089b00000, 0x0000000089b00000, 0x0000000089c00000|  0%| F|  |TS  0|AC  0|TAMS 0x0000000089b00000, 0x0000000089b00000|
|  98|0x0000000089c00000, 0x0000000089c00000, 0x0000000089d00000|  0%| F|  |TS  0|AC  0|TAMS 0x0000000089c00000, 0x0000000089c00000|
|  99|0x0000000089d00000, 0x0000000089d00000, 0x0000000089e00000|  0%| F|  |TS  0|AC  0|TAMS 0x0000000089d00000, 0x0000000089d00000|
| 100|0x0000000089e00000, 0x0000000089e00000, 0x0000000089f00000|  0%| F|  |TS  0|AC  0|TAMS 0x0000000089e00000, 0x0000000089e00000|
| 101|0x0000000089f00000, 0x0000000089f00000, 0x000000008a000000|  0%| F|  |TS  0|AC  0|TAMS 0x0000000089f00000, 0x0000000089f00000|
| 102|0x000000008a000000, 0x000000008a000000, 0x000000008a100000|  0%| F|  |TS  0|AC  0|TAMS 0x000000008a000000, 0x000000008a000000|
| 103|0x000000008a100000, 0x000000008a100000, 0x000000008a200000|  0%| F|  |TS  0|AC  0|TAMS 0x000000008a100000, 0x000000008a100000|
| 104|0x000000008a200000, 0x000000008a200000, 0x000000008a300000|  0%| F|  |TS  0|AC  0|TAMS 0x000000008a200000, 0x000000008a200000|
| 105|0x000000008a300000, 0x000000008a300000, 0x000000008a400000|  0%| F|  |TS  0|AC  0|TAMS 0x000000008a300000, 0x000000008a300000|
| 106|0x000000008a400000, 0x000000008a400000, 0x000000008a500000|  0%| F|  |TS  0|AC  0|TAMS 0x000000008a400000, 0x000000008a400000|
| 107|0x000000008a500000, 0x000000008a500000, 0x000000008a600000|  0%| F|  |TS  0|AC  0|TAMS 0x000000008a500000, 0x000000008a500000|
| 108|0x000000008a600000, 0x000000008a600000, 0x000000008a700000|  0%| F|  |TS  0|AC  0|TAMS 0x000000008a600000, 0x000000008a600000|
| 109|0x000000008a700000, 0x000000008a700000, 0x000000008a800000|  0%| F|  |TS  0|AC  0|TAMS 0x000000008a700000, 0x000000008a700000|
| 110|0x000000008a800000, 0x000000008a800000, 0x000000008a900000|  0%| F|  |TS  0|AC  0|TAMS 0x000000008a800000, 0x000000008a800000|
| 111|0x000000008a900000, 0x000000008a900000, 0x000000008aa00000|  0%| F|  |TS  0|AC  0|TAMS 0x000000008a900000, 0x000000008a900000|
| 112|0x000000008aa00000, 0x000000008aa00000, 0x000000008ab00000|  0%| F|  |TS  0|AC  0|TAMS 0x000000008aa00000, 0x000000008aa00000|
| 113|0x000000008ab00000, 0x000000008ab00000, 0x000000008ac00000|  0%| F|  |TS  0|AC  0|TAMS 0x000000008ab00000, 0x000000008ab00000|
| 114|0x000000008ac00000, 0x000000008ac00000, 0x000000008ad00000|  0%| F|  |TS  0|AC  0|TAMS 0x000000008ac00000, 0x000000008ac00000|
| 115|0x000000008ad00000, 0x000000008ad00000, 0x000000008ae00000|  0%| F|  |TS  0|AC  0|TAMS 0x000000008ad00000, 0x000000008ad00000|
| 116|0x000000008ae00000, 0x000000008ae00000, 0x000000008af00000|  0%| F|  |TS  0|AC  0|TAMS 0x000000008ae00000, 0x000000008ae00000|
| 117|0x000000008af00000, 0x000000008af00000, 0x000000008b000000|  0%| F|  |TS  0|AC  0|TAMS 0x000000008af00000, 0x000000008af00000|
| 118|0x000000008b000000, 0x000000008b000000, 0x000000008b100000|  0%| F|  |TS  0|AC  0|TAMS 0x000000008b000000, 0x000000008b000000|
| 119|0x000000008b100000, 0x000000008b100000, 0x000000008b200000|  0%| F|  |TS  0|AC  0|TAMS 0x000000008b100000, 0x000000008b100000|
| 120|0x000000008b200000, 0x000000008b200000, 0x000000008b300000|  0%| F|  |TS  0|AC  0|TAMS 0x000000008b200000, 0x000000008b200000|
| 121|0x000000008b300000, 0x000000008b300000, 0x000000008b400000|  0%| F|  |TS  0|AC  0|TAMS 0x000000008b300000, 0x000000008b300000|
| 122|0x000000008b400000, 0x000000008b400000, 0x000000008b500000|  0%| F|  |TS  0|AC  0|TAMS 0x000000008b400000, 0x000000008b400000|
| 123|0x000000008b500000, 0x000000008b500000, 0x000000008b600000|  0%| F|  |TS  0|AC  0|TAMS 0x000000008b500000, 0x000000008b500000|
| 124|0x000000008b600000, 0x000000008b6d7af0, 0x000000008b700000| 84%| E|  |TS  0|AC  0|TAMS 0x000000008b600000, 0x000000008b600000|
| 125|0x000000008b700000, 0x000000008b800000, 0x000000008b800000|100%| E|CS|TS  0|AC  0|TAMS 0x000000008b700000, 0x000000008b700000|

Card table byte_map: [0x00007fa6ecf94000,0x00007fa6ed377000] byte_map_base: 0x00007fa6ecb77000

Marking Bits (Prev, Next): (CMBitMap*) 0x00007fa70805d660, (CMBitMap*) 0x00007fa70805d698
 Prev Bits: [0x00007fa6c60e8000, 0x00007fa6c8000000)
 Next Bits: [0x00007fa6c41d0000, 0x00007fa6c60e8000)

Polling page: 0x00007fa710a9b000

CodeHeap 'non-profiled nmethods': size=120032Kb used=42Kb max_used=42Kb free=119989Kb
 bounds [0x00007fa6f5605000, 0x00007fa6f5875000, 0x00007fa6fcb3d000]
CodeHeap 'profiled nmethods': size=120032Kb used=184Kb max_used=184Kb free=119847Kb
 bounds [0x00007fa6ee0cd000, 0x00007fa6ee33d000, 0x00007fa6f5605000]
CodeHeap 'non-nmethods': size=5696Kb used=1148Kb max_used=1157Kb free=4548Kb
 bounds [0x00007fa6edb3d000, 0x00007fa6eddad000, 0x00007fa6ee0cd000]
 total_blobs=489 nmethods=149 adapters=198
 compilation: enabled

Compilation events (10 events):
Event: 1.585 Thread 0x00007fa708164800  145       3       java.lang.String::<init> (15 bytes)
Event: 1.586 Thread 0x00007fa708164800 nmethod 145 0x00007fa6ee0f8590 code [0x00007fa6ee0f8740, 0x00007fa6ee0f8950]
Event: 1.587 Thread 0x00007fa708164800  146       3       java.util.Arrays::copyOfRange (63 bytes)
Event: 1.588 Thread 0x00007fa708164800 nmethod 146 0x00007fa6ee0f8a10 code [0x00007fa6ee0f8cc0, 0x00007fa6ee0f9a98]
Event: 1.589 Thread 0x00007fa708164800  147       3       java.lang.StringLatin1::lastIndexOf (40 bytes)
Event: 1.589 Thread 0x00007fa708164800 nmethod 147 0x00007fa6ee0f9f10 code [0x00007fa6ee0fa0e0, 0x00007fa6ee0fa4d0]
Event: 1.590 Thread 0x00007fa708164800  148       3       java.lang.String::indexOf (29 bytes)
Event: 1.590 Thread 0x00007fa708164800 nmethod 148 0x00007fa6ee0fa610 code [0x00007fa6ee0fa7e0, 0x00007fa6ee0faad8]
Event: 2.940 Thread 0x00007fa708164800  149       3       java.lang.String::indexOf (7 bytes)
Event: 2.940 Thread 0x00007fa708164800 nmethod 149 0x00007fa6ee0fac10 code [0x00007fa6ee0fade0, 0x00007fa6ee0fb1b8]

GC Heap History (0 events):
No events

Deoptimization events (0 events):
No events

Classes redefined (5 events):
Event: 171.793 Thread 0x00007fa708133800 redefined class name=com.Al.questions.chapter1.Inprefixtopostfix, count=1
Event: 344.018 Thread 0x00007fa708133800 redefined class name=com.Al.questions.chapter1.Inprefixtopostfix, count=2
Event: 3750.385 Thread 0x00007fa708133800 redefined class name=com.Al.questions.chapter1.Inprefixtopostfix, count=3
Event: 3896.670 Thread 0x00007fa708133800 redefined class name=com.Al.questions.chapter1.Inprefixtopostfix, count=4
Event: 4665.073 Thread 0x00007fa708133800 redefined class name=com.Al.questions.chapter1.Inprefixtopostfix, count=5

Internal exceptions (0 events):
No events

Events (10 events):
Event: 4665.075 Executing VM operation: GetFrameLocation done
Event: 4665.099 Executing VM operation: ChangeBreakpoints
Event: 4665.099 Executing VM operation: ChangeBreakpoints done
Event: 4665.103 Executing VM operation: ChangeBreakpoints
Event: 4665.103 Executing VM operation: ChangeBreakpoints done
Event: 4665.184 Executing VM operation: ChangeBreakpoints
Event: 4665.184 Executing VM operation: ChangeBreakpoints done
Event: 4665.187 Executing VM operation: ChangeBreakpoints
Event: 4665.187 Executing VM operation: ChangeBreakpoints done
Event: 4665.206 Executing VM operation: GetOrSetLocal


Dynamic libraries:
00400000-00401000 r-xp 00000000 08:01 810010                             /home/lsclike/JDK/jdk-9.0.1/bin/java
00600000-00601000 rw-p 00000000 08:01 810010                             /home/lsclike/JDK/jdk-9.0.1/bin/java
00e5e000-00e7f000 rw-p 00000000 00:00 0                                  [heap]
83a00000-8b800000 rw-p 00000000 00:00 0 
8b800000-100000000 ---p 00000000 00:00 0 
100000000-100080000 rw-p 00000000 00:00 0 
100080000-140000000 ---p 00000000 00:00 0 
7fa67c000000-7fa67c021000 rw-p 00000000 00:00 0 
7fa67c021000-7fa680000000 ---p 00000000 00:00 0 
7fa684000000-7fa684021000 rw-p 00000000 00:00 0 
7fa684021000-7fa688000000 ---p 00000000 00:00 0 
7fa688000000-7fa688021000 rw-p 00000000 00:00 0 
7fa688021000-7fa68c000000 ---p 00000000 00:00 0 
7fa68c000000-7fa68c025000 rw-p 00000000 00:00 0 
7fa68c025000-7fa690000000 ---p 00000000 00:00 0 
7fa690000000-7fa690021000 rw-p 00000000 00:00 0 
7fa690021000-7fa694000000 ---p 00000000 00:00 0 
7fa694000000-7fa694021000 rw-p 00000000 00:00 0 
7fa694021000-7fa698000000 ---p 00000000 00:00 0 
7fa698000000-7fa698021000 rw-p 00000000 00:00 0 
7fa698021000-7fa69c000000 ---p 00000000 00:00 0 
7fa69c000000-7fa69c021000 rw-p 00000000 00:00 0 
7fa69c021000-7fa6a0000000 ---p 00000000 00:00 0 
7fa6a0000000-7fa6a006f000 rw-p 00000000 00:00 0 
7fa6a006f000-7fa6a4000000 ---p 00000000 00:00 0 
7fa6a4000000-7fa6a4021000 rw-p 00000000 00:00 0 
7fa6a4021000-7fa6a8000000 ---p 00000000 00:00 0 
7fa6a8000000-7fa6a80b8000 rw-p 00000000 00:00 0 
7fa6a80b8000-7fa6ac000000 ---p 00000000 00:00 0 
7fa6ac000000-7fa6ac021000 rw-p 00000000 00:00 0 
7fa6ac021000-7fa6b0000000 ---p 00000000 00:00 0 
7fa6b0000000-7fa6b0021000 rw-p 00000000 00:00 0 
7fa6b0021000-7fa6b4000000 ---p 00000000 00:00 0 
7fa6b4000000-7fa6b4021000 rw-p 00000000 00:00 0 
7fa6b4021000-7fa6b8000000 ---p 00000000 00:00 0 
7fa6b8000000-7fa6b8021000 rw-p 00000000 00:00 0 
7fa6b8021000-7fa6bc000000 ---p 00000000 00:00 0 
7fa6bc49c000-7fa6bc7ca000 rw-p 00000000 00:00 0 
7fa6bc7ca000-7fa6bc7cb000 ---p 00000000 00:00 0 
7fa6bc7cb000-7fa6bc8cb000 rw-p 00000000 00:00 0 
7fa6bc8cb000-7fa6bc8cf000 ---p 00000000 00:00 0 
7fa6bc8cf000-7fa6bc9cc000 rw-p 00000000 00:00 0 
7fa6bc9cc000-7fa6bc9d0000 ---p 00000000 00:00 0 
7fa6bc9d0000-7fa6bcacd000 rw-p 00000000 00:00 0 
7fa6bcacd000-7fa6bcad1000 ---p 00000000 00:00 0 
7fa6bcad1000-7fa6bcbce000 rw-p 00000000 00:00 0 
7fa6bcbce000-7fa6bcbd2000 ---p 00000000 00:00 0 
7fa6bcbd2000-7fa6bcccf000 rw-p 00000000 00:00 0 
7fa6bcccf000-7fa6bccd3000 r-xp 00000000 08:01 810460                     /home/lsclike/JDK/jdk-9.0.1/lib/libdt_socket.so
7fa6bccd3000-7fa6bced2000 ---p 00004000 08:01 810460                     /home/lsclike/JDK/jdk-9.0.1/lib/libdt_socket.so
7fa6bced2000-7fa6bced3000 rw-p 00003000 08:01 810460                     /home/lsclike/JDK/jdk-9.0.1/lib/libdt_socket.so
7fa6bced3000-7fa6bced7000 ---p 00000000 00:00 0 
7fa6bced7000-7fa6bcfd4000 rw-p 00000000 00:00 0 
7fa6bcfd4000-7fa6bcfea000 r-xp 00000000 08:01 810468                     /home/lsclike/JDK/jdk-9.0.1/lib/libnet.so
7fa6bcfea000-7fa6bd1ea000 ---p 00016000 08:01 810468                     /home/lsclike/JDK/jdk-9.0.1/lib/libnet.so
7fa6bd1ea000-7fa6bd1eb000 rw-p 00016000 08:01 810468                     /home/lsclike/JDK/jdk-9.0.1/lib/libnet.so
7fa6bd1eb000-7fa6bd1fb000 r-xp 00000000 08:01 810465                     /home/lsclike/JDK/jdk-9.0.1/lib/libnio.so
7fa6bd1fb000-7fa6bd3fb000 ---p 00010000 08:01 810465                     /home/lsclike/JDK/jdk-9.0.1/lib/libnio.so
7fa6bd3fb000-7fa6bd3fc000 rw-p 00010000 08:01 810465                     /home/lsclike/JDK/jdk-9.0.1/lib/libnio.so
7fa6bd3fc000-7fa6bd400000 ---p 00000000 00:00 0 
7fa6bd400000-7fa6bd4fd000 rw-p 00000000 00:00 0 
7fa6bd4fd000-7fa6bd501000 ---p 00000000 00:00 0 
7fa6bd501000-7fa6bd5fe000 rw-p 00000000 00:00 0 
7fa6bd5fe000-7fa6bd602000 ---p 00000000 00:00 0 
7fa6bd602000-7fa6bd6ff000 rw-p 00000000 00:00 0 
7fa6bd6ff000-7fa6bd703000 ---p 00000000 00:00 0 
7fa6bd703000-7fa6bdc80000 rw-p 00000000 00:00 0 
7fa6bdc80000-7fa6be000000 ---p 00000000 00:00 0 
7fa6be000000-7fa6c0000000 rwxp 00000000 00:00 0 
7fa6c0000000-7fa6c0021000 rw-p 00000000 00:00 0 
7fa6c0021000-7fa6c4000000 ---p 00000000 00:00 0 
7fa6c40cf000-7fa6c40d3000 ---p 00000000 00:00 0 
7fa6c40d3000-7fa6c43c8000 rw-p 00000000 00:00 0 
7fa6c43c8000-7fa6c60e8000 ---p 00000000 00:00 0 
7fa6c60e8000-7fa6c62e0000 rw-p 00000000 00:00 0 
7fa6c62e0000-7fa6c8000000 ---p 00000000 00:00 0 
7fa6c8000000-7fa6c8021000 rw-p 00000000 00:00 0 
7fa6c8021000-7fa6cc000000 ---p 00000000 00:00 0 
7fa6cc000000-7fa6cc021000 rw-p 00000000 00:00 0 
7fa6cc021000-7fa6d0000000 ---p 00000000 00:00 0 
7fa6d0000000-7fa6d0021000 rw-p 00000000 00:00 0 
7fa6d0021000-7fa6d4000000 ---p 00000000 00:00 0 
7fa6d4000000-7fa6d4021000 rw-p 00000000 00:00 0 
7fa6d4021000-7fa6d8000000 ---p 00000000 00:00 0 
7fa6d8000000-7fa6d8021000 rw-p 00000000 00:00 0 
7fa6d8021000-7fa6dc000000 ---p 00000000 00:00 0 
7fa6dc000000-7fa6dc021000 rw-p 00000000 00:00 0 
7fa6dc021000-7fa6e0000000 ---p 00000000 00:00 0 
7fa6e0000000-7fa6e0021000 rw-p 00000000 00:00 0 
7fa6e0021000-7fa6e4000000 ---p 00000000 00:00 0 
7fa6e4000000-7fa6e4021000 rw-p 00000000 00:00 0 
7fa6e4021000-7fa6e8000000 ---p 00000000 00:00 0 
7fa6e8000000-7fa6e8021000 rw-p 00000000 00:00 0 
7fa6e8021000-7fa6ec000000 ---p 00000000 00:00 0 
7fa6ec0a0000-7fa6ec0d1000 rw-p 00000000 00:00 0 
7fa6ec0d1000-7fa6ec3a9000 r--p 00000000 08:01 394709                     /usr/lib/locale/locale-archive
7fa6ec3a9000-7fa6ec3ad000 ---p 00000000 00:00 0 
7fa6ec3ad000-7fa6ec4aa000 rw-p 00000000 00:00 0 
7fa6ec4aa000-7fa6ec4ae000 ---p 00000000 00:00 0 
7fa6ec4ae000-7fa6ec5ab000 rw-p 00000000 00:00 0 
7fa6ec5ab000-7fa6ec5ac000 ---p 00000000 00:00 0 
7fa6ec5ac000-7fa6ecab0000 rw-p 00000000 00:00 0 
7fa6ecab0000-7fa6ecab1000 ---p 00000000 00:00 0 
7fa6ecab1000-7fa6ecbf0000 rw-p 00000000 00:00 0 
7fa6ecbf0000-7fa6ecf94000 ---p 00000000 00:00 0 
7fa6ecf94000-7fa6ecfd3000 rw-p 00000000 00:00 0 
7fa6ecfd3000-7fa6ed75a000 ---p 00000000 00:00 0 
7fa6ed75a000-7fa6ed799000 rw-p 00000000 00:00 0 
7fa6ed799000-7fa6edb3d000 ---p 00000000 00:00 0 
7fa6edb3d000-7fa6eddad000 rwxp 00000000 00:00 0 
7fa6eddad000-7fa6ee0cd000 ---p 00000000 00:00 0 
7fa6ee0cd000-7fa6ee33d000 rwxp 00000000 00:00 0 
7fa6ee33d000-7fa6f5605000 ---p 00000000 00:00 0 
7fa6f5605000-7fa6f5875000 rwxp 00000000 00:00 0 
7fa6f5875000-7fa6fcb3d000 ---p 00000000 00:00 0 
7fa6fcb3d000-7fa708000000 r--s 00000000 08:01 810239                     /home/lsclike/JDK/jdk-9.0.1/lib/modules
7fa708000000-7fa70824e000 rw-p 00000000 00:00 0 
7fa70824e000-7fa70c000000 ---p 00000000 00:00 0 
7fa70c006000-7fa70c0ff000 rw-p 00000000 00:00 0 
7fa70c0ff000-7fa70c100000 ---p 00000000 00:00 0 
7fa70c100000-7fa70c200000 rw-p 00000000 00:00 0 
7fa70c200000-7fa70c201000 ---p 00000000 00:00 0 
7fa70c201000-7fa70c301000 rw-p 00000000 00:00 0 
7fa70c301000-7fa70c302000 ---p 00000000 00:00 0 
7fa70c302000-7fa70c402000 rw-p 00000000 00:00 0 
7fa70c402000-7fa70c403000 ---p 00000000 00:00 0 
7fa70c403000-7fa70c503000 rw-p 00000000 00:00 0 
7fa70c503000-7fa70c504000 ---p 00000000 00:00 0 
7fa70c504000-7fa70c604000 rw-p 00000000 00:00 0 
7fa70c604000-7fa70c605000 ---p 00000000 00:00 0 
7fa70c605000-7fa70cb09000 rw-p 00000000 00:00 0 
7fa70cb09000-7fa70cb0a000 ---p 00000000 00:00 0 
7fa70cb0a000-7fa70cc0a000 rw-p 00000000 00:00 0 
7fa70cc0a000-7fa70cc0b000 ---p 00000000 00:00 0 
7fa70cc0b000-7fa70cd0b000 rw-p 00000000 00:00 0 
7fa70cd0b000-7fa70cd0c000 ---p 00000000 00:00 0 
7fa70cd0c000-7fa70ce0c000 rw-p 00000000 00:00 0 
7fa70ce0c000-7fa70ce0d000 ---p 00000000 00:00 0 
7fa70ce0d000-7fa70cf12000 rw-p 00000000 00:00 0 
7fa70cf12000-7fa70cff8000 ---p 00000000 00:00 0 
7fa70cff8000-7fa70cffd000 rw-p 00000000 00:00 0 
7fa70cffd000-7fa70d0e3000 ---p 00000000 00:00 0 
7fa70d0e3000-7fa70d0fd000 r-xp 00000000 08:01 810470                     /home/lsclike/JDK/jdk-9.0.1/lib/libjimage.so
7fa70d0fd000-7fa70d2fc000 ---p 0001a000 08:01 810470                     /home/lsclike/JDK/jdk-9.0.1/lib/libjimage.so
7fa70d2fc000-7fa70d2fe000 rw-p 00019000 08:01 810470                     /home/lsclike/JDK/jdk-9.0.1/lib/libjimage.so
7fa70d2fe000-7fa70d310000 rw-p 00000000 00:00 0 
7fa70d310000-7fa70d317000 r-xp 00000000 08:01 810526                     /home/lsclike/JDK/jdk-9.0.1/lib/libzip.so
7fa70d317000-7fa70d516000 ---p 00007000 08:01 810526                     /home/lsclike/JDK/jdk-9.0.1/lib/libzip.so
7fa70d516000-7fa70d517000 rw-p 00006000 08:01 810526                     /home/lsclike/JDK/jdk-9.0.1/lib/libzip.so
7fa70d517000-7fa70d522000 r-xp 00000000 08:01 1240644                    /lib/x86_64-linux-gnu/libnss_files-2.23.so
7fa70d522000-7fa70d721000 ---p 0000b000 08:01 1240644                    /lib/x86_64-linux-gnu/libnss_files-2.23.so
7fa70d721000-7fa70d722000 r--p 0000a000 08:01 1240644                    /lib/x86_64-linux-gnu/libnss_files-2.23.so
7fa70d722000-7fa70d723000 rw-p 0000b000 08:01 1240644                    /lib/x86_64-linux-gnu/libnss_files-2.23.so
7fa70d723000-7fa70d729000 rw-p 00000000 00:00 0 
7fa70d729000-7fa70d734000 r-xp 00000000 08:01 1240648                    /lib/x86_64-linux-gnu/libnss_nis-2.23.so
7fa70d734000-7fa70d933000 ---p 0000b000 08:01 1240648                    /lib/x86_64-linux-gnu/libnss_nis-2.23.so
7fa70d933000-7fa70d934000 r--p 0000a000 08:01 1240648                    /lib/x86_64-linux-gnu/libnss_nis-2.23.so
7fa70d934000-7fa70d935000 rw-p 0000b000 08:01 1240648                    /lib/x86_64-linux-gnu/libnss_nis-2.23.so
7fa70d935000-7fa70d94b000 r-xp 00000000 08:01 1231787                    /lib/x86_64-linux-gnu/libnsl-2.23.so
7fa70d94b000-7fa70db4a000 ---p 00016000 08:01 1231787                    /lib/x86_64-linux-gnu/libnsl-2.23.so
7fa70db4a000-7fa70db4b000 r--p 00015000 08:01 1231787                    /lib/x86_64-linux-gnu/libnsl-2.23.so
7fa70db4b000-7fa70db4c000 rw-p 00016000 08:01 1231787                    /lib/x86_64-linux-gnu/libnsl-2.23.so
7fa70db4c000-7fa70db4e000 rw-p 00000000 00:00 0 
7fa70db4e000-7fa70db56000 r-xp 00000000 08:01 1232092                    /lib/x86_64-linux-gnu/libnss_compat-2.23.so
7fa70db56000-7fa70dd55000 ---p 00008000 08:01 1232092                    /lib/x86_64-linux-gnu/libnss_compat-2.23.so
7fa70dd55000-7fa70dd56000 r--p 00007000 08:01 1232092                    /lib/x86_64-linux-gnu/libnss_compat-2.23.so
7fa70dd56000-7fa70dd57000 rw-p 00008000 08:01 1232092                    /lib/x86_64-linux-gnu/libnss_compat-2.23.so
7fa70dd57000-7fa70dd92000 r-xp 00000000 08:01 810494                     /home/lsclike/JDK/jdk-9.0.1/lib/libjdwp.so
7fa70dd92000-7fa70df91000 ---p 0003b000 08:01 810494                     /home/lsclike/JDK/jdk-9.0.1/lib/libjdwp.so
7fa70df91000-7fa70df92000 rw-p 0003a000 08:01 810494                     /home/lsclike/JDK/jdk-9.0.1/lib/libjdwp.so
7fa70df92000-7fa70df93000 rw-p 00000000 00:00 0 
7fa70df93000-7fa70dfbe000 r-xp 00000000 08:01 810436                     /home/lsclike/JDK/jdk-9.0.1/lib/libjava.so
7fa70dfbe000-7fa70e1bd000 ---p 0002b000 08:01 810436                     /home/lsclike/JDK/jdk-9.0.1/lib/libjava.so
7fa70e1bd000-7fa70e1bf000 rw-p 0002a000 08:01 810436                     /home/lsclike/JDK/jdk-9.0.1/lib/libjava.so
7fa70e1bf000-7fa70e1cc000 r-xp 00000000 08:01 810253                     /home/lsclike/JDK/jdk-9.0.1/lib/libverify.so
7fa70e1cc000-7fa70e3cb000 ---p 0000d000 08:01 810253                     /home/lsclike/JDK/jdk-9.0.1/lib/libverify.so
7fa70e3cb000-7fa70e3cd000 rw-p 0000c000 08:01 810253                     /home/lsclike/JDK/jdk-9.0.1/lib/libverify.so
7fa70e3cd000-7fa70e3d4000 r-xp 00000000 08:01 1240649                    /lib/x86_64-linux-gnu/librt-2.23.so
7fa70e3d4000-7fa70e5d3000 ---p 00007000 08:01 1240649                    /lib/x86_64-linux-gnu/librt-2.23.so
7fa70e5d3000-7fa70e5d4000 r--p 00006000 08:01 1240649                    /lib/x86_64-linux-gnu/librt-2.23.so
7fa70e5d4000-7fa70e5d5000 rw-p 00007000 08:01 1240649                    /lib/x86_64-linux-gnu/librt-2.23.so
7fa70e5d5000-7fa70e6dd000 r-xp 00000000 08:01 1215136                    /lib/x86_64-linux-gnu/libm-2.23.so
7fa70e6dd000-7fa70e8dc000 ---p 00108000 08:01 1215136                    /lib/x86_64-linux-gnu/libm-2.23.so
7fa70e8dc000-7fa70e8dd000 r--p 00107000 08:01 1215136                    /lib/x86_64-linux-gnu/libm-2.23.so
7fa70e8dd000-7fa70e8de000 rw-p 00108000 08:01 1215136                    /lib/x86_64-linux-gnu/libm-2.23.so
7fa70e8de000-7fa70f8f2000 r-xp 00000000 08:01 810521                     /home/lsclike/JDK/jdk-9.0.1/lib/server/libjvm.so
7fa70f8f2000-7fa70faf2000 ---p 01014000 08:01 810521                     /home/lsclike/JDK/jdk-9.0.1/lib/server/libjvm.so
7fa70faf2000-7fa70fbc3000 r--p 01014000 08:01 810521                     /home/lsclike/JDK/jdk-9.0.1/lib/server/libjvm.so
7fa70fbc3000-7fa70fbfa000 rw-p 010e5000 08:01 810521                     /home/lsclike/JDK/jdk-9.0.1/lib/server/libjvm.so
7fa70fbfa000-7fa70fc63000 rw-p 00000000 00:00 0 
7fa70fc63000-7fa70fe23000 r-xp 00000000 08:01 1232075                    /lib/x86_64-linux-gnu/libc-2.23.so
7fa70fe23000-7fa710023000 ---p 001c0000 08:01 1232075                    /lib/x86_64-linux-gnu/libc-2.23.so
7fa710023000-7fa710027000 r--p 001c0000 08:01 1232075                    /lib/x86_64-linux-gnu/libc-2.23.so
7fa710027000-7fa710029000 rw-p 001c4000 08:01 1232075                    /lib/x86_64-linux-gnu/libc-2.23.so
7fa710029000-7fa71002d000 rw-p 00000000 00:00 0 
7fa71002d000-7fa710030000 r-xp 00000000 08:01 1232079                    /lib/x86_64-linux-gnu/libdl-2.23.so
7fa710030000-7fa71022f000 ---p 00003000 08:01 1232079                    /lib/x86_64-linux-gnu/libdl-2.23.so
7fa71022f000-7fa710230000 r--p 00002000 08:01 1232079                    /lib/x86_64-linux-gnu/libdl-2.23.so
7fa710230000-7fa710231000 rw-p 00003000 08:01 1232079                    /lib/x86_64-linux-gnu/libdl-2.23.so
7fa710231000-7fa71023f000 r-xp 00000000 08:01 810237                     /home/lsclike/JDK/jdk-9.0.1/lib/jli/libjli.so
7fa71023f000-7fa71043f000 ---p 0000e000 08:01 810237                     /home/lsclike/JDK/jdk-9.0.1/lib/jli/libjli.so
7fa71043f000-7fa710440000 rw-p 0000e000 08:01 810237                     /home/lsclike/JDK/jdk-9.0.1/lib/jli/libjli.so
7fa710440000-7fa710458000 r-xp 00000000 08:01 1232064                    /lib/x86_64-linux-gnu/libpthread-2.23.so
7fa710458000-7fa710657000 ---p 00018000 08:01 1232064                    /lib/x86_64-linux-gnu/libpthread-2.23.so
7fa710657000-7fa710658000 r--p 00017000 08:01 1232064                    /lib/x86_64-linux-gnu/libpthread-2.23.so
7fa710658000-7fa710659000 rw-p 00018000 08:01 1232064                    /lib/x86_64-linux-gnu/libpthread-2.23.so
7fa710659000-7fa71065d000 rw-p 00000000 00:00 0 
7fa71065d000-7fa710676000 r-xp 00000000 08:01 1185391                    /lib/x86_64-linux-gnu/libz.so.1.2.8
7fa710676000-7fa710875000 ---p 00019000 08:01 1185391                    /lib/x86_64-linux-gnu/libz.so.1.2.8
7fa710875000-7fa710876000 r--p 00018000 08:01 1185391                    /lib/x86_64-linux-gnu/libz.so.1.2.8
7fa710876000-7fa710877000 rw-p 00019000 08:01 1185391                    /lib/x86_64-linux-gnu/libz.so.1.2.8
7fa710877000-7fa71089d000 r-xp 00000000 08:01 1231788                    /lib/x86_64-linux-gnu/ld-2.23.so
7fa7108b8000-7fa7108bf000 r--s 00000000 08:01 572460                     /usr/lib/x86_64-linux-gnu/gconv/gconv-modules.cache
7fa7108bf000-7fa71097f000 rw-p 00000000 00:00 0 
7fa71097f000-7fa710984000 ---p 00000000 00:00 0 
7fa710984000-7fa710a86000 rw-p 00000000 00:00 0 
7fa710a86000-7fa710a8b000 rw-p 00000000 00:00 0 
7fa710a8b000-7fa710a92000 ---p 00000000 00:00 0 
7fa710a92000-7fa710a9a000 rw-s 00000000 08:01 657568                     /tmp/hsperfdata_lsclike/13431
7fa710a9a000-7fa710a9b000 rw-p 00000000 00:00 0 
7fa710a9b000-7fa710a9c000 ---p 00000000 00:00 0 
7fa710a9c000-7fa710a9d000 r--p 00025000 08:01 1231788                    /lib/x86_64-linux-gnu/ld-2.23.so
7fa710a9d000-7fa710a9e000 rw-p 00026000 08:01 1231788                    /lib/x86_64-linux-gnu/ld-2.23.so
7fa710a9e000-7fa710a9f000 rw-p 00000000 00:00 0 
7ffd24053000-7ffd24075000 rw-p 00000000 00:00 0                          [stack]
7ffd24180000-7ffd24183000 r--p 00000000 00:00 0                          [vvar]
7ffd24183000-7ffd24185000 r-xp 00000000 00:00 0                          [vdso]
ffffffffff600000-ffffffffff601000 r-xp 00000000 00:00 0                  [vsyscall]

VM Arguments:
jvm_args: -agentlib:jdwp=transport=dt_socket,address=127.0.0.1:40215,suspend=y,server=n -Dfile.encoding=UTF-8 
java_command: com.Al.questions.chapter1.Inprefixtopostfix
java_class_path (initial): /home/lsclike/IdeaProjects/Algorithm/out/production/Algorithm:/home/lsclike/java_library/algs4.jar:/home/lsclike/java_library/stdlib.jar:/home/lsclike/Java/idea-IU-172.4574.11/lib/idea_rt.jar
Launcher Type: SUN_STANDARD

Logging:
Log output configuration:
#0: stdout all=warning uptime,level,tags
#1: stderr all=off uptime,level,tags

Environment Variables:
PATH=/home/lsclike/.rvm/gems/ruby-2.4.1/bin:/home/lsclike/.rvm/gems/ruby-2.4.1@global/bin:/home/lsclike/.rvm/rubies/ruby-2.4.1/bin:/home/lsclike/node-v8.9.4-linux-x64/bin:/home/lsclike/Java/idea-IU-172.4574.11/bin:/home/lsclike/bin:/home/lsclike/.local/bin:/usr/local/sbin:/usr/local/bin:/usr/sbin:/usr/bin:/sbin:/bin:/usr/games:/usr/local/games:/snap/bin:/home/lsclike/.rvm/bin:/home/lsclike/ruby_ide/RubyMine-2017.2.4/bin
:/home/lsclike/.rvm/bin:/home/lsclike/.rvm/bin
LD_LIBRARY_PATH=/home/lsclike/Java/idea-IU-172.4574.11/bin:
SHELL=/usr/bin/zsh
DISPLAY=:0

Signal Handlers:
SIGSEGV: [libjvm.so+0xd4ce90], sa_mask[0]=11111111011111111101111111111110, sa_flags=SA_RESTART|SA_SIGINFO
SIGBUS: [libjvm.so+0xd4ce90], sa_mask[0]=11111111011111111101111111111110, sa_flags=SA_RESTART|SA_SIGINFO
SIGFPE: [libjvm.so+0xd4ce90], sa_mask[0]=11111111011111111101111111111110, sa_flags=SA_RESTART|SA_SIGINFO
SIGPIPE: [libjvm.so+0xb64460], sa_mask[0]=11111111011111111101111111111110, sa_flags=SA_RESTART|SA_SIGINFO
SIGXFSZ: [libjvm.so+0xb64460], sa_mask[0]=11111111011111111101111111111110, sa_flags=SA_RESTART|SA_SIGINFO
SIGILL: [libjvm.so+0xd4ce90], sa_mask[0]=11111111011111111101111111111110, sa_flags=SA_RESTART|SA_SIGINFO
SIGUSR2: [libjvm.so+0xb64320], sa_mask[0]=00100000000000000000000000000000, sa_flags=SA_RESTART|SA_SIGINFO
SIGHUP: [libjvm.so+0xb64530], sa_mask[0]=11111111011111111101111111111110, sa_flags=SA_RESTART|SA_SIGINFO
SIGINT: [libjvm.so+0xb64530], sa_mask[0]=11111111011111111101111111111110, sa_flags=SA_RESTART|SA_SIGINFO
SIGTERM: [libjvm.so+0xb64530], sa_mask[0]=11111111011111111101111111111110, sa_flags=SA_RESTART|SA_SIGINFO
SIGQUIT: [libjvm.so+0xb64530], sa_mask[0]=11111111011111111101111111111110, sa_flags=SA_RESTART|SA_SIGINFO


---------------  S Y S T E M  ---------------

OS:DISTRIB_ID=Ubuntu
DISTRIB_RELEASE=16.04
DISTRIB_CODENAME=xenial
DISTRIB_DESCRIPTION="Ubuntu 16.04.3 LTS"
uname:Linux 4.13.0-26-generic #29~16.04.2-Ubuntu SMP Tue Jan 9 22:00:44 UTC 2018 x86_64
libc:glibc 2.23 NPTL 2.23 
rlimit: STACK 8192k, CORE 0k, NPROC 31610, NOFILE 1048576, AS infinity
load average:0.74 0.71 0.65

/proc/meminfo:
MemTotal:        8144708 kB
MemFree:          209716 kB
MemAvailable:     307864 kB
Buffers:           19264 kB
Cached:           470540 kB
SwapCached:         2564 kB
Active:          3478152 kB
Inactive:         775436 kB
Active(anon):    3290268 kB
Inactive(anon):   674592 kB
Active(file):     187884 kB
Inactive(file):   100844 kB
Unevictable:         212 kB
Mlocked:             212 kB
SwapTotal:       4191228 kB
SwapFree:        3996144 kB
Dirty:              7724 kB
Writeback:             0 kB
AnonPages:       3761612 kB
Mapped:           354364 kB
Shmem:            200968 kB
Slab:             145472 kB
SReclaimable:      61464 kB
SUnreclaim:        84008 kB
KernelStack:       24016 kB
PageTables:        74292 kB
NFS_Unstable:          0 kB
Bounce:                0 kB
WritebackTmp:          0 kB
CommitLimit:     8263580 kB
Committed_AS:   15963228 kB
VmallocTotal:   34359738367 kB
VmallocUsed:           0 kB
VmallocChunk:          0 kB
HardwareCorrupted:     0 kB
AnonHugePages:         0 kB
ShmemHugePages:        0 kB
ShmemPmdMapped:        0 kB
CmaTotal:              0 kB
CmaFree:               0 kB
HugePages_Total:       0
HugePages_Free:        0
HugePages_Rsvd:        0
HugePages_Surp:        0
Hugepagesize:       2048 kB
DirectMap4k:      200512 kB
DirectMap2M:     7139328 kB
DirectMap1G:     3145728 kB


CPU:total 4 (initial active 4) (2 cores per cpu, 1 threads per core) family 6 model 142 stepping 9, cmov, cx8, fxsr, mmx, sse, sse2, sse3, ssse3, sse4.1, sse4.2, popcnt, avx, avx2, aes, clmul, erms, 3dnowpref, lzcnt, tsc, tscinvbit, bmi1, bmi2, adx, fma
CPU Model and flags from /proc/cpuinfo:
model name	: Intel(R) Core(TM) i5-7200U CPU @ 2.50GHz
flags		: fpu vme de pse tsc msr pae mce cx8 apic sep mtrr pge mca cmov pat pse36 clflush mmx fxsr sse sse2 ss ht syscall nx pdpe1gb rdtscp lm constant_tsc arch_perfmon nopl xtopology tsc_reliable nonstop_tsc cpuid pni pclmulqdq ssse3 fma cx16 pcid sse4_1 sse4_2 x2apic movbe popcnt tsc_deadline_timer aes xsave avx f16c rdrand hypervisor lahf_lm abm 3dnowprefetch cpuid_fault invpcid_single pti fsgsbase tsc_adjust bmi1 avx2 smep bmi2 invpcid mpx rdseed adx smap clflushopt xsaveopt xsavec xsaves arat

Memory: 4k page, physical 8144708k(209716k free), swap 4191228k(3996144k free)

vm_info: Java HotSpot(TM) 64-Bit Server VM (9.0.1+11) for linux-amd64 JRE (9.0.1+11), built on Sep 27 2017 20:48:27 by "mach5one" with gcc 4.9.2

END.
